nohup: ignoring input
✅ 目录结构创建完成 - 分辨率: 512x512
开始数据处理...
📹 帧设置: 输入前20帧 → 预测第25帧（跳过中间4帧）
📏 分辨率: 512x512
✅ 加载了 train 集的 168913 个样本

=== 样本分类结果 ===
move_object: 38500 个样本
  - Pushing [something] from right to left
  - Pushing [something] so that it slightly moves
  - Moving [something] across a surface until it falls down
drop_object: 8765 个样本
  - Dropping [something] in front of [something]
  - Dropping [something] behind [something]
  - Dropping [something] onto [something]
cover_object: 7795 个样本
  - Covering [something] with [something]
  - Covering [something] with [something]
  - Covering [something] with [something]
✅ 加载了 1152 个现有样本
已加载 1152 个现有样本

处理类别: move_object
当前已有 1152 个样本，目标 2500 个
  处理批次 1, 样本 50 个
    [1153/2500] 处理: 200186
    [1154/2500] 处理: 125434
    [1155/2500] 处理: 202601
    [1156/2500] 处理: 115002
    [1157/2500] 处理: 177179
    [1158/2500] 处理: 130823
    [1159/2500] 处理: 171777
    [1160/2500] 处理: 32386
    [1161/2500] 处理: 208138
    [1162/2500] 处理: 161360
    [1163/2500] 处理: 44053
    [1164/2500] 处理: 209248
    [1165/2500] 处理: 186897
    [1166/2500] 处理: 44045
    [1167/2500] 处理: 39905
    [1168/2500] 处理: 152621
    ⚠️  无法提取帧: 152621
    [1168/2500] 处理: 153864
    [1169/2500] 处理: 90470
    [1170/2500] 处理: 33532
    [1171/2500] 处理: 4628
    [1172/2500] 处理: 406
    [1173/2500] 处理: 7283
    [1174/2500] 处理: 46168
    ⚠️  无法提取帧: 46168
    [1174/2500] 处理: 181654
    [1175/2500] 处理: 100441
    [1176/2500] 处理: 132806
    ⚠️  无法提取帧: 132806
    [1176/2500] 处理: 199387
    [1177/2500] 处理: 123180
    [1178/2500] 处理: 220545
    [1179/2500] 处理: 178455
    [1180/2500] 处理: 108331
    [1181/2500] 处理: 46449
    [1182/2500] 处理: 204160
    [1183/2500] 处理: 46648
    [1184/2500] 处理: 17627
    [1185/2500] 处理: 11449
    [1186/2500] 处理: 86784
    [1187/2500] 处理: 66267
    [1188/2500] 处理: 207333
    ⚠️  无法提取帧: 207333
    [1188/2500] 处理: 88647
    [1189/2500] 处理: 154892
    [1190/2500] 处理: 115830
    [1191/2500] 处理: 50771
    ⚠️  无法提取帧: 50771
    [1191/2500] 处理: 28871
    [1192/2500] 处理: 122378
    ⚠️  无法提取帧: 122378
    [1192/2500] 处理: 70313
    [1193/2500] 处理: 87469
    ⚠️  无法提取帧: 87469
    [1193/2500] 处理: 14634
    [1194/2500] 处理: 49474
    [1195/2500] 处理: 75511

✅ 元数据已保存
   总样本数: 1195
   训练集: 956 (80%)
   验证集: 119 (10%)
   测试集: 120 (10%)
   帧设置: 输入前20帧 → 预测第25帧（跳过4帧）
   分辨率: 512x512

=== 数据集类别分布 ===

训练集 (956 个样本):
  move_object: 956 个样本

验证集 (119 个样本):
  move_object: 119 个样本

测试集 (120 个样本):
  move_object: 120 个样本
  处理批次 2, 样本 50 个
    [1196/2500] 处理: 133823
    [1197/2500] 处理: 161040
    [1198/2500] 处理: 22345
    [1199/2500] 处理: 157434
    ⚠️  无法提取帧: 157434
    [1199/2500] 处理: 66270
    [1200/2500] 处理: 81687
    [1201/2500] 处理: 55670
    ⚠️  无法提取帧: 55670
    [1201/2500] 处理: 107462
    [1202/2500] 处理: 183688
    [1203/2500] 处理: 171951
    ⚠️  无法提取帧: 171951
    [1203/2500] 处理: 36737
    [1204/2500] 处理: 181532
    [1205/2500] 处理: 155329
    [1206/2500] 处理: 114517
    [1207/2500] 处理: 210935
    [1208/2500] 处理: 149168
    [1209/2500] 处理: 58218
    [1210/2500] 处理: 174839
    [1211/2500] 处理: 80747
    [1212/2500] 处理: 13237
    [1213/2500] 处理: 83845
    [1214/2500] 处理: 199419
    [1215/2500] 处理: 68541
    [1216/2500] 处理: 46689
    [1217/2500] 处理: 100382
    [1218/2500] 处理: 162136
    ⚠️  无法提取帧: 162136
    [1218/2500] 处理: 98292
    [1219/2500] 处理: 202924
    [1220/2500] 处理: 191848
    ⚠️  无法提取帧: 191848
    [1220/2500] 处理: 82491
    [1221/2500] 处理: 49155
    [1222/2500] 处理: 37988
    [1223/2500] 处理: 53442
    [1224/2500] 处理: 139200
    [1225/2500] 处理: 194211
    [1226/2500] 处理: 45006
    ⚠️  无法提取帧: 45006
    [1226/2500] 处理: 113805
    [1227/2500] 处理: 95072
    [1228/2500] 处理: 196740
    [1229/2500] 处理: 142504
    [1230/2500] 处理: 151529
    [1231/2500] 处理: 19171
    ⚠️  无法提取帧: 19171
    [1231/2500] 处理: 55855
    ⚠️  无法提取帧: 55855
    [1231/2500] 处理: 108431
    [1232/2500] 处理: 117037
    [1233/2500] 处理: 186218
    [1234/2500] 处理: 106271
    [1235/2500] 处理: 214069
    [1236/2500] 处理: 130987
    [1237/2500] 处理: 154623

✅ 元数据已保存
   总样本数: 1237
   训练集: 989 (80%)
   验证集: 123 (10%)
   测试集: 125 (10%)
   帧设置: 输入前20帧 → 预测第25帧（跳过4帧）
   分辨率: 512x512

=== 数据集类别分布 ===

训练集 (989 个样本):
  move_object: 989 个样本

验证集 (123 个样本):
  move_object: 123 个样本

测试集 (125 个样本):
  move_object: 125 个样本
  处理批次 3, 样本 50 个
    [1238/2500] 处理: 147713
    [1239/2500] 处理: 175987
    [1240/2500] 处理: 78961
    [1241/2500] 处理: 214543
    [1242/2500] 处理: 34545
    [1243/2500] 处理: 93889
    [1244/2500] 处理: 212429
    [1245/2500] 处理: 215911
    [1246/2500] 处理: 12291
    [1247/2500] 处理: 2870
    [1248/2500] 处理: 56239
    [1249/2500] 处理: 144113
    [1250/2500] 处理: 15888
    [1251/2500] 处理: 214871
    [1252/2500] 处理: 52891
    [1253/2500] 处理: 122187
    [1254/2500] 处理: 208000
    [1255/2500] 处理: 203027
    [1256/2500] 处理: 65692
    [1257/2500] 处理: 65215
    [1258/2500] 处理: 47518
    [1259/2500] 处理: 87465
    [1260/2500] 处理: 92512
    [1261/2500] 处理: 15325
    [1262/2500] 处理: 110955
    ⚠️  无法提取帧: 110955
    [1262/2500] 处理: 121127
    [1263/2500] 处理: 152385
    [1264/2500] 处理: 47810
    [1265/2500] 处理: 64313
    [1266/2500] 处理: 67475
    [1267/2500] 处理: 700
    [1268/2500] 处理: 56559
    [1269/2500] 处理: 151475
    [1270/2500] 处理: 218416
    [1271/2500] 处理: 127052
    [1272/2500] 处理: 103679
    ⚠️  无法提取帧: 103679
    [1272/2500] 处理: 49008
    ⚠️  无法提取帧: 49008
    [1272/2500] 处理: 90726
    [1273/2500] 处理: 217042
    [1274/2500] 处理: 22300
    [1275/2500] 处理: 57854
    ⚠️  无法提取帧: 57854
    [1275/2500] 处理: 83761
    [1276/2500] 处理: 81291
    [1277/2500] 处理: 46027
    ⚠️  无法提取帧: 46027
    [1277/2500] 处理: 121338
    [1278/2500] 处理: 204736
    [1279/2500] 处理: 138775
    [1280/2500] 处理: 188517
    [1281/2500] 处理: 43227
    [1282/2500] 处理: 98587
    ⚠️  无法提取帧: 98587

✅ 元数据已保存
   总样本数: 1281
   训练集: 1024 (80%)
   验证集: 128 (10%)
   测试集: 129 (10%)
   帧设置: 输入前20帧 → 预测第25帧（跳过4帧）
   分辨率: 512x512

=== 数据集类别分布 ===

训练集 (1024 个样本):
  move_object: 1024 个样本

验证集 (128 个样本):
  move_object: 128 个样本

测试集 (129 个样本):
  move_object: 129 个样本
  处理批次 4, 样本 50 个
    [1282/2500] 处理: 103734
    [1283/2500] 处理: 14554
    [1284/2500] 处理: 87888
    [1285/2500] 处理: 46324
    [1286/2500] 处理: 191353
    [1287/2500] 处理: 193684
    [1288/2500] 处理: 10824
    ⚠️  无法提取帧: 10824
    [1288/2500] 处理: 76982
    [1289/2500] 处理: 101380
    ⚠️  无法提取帧: 101380
    [1289/2500] 处理: 218138
    [1290/2500] 处理: 165038
    [1291/2500] 处理: 75026
    ⚠️  无法提取帧: 75026
    [1291/2500] 处理: 208227
    [1292/2500] 处理: 27559
    ⚠️  无法提取帧: 27559
    [1292/2500] 处理: 188486
    [1293/2500] 处理: 177414
    [1294/2500] 处理: 93194
    [1295/2500] 处理: 111480
    [1296/2500] 处理: 38698
    [1297/2500] 处理: 63995
    [1298/2500] 处理: 93874
    [1299/2500] 处理: 147732
    [1300/2500] 处理: 74562
    [1301/2500] 处理: 152172
    [1302/2500] 处理: 104935
    [1303/2500] 处理: 130998
    [1304/2500] 处理: 49509
    ⚠️  无法提取帧: 49509
    [1304/2500] 处理: 60175
    [1305/2500] 处理: 41977
    [1306/2500] 处理: 3376
    [1307/2500] 处理: 144682
    [1308/2500] 处理: 26102
    [1309/2500] 处理: 185844
    ⚠️  无法提取帧: 185844
    [1309/2500] 处理: 162588
    [1310/2500] 处理: 180898
    [1311/2500] 处理: 161763
    [1312/2500] 处理: 130835
    [1313/2500] 处理: 80428
    [1314/2500] 处理: 220352
    [1315/2500] 处理: 165621
    [1316/2500] 处理: 58176
    [1317/2500] 处理: 40666
    [1318/2500] 处理: 85819
    [1319/2500] 处理: 142106
    [1320/2500] 处理: 12761
    [1321/2500] 处理: 56823
    [1322/2500] 处理: 155924
    [1323/2500] 处理: 5914
    [1324/2500] 处理: 211956
    [1325/2500] 处理: 14625

✅ 元数据已保存
   总样本数: 1325
   训练集: 1060 (80%)
   验证集: 132 (10%)
   测试集: 133 (10%)
   帧设置: 输入前20帧 → 预测第25帧（跳过4帧）
   分辨率: 512x512

=== 数据集类别分布 ===

训练集 (1060 个样本):
  move_object: 1060 个样本

验证集 (132 个样本):
  move_object: 132 个样本

测试集 (133 个样本):
  move_object: 133 个样本
  处理批次 5, 样本 50 个
    [1326/2500] 处理: 20982
    [1327/2500] 处理: 195960
    [1328/2500] 处理: 11902
    [1329/2500] 处理: 67060
    [1330/2500] 处理: 111713
    [1331/2500] 处理: 20669
    [1332/2500] 处理: 91337
    [1333/2500] 处理: 211131
    [1334/2500] 处理: 190120
    [1335/2500] 处理: 98003
    [1336/2500] 处理: 133852
    [1337/2500] 处理: 132322
    [1338/2500] 处理: 163956
    [1339/2500] 处理: 58852
    [1340/2500] 处理: 190083
    [1341/2500] 处理: 150723
    ⚠️  无法提取帧: 150723
    [1341/2500] 处理: 17169
    [1342/2500] 处理: 197930
    ⚠️  无法提取帧: 197930
    [1342/2500] 处理: 43533
    [1343/2500] 处理: 53733
    ⚠️  无法提取帧: 53733
    [1343/2500] 处理: 183778
    [1344/2500] 处理: 32924
    [1345/2500] 处理: 7581
    [1346/2500] 处理: 50818
    [1347/2500] 处理: 72432
    [1348/2500] 处理: 89155
    [1349/2500] 处理: 122057
    [1350/2500] 处理: 81965
    [1351/2500] 处理: 87311
    [1352/2500] 处理: 93297
    [1353/2500] 处理: 129245
    [1354/2500] 处理: 127916
    ⚠️  无法提取帧: 127916
    [1354/2500] 处理: 216896
    [1355/2500] 处理: 101027
    [1356/2500] 处理: 87421
    [1357/2500] 处理: 179858
    [1358/2500] 处理: 196081
    [1359/2500] 处理: 14861
    [1360/2500] 处理: 167066
    [1361/2500] 处理: 106602
    [1362/2500] 处理: 210901
    [1363/2500] 处理: 104192
    [1364/2500] 处理: 80112
    [1365/2500] 处理: 22584
    [1366/2500] 处理: 137177
    [1367/2500] 处理: 61973
    [1368/2500] 处理: 164114
    [1369/2500] 处理: 175675
    [1370/2500] 处理: 193520
    [1371/2500] 处理: 218868
    ⚠️  无法提取帧: 218868

✅ 元数据已保存
   总样本数: 1370
   训练集: 1096 (80%)
   验证集: 137 (10%)
   测试集: 137 (10%)
   帧设置: 输入前20帧 → 预测第25帧（跳过4帧）
   分辨率: 512x512

=== 数据集类别分布 ===

训练集 (1096 个样本):
  move_object: 1096 个样本

验证集 (137 个样本):
  move_object: 137 个样本

测试集 (137 个样本):
  move_object: 137 个样本
  处理批次 6, 样本 50 个
    [1371/2500] 处理: 114514
    [1372/2500] 处理: 173453
    [1373/2500] 处理: 138333
    [1374/2500] 处理: 97403
    [1375/2500] 处理: 47775
    [1376/2500] 处理: 22319
    [1377/2500] 处理: 83930
    ⚠️  无法提取帧: 83930
    [1377/2500] 处理: 130313
    [1378/2500] 处理: 167077
    [1379/2500] 处理: 56515
    [1380/2500] 处理: 205464
    [1381/2500] 处理: 41756
    [1382/2500] 处理: 132533
    [1383/2500] 处理: 162697
    [1384/2500] 处理: 30570
    [1385/2500] 处理: 16421
    [1386/2500] 处理: 85461
    [1387/2500] 处理: 12151
    [1388/2500] 处理: 144174
    [1389/2500] 处理: 220189
    [1390/2500] 处理: 172896
    [1391/2500] 处理: 70150
    [1392/2500] 处理: 27716
    [1393/2500] 处理: 95211
    [1394/2500] 处理: 43870
    [1395/2500] 处理: 59446
    [1396/2500] 处理: 88830
    [1397/2500] 处理: 35603
    [1398/2500] 处理: 61429
    [1399/2500] 处理: 174233
    [1400/2500] 处理: 204850
    [1401/2500] 处理: 139645
    [1402/2500] 处理: 218692
    [1403/2500] 处理: 78857
    [1404/2500] 处理: 94140
    [1405/2500] 处理: 6351
    [1406/2500] 处理: 160316
    [1407/2500] 处理: 194189
    [1408/2500] 处理: 71936
    [1409/2500] 处理: 119879
    [1410/2500] 处理: 46631
    [1411/2500] 处理: 132476
    ⚠️  无法提取帧: 132476
    [1411/2500] 处理: 155674
    [1412/2500] 处理: 2827
    ⚠️  无法提取帧: 2827
    [1412/2500] 处理: 112800
    [1413/2500] 处理: 76321
    [1414/2500] 处理: 186272
    [1415/2500] 处理: 21944
    ⚠️  无法提取帧: 21944
    [1415/2500] 处理: 220546
    [1416/2500] 处理: 219002

✅ 元数据已保存
   总样本数: 1416
   训练集: 1132 (80%)
   验证集: 141 (10%)
   测试集: 143 (10%)
   帧设置: 输入前20帧 → 预测第25帧（跳过4帧）
   分辨率: 512x512

=== 数据集类别分布 ===

训练集 (1132 个样本):
  move_object: 1132 个样本

验证集 (141 个样本):
  move_object: 141 个样本

测试集 (143 个样本):
  move_object: 143 个样本
  处理批次 7, 样本 50 个
    [1417/2500] 处理: 209004
    [1418/2500] 处理: 79668
    [1419/2500] 处理: 30262
    ⚠️  无法提取帧: 30262
    [1419/2500] 处理: 188516
    [1420/2500] 处理: 89150
    [1421/2500] 处理: 83888
    ⚠️  无法提取帧: 83888
    [1421/2500] 处理: 61775
    [1422/2500] 处理: 34020
    [1423/2500] 处理: 162254
    [1424/2500] 处理: 41028
    [1425/2500] 处理: 59964
    [1426/2500] 处理: 203249
    ⚠️  无法提取帧: 203249
    [1426/2500] 处理: 181796
    [1427/2500] 处理: 148950
    [1428/2500] 处理: 216667
    [1429/2500] 处理: 125503
    [1430/2500] 处理: 172673
    [1431/2500] 处理: 188088
    ⚠️  无法提取帧: 188088
    [1431/2500] 处理: 198519
    [1432/2500] 处理: 16343
    [1433/2500] 处理: 68562
    [1434/2500] 处理: 123143
    [1435/2500] 处理: 218753
    [1436/2500] 处理: 12233
    [1437/2500] 处理: 210584
    [1438/2500] 处理: 38621
    [1439/2500] 处理: 124235
    [1440/2500] 处理: 125528
    ⚠️  无法提取帧: 125528
    [1440/2500] 处理: 109981
    [1441/2500] 处理: 123985
    [1442/2500] 处理: 124511
    [1443/2500] 处理: 42586
    [1444/2500] 处理: 164038
    [1445/2500] 处理: 8964
    [1446/2500] 处理: 151661
    [1447/2500] 处理: 12037
    ⚠️  无法提取帧: 12037
    [1447/2500] 处理: 218686
    ⚠️  无法提取帧: 218686
    [1447/2500] 处理: 191914
    [1448/2500] 处理: 121162
    [1449/2500] 处理: 23392
    [1450/2500] 处理: 81938
    ⚠️  无法提取帧: 81938
    [1450/2500] 处理: 212444
    [1451/2500] 处理: 101832
    [1452/2500] 处理: 164088
    [1453/2500] 处理: 33603
    ⚠️  无法提取帧: 33603
    [1453/2500] 处理: 75463
    [1454/2500] 处理: 176034
    [1455/2500] 处理: 160458
    [1456/2500] 处理: 125714
    [1457/2500] 处理: 9598

✅ 元数据已保存
   总样本数: 1457
   训练集: 1165 (80%)
   验证集: 145 (10%)
   测试集: 147 (10%)
   帧设置: 输入前20帧 → 预测第25帧（跳过4帧）
   分辨率: 512x512

=== 数据集类别分布 ===

训练集 (1165 个样本):
  move_object: 1165 个样本

验证集 (145 个样本):
  move_object: 145 个样本

测试集 (147 个样本):
  move_object: 147 个样本
  处理批次 8, 样本 50 个
    [1458/2500] 处理: 70373
    [1459/2500] 处理: 197512
    [1460/2500] 处理: 119912
    [1461/2500] 处理: 70339
    [1462/2500] 处理: 195044
    [1463/2500] 处理: 189967
    [1464/2500] 处理: 199845
    ⚠️  无法提取帧: 199845
    [1464/2500] 处理: 29217
    ⚠️  无法提取帧: 29217
    [1464/2500] 处理: 200060
    [1465/2500] 处理: 23376
    [1466/2500] 处理: 65755
    ⚠️  无法提取帧: 65755
    [1466/2500] 处理: 35945
    ⚠️  无法提取帧: 35945
    [1466/2500] 处理: 177035
    [1467/2500] 处理: 155403
    ⚠️  无法提取帧: 155403
    [1467/2500] 处理: 13078
    [1468/2500] 处理: 137076
    [1469/2500] 处理: 212987
    [1470/2500] 处理: 88788
    [1471/2500] 处理: 167154
    ⚠️  无法提取帧: 167154
    [1471/2500] 处理: 70014
    [1472/2500] 处理: 29754
    ⚠️  无法提取帧: 29754
    [1472/2500] 处理: 135286
    [1473/2500] 处理: 213925
    [1474/2500] 处理: 213652
    [1475/2500] 处理: 144613
    [1476/2500] 处理: 28721
    ⚠️  无法提取帧: 28721
    [1476/2500] 处理: 137658
    [1477/2500] 处理: 172202
    [1478/2500] 处理: 32869
    [1479/2500] 处理: 66639
    [1480/2500] 处理: 157658
    [1481/2500] 处理: 171584
    [1482/2500] 处理: 47023
    [1483/2500] 处理: 55355
    [1484/2500] 处理: 214310
    ⚠️  无法提取帧: 214310
    [1484/2500] 处理: 46239
    ⚠️  无法提取帧: 46239
    [1484/2500] 处理: 185390
    [1485/2500] 处理: 139122
    [1486/2500] 处理: 75066
    [1487/2500] 处理: 106573
    [1488/2500] 处理: 38307
    [1489/2500] 处理: 169677
    [1490/2500] 处理: 200806
    [1491/2500] 处理: 185262
    [1492/2500] 处理: 10583
    ⚠️  无法提取帧: 10583
    [1492/2500] 处理: 36540
    [1493/2500] 处理: 40870
    ⚠️  无法提取帧: 40870
    [1493/2500] 处理: 204932
    [1494/2500] 处理: 48491
    [1495/2500] 处理: 210990

✅ 元数据已保存
   总样本数: 1495
   训练集: 1196 (80%)
   验证集: 149 (10%)
   测试集: 150 (10%)
   帧设置: 输入前20帧 → 预测第25帧（跳过4帧）
   分辨率: 512x512

=== 数据集类别分布 ===

训练集 (1196 个样本):
  move_object: 1196 个样本

验证集 (149 个样本):
  move_object: 149 个样本

测试集 (150 个样本):
  move_object: 150 个样本
  处理批次 9, 样本 50 个
    [1496/2500] 处理: 134195
    [1497/2500] 处理: 147133
    [1498/2500] 处理: 211680
    [1499/2500] 处理: 83985
    ⚠️  无法提取帧: 83985
    [1499/2500] 处理: 16300
    [1500/2500] 处理: 177841
    [1501/2500] 处理: 196604
    [1502/2500] 处理: 58871
    [1503/2500] 处理: 116860
    [1504/2500] 处理: 196493
    [1505/2500] 处理: 177453
    [1506/2500] 处理: 171683
    [1507/2500] 处理: 127222
    [1508/2500] 处理: 193157
    [1509/2500] 处理: 74818
    [1510/2500] 处理: 113174
    [1511/2500] 处理: 118169
    ⚠️  无法提取帧: 118169
    [1511/2500] 处理: 90972
    [1512/2500] 处理: 44749
    [1513/2500] 处理: 30929
    [1514/2500] 处理: 85060
    [1515/2500] 处理: 110384
    [1516/2500] 处理: 95011
    [1517/2500] 处理: 50392
    [1518/2500] 处理: 56972
    [1519/2500] 处理: 119259
    [1520/2500] 处理: 52411
    [1521/2500] 处理: 181371
    [1522/2500] 处理: 56759
    [1523/2500] 处理: 13291
    [1524/2500] 处理: 215494
    [1525/2500] 处理: 185668
    [1526/2500] 处理: 193114
    [1527/2500] 处理: 25035
    ⚠️  无法提取帧: 25035
    [1527/2500] 处理: 166715
    [1528/2500] 处理: 37430
    [1529/2500] 处理: 156831
    ⚠️  无法提取帧: 156831
    [1529/2500] 处理: 215798
    [1530/2500] 处理: 106716
    [1531/2500] 处理: 3484
    [1532/2500] 处理: 86376
    [1533/2500] 处理: 41021
    [1534/2500] 处理: 114825
    ⚠️  无法提取帧: 114825
    [1534/2500] 处理: 10684
    [1535/2500] 处理: 16993
    [1536/2500] 处理: 137381
    [1537/2500] 处理: 152152
    [1538/2500] 处理: 12784
    [1539/2500] 处理: 23625
    [1540/2500] 处理: 117060

✅ 元数据已保存
   总样本数: 1540
   训练集: 1232 (80%)
   验证集: 154 (10%)
   测试集: 154 (10%)
   帧设置: 输入前20帧 → 预测第25帧（跳过4帧）
   分辨率: 512x512

=== 数据集类别分布 ===

训练集 (1232 个样本):
  move_object: 1232 个样本

验证集 (154 个样本):
  move_object: 154 个样本

测试集 (154 个样本):
  move_object: 154 个样本
  处理批次 10, 样本 50 个
    [1541/2500] 处理: 100305
    [1542/2500] 处理: 21001
    [1543/2500] 处理: 164667
    [1544/2500] 处理: 42392
    [1545/2500] 处理: 103015
    [1546/2500] 处理: 70762
    ⚠️  无法提取帧: 70762
    [1546/2500] 处理: 33145
    [1547/2500] 处理: 113211
    [1548/2500] 处理: 59270
    [1549/2500] 处理: 215377
    [1550/2500] 处理: 63018
    [1551/2500] 处理: 30827
    [1552/2500] 处理: 153399
    [1553/2500] 处理: 165308
    ⚠️  无法提取帧: 165308
    [1553/2500] 处理: 31004
    [1554/2500] 处理: 185011
    [1555/2500] 处理: 202888
    [1556/2500] 处理: 215535
    [1557/2500] 处理: 125338
    [1558/2500] 处理: 11424
    [1559/2500] 处理: 117447
    [1560/2500] 处理: 133447
    [1561/2500] 处理: 173022
    ⚠️  无法提取帧: 173022
    [1561/2500] 处理: 169208
    [1562/2500] 处理: 3336
    [1563/2500] 处理: 219538
    [1564/2500] 处理: 73937
    ⚠️  无法提取帧: 73937
    [1564/2500] 处理: 12864
    [1565/2500] 处理: 169577
    [1566/2500] 处理: 215103
    [1567/2500] 处理: 201083
    [1568/2500] 处理: 8710
    [1569/2500] 处理: 54372
    [1570/2500] 处理: 143840
    [1571/2500] 处理: 137705
    [1572/2500] 处理: 97335
    [1573/2500] 处理: 119240
    [1574/2500] 处理: 58684
    [1575/2500] 处理: 176480
    [1576/2500] 处理: 187521
    [1577/2500] 处理: 88685
    [1578/2500] 处理: 4642
    [1579/2500] 处理: 28309
    [1580/2500] 处理: 24186
    [1581/2500] 处理: 147147
    [1582/2500] 处理: 69275
    [1583/2500] 处理: 18879
    [1584/2500] 处理: 154343
    [1585/2500] 处理: 46787
    [1586/2500] 处理: 59345

✅ 元数据已保存
   总样本数: 1586
   训练集: 1268 (80%)
   验证集: 158 (10%)
   测试集: 160 (10%)
   帧设置: 输入前20帧 → 预测第25帧（跳过4帧）
   分辨率: 512x512

=== 数据集类别分布 ===

训练集 (1268 个样本):
  move_object: 1268 个样本

验证集 (158 个样本):
  move_object: 158 个样本

测试集 (160 个样本):
  move_object: 160 个样本
  处理批次 11, 样本 50 个
    [1587/2500] 处理: 107663
    [1588/2500] 处理: 26891
    ⚠️  无法提取帧: 26891
    [1588/2500] 处理: 156214
    [1589/2500] 处理: 143610
    [1590/2500] 处理: 143699
    ⚠️  无法提取帧: 143699
    [1590/2500] 处理: 122785
    [1591/2500] 处理: 145498
    [1592/2500] 处理: 32189
    [1593/2500] 处理: 90614
    [1594/2500] 处理: 54286
    [1595/2500] 处理: 138463
    [1596/2500] 处理: 159368
    [1597/2500] 处理: 2038
    [1598/2500] 处理: 6985
    [1599/2500] 处理: 166121
    [1600/2500] 处理: 119659
    [1601/2500] 处理: 126175
    [1602/2500] 处理: 17568
    [1603/2500] 处理: 140098
    [1604/2500] 处理: 23762
    [1605/2500] 处理: 100918
    [1606/2500] 处理: 199842
    [1607/2500] 处理: 50167
    [1608/2500] 处理: 89890
    [1609/2500] 处理: 79144
    [1610/2500] 处理: 57434
    [1611/2500] 处理: 109547
    [1612/2500] 处理: 19026
    ⚠️  无法提取帧: 19026
    [1612/2500] 处理: 134900
    [1613/2500] 处理: 133293
    [1614/2500] 处理: 34342
    ⚠️  无法提取帧: 34342
    [1614/2500] 处理: 187261
    [1615/2500] 处理: 73909
    [1616/2500] 处理: 33771
    [1617/2500] 处理: 218006
    [1618/2500] 处理: 124367
    [1619/2500] 处理: 215701
    [1620/2500] 处理: 218863
    [1621/2500] 处理: 109220
    [1622/2500] 处理: 135436
    [1623/2500] 处理: 207904
    [1624/2500] 处理: 156536
    [1625/2500] 处理: 12907
    [1626/2500] 处理: 7341
    [1627/2500] 处理: 212756
    [1628/2500] 处理: 203274
    ⚠️  无法提取帧: 203274
    [1628/2500] 处理: 119270
    [1629/2500] 处理: 153354
    [1630/2500] 处理: 99858
    [1631/2500] 处理: 97883

✅ 元数据已保存
   总样本数: 1631
   训练集: 1304 (80%)
   验证集: 163 (10%)
   测试集: 164 (10%)
   帧设置: 输入前20帧 → 预测第25帧（跳过4帧）
   分辨率: 512x512

=== 数据集类别分布 ===

训练集 (1304 个样本):
  move_object: 1304 个样本

验证集 (163 个样本):
  move_object: 163 个样本

测试集 (164 个样本):
  move_object: 164 个样本
  处理批次 12, 样本 50 个
    [1632/2500] 处理: 203050
    [1633/2500] 处理: 51841
    [1634/2500] 处理: 168821
    [1635/2500] 处理: 76788
    [1636/2500] 处理: 155821
    [1637/2500] 处理: 149260
    [1638/2500] 处理: 5358
    [1639/2500] 处理: 197125
    [1640/2500] 处理: 206378
    [1641/2500] 处理: 50001
    [1642/2500] 处理: 144445
    [1643/2500] 处理: 109471
    [1644/2500] 处理: 98607
    ⚠️  无法提取帧: 98607
    [1644/2500] 处理: 203892
    [1645/2500] 处理: 10546
    [1646/2500] 处理: 120412
    [1647/2500] 处理: 137508
    [1648/2500] 处理: 41630
    [1649/2500] 处理: 14757
    [1650/2500] 处理: 21350
    [1651/2500] 处理: 63906
    [1652/2500] 处理: 184781
    [1653/2500] 处理: 177911
    [1654/2500] 处理: 107265
    [1655/2500] 处理: 94206
    [1656/2500] 处理: 107615
    [1657/2500] 处理: 138830
    ⚠️  无法提取帧: 138830
    [1657/2500] 处理: 166941
    [1658/2500] 处理: 27691
    [1659/2500] 处理: 59649
    [1660/2500] 处理: 179458
    [1661/2500] 处理: 378
    [1662/2500] 处理: 79094
    [1663/2500] 处理: 5762
    [1664/2500] 处理: 101743
    [1665/2500] 处理: 171913
    [1666/2500] 处理: 105471
    [1667/2500] 处理: 51176
    [1668/2500] 处理: 205020
    [1669/2500] 处理: 15640
    [1670/2500] 处理: 220840
    [1671/2500] 处理: 199185
    [1672/2500] 处理: 172209
    [1673/2500] 处理: 75856
    [1674/2500] 处理: 136862
    [1675/2500] 处理: 16706
    [1676/2500] 处理: 66937
    [1677/2500] 处理: 151369
    [1678/2500] 处理: 79031
    [1679/2500] 处理: 160669

✅ 元数据已保存
   总样本数: 1679
   训练集: 1343 (80%)
   验证集: 167 (10%)
   测试集: 169 (10%)
   帧设置: 输入前20帧 → 预测第25帧（跳过4帧）
   分辨率: 512x512

=== 数据集类别分布 ===

训练集 (1343 个样本):
  move_object: 1343 个样本

验证集 (167 个样本):
  move_object: 167 个样本

测试集 (169 个样本):
  move_object: 169 个样本
  处理批次 13, 样本 50 个
    [1680/2500] 处理: 218195
    [1681/2500] 处理: 132015
    [1682/2500] 处理: 71631
    [1683/2500] 处理: 11133
    [1684/2500] 处理: 204075
    [1685/2500] 处理: 206487
    [1686/2500] 处理: 53529
    [1687/2500] 处理: 69733
    [1688/2500] 处理: 159179
    [1689/2500] 处理: 35282
    [1690/2500] 处理: 70688
    [1691/2500] 处理: 171959
    [1692/2500] 处理: 117428
    [1693/2500] 处理: 189760
    [1694/2500] 处理: 20638
    [1695/2500] 处理: 121661
    ⚠️  无法提取帧: 121661
    [1695/2500] 处理: 140428
    [1696/2500] 处理: 162137
    [1697/2500] 处理: 109622
    [1698/2500] 处理: 132284
    [1699/2500] 处理: 188294
    ⚠️  无法提取帧: 188294
    [1699/2500] 处理: 176776
    [1700/2500] 处理: 99463
    [1701/2500] 处理: 130171
    ⚠️  无法提取帧: 130171
    [1701/2500] 处理: 117548
    [1702/2500] 处理: 54726
    ⚠️  无法提取帧: 54726
    [1702/2500] 处理: 206064
    [1703/2500] 处理: 70657
    [1704/2500] 处理: 109823
    [1705/2500] 处理: 154766
    [1706/2500] 处理: 24040
    [1707/2500] 处理: 165814
    [1708/2500] 处理: 105751
    [1709/2500] 处理: 188973
    [1710/2500] 处理: 169064
    [1711/2500] 处理: 16868
    [1712/2500] 处理: 132999
    ⚠️  无法提取帧: 132999
    [1712/2500] 处理: 64625
    [1713/2500] 处理: 24368
    [1714/2500] 处理: 117261
    [1715/2500] 处理: 44603
    [1716/2500] 处理: 36397
    [1717/2500] 处理: 190510
    [1718/2500] 处理: 50340
    [1719/2500] 处理: 13121
    ⚠️  无法提取帧: 13121
    [1719/2500] 处理: 137403
    [1720/2500] 处理: 188524
    [1721/2500] 处理: 167357
    [1722/2500] 处理: 35996
    [1723/2500] 处理: 54383

✅ 元数据已保存
   总样本数: 1723
   训练集: 1378 (80%)
   验证集: 172 (10%)
   测试集: 173 (10%)
   帧设置: 输入前20帧 → 预测第25帧（跳过4帧）
   分辨率: 512x512

=== 数据集类别分布 ===

训练集 (1378 个样本):
  move_object: 1378 个样本

验证集 (172 个样本):
  move_object: 172 个样本

测试集 (173 个样本):
  move_object: 173 个样本
  处理批次 14, 样本 50 个
    [1724/2500] 处理: 177425
    [1725/2500] 处理: 173814
    [1726/2500] 处理: 78194
    [1727/2500] 处理: 133968
    [1728/2500] 处理: 94628
    [1729/2500] 处理: 68035
    [1730/2500] 处理: 100733
    ⚠️  无法提取帧: 100733
    [1730/2500] 处理: 63403
    [1731/2500] 处理: 97362
    ⚠️  无法提取帧: 97362
    [1731/2500] 处理: 116104
    [1732/2500] 处理: 111955
    [1733/2500] 处理: 53676
    [1734/2500] 处理: 127998
    [1735/2500] 处理: 20418
    [1736/2500] 处理: 9012
    [1737/2500] 处理: 121959
    [1738/2500] 处理: 9290
    [1739/2500] 处理: 220809
    ⚠️  无法提取帧: 220809
    [1739/2500] 处理: 55960
    [1740/2500] 处理: 75087
    [1741/2500] 处理: 211533
    [1742/2500] 处理: 134330
    [1743/2500] 处理: 128361
    [1744/2500] 处理: 158832
    [1745/2500] 处理: 44171
    [1746/2500] 处理: 139986
    [1747/2500] 处理: 127406
    [1748/2500] 处理: 13031
    ⚠️  无法提取帧: 13031
    [1748/2500] 处理: 211043
    [1749/2500] 处理: 46756
    [1750/2500] 处理: 116127
    [1751/2500] 处理: 98505
    [1752/2500] 处理: 14244
    [1753/2500] 处理: 114033
    [1754/2500] 处理: 35145
    [1755/2500] 处理: 90372
    [1756/2500] 处理: 119571
    [1757/2500] 处理: 183037
    [1758/2500] 处理: 72434
    [1759/2500] 处理: 181447
    [1760/2500] 处理: 123474
    [1761/2500] 处理: 189178
    [1762/2500] 处理: 213346
    [1763/2500] 处理: 45969
    [1764/2500] 处理: 30065
    [1765/2500] 处理: 73253
    [1766/2500] 处理: 175090
    [1767/2500] 处理: 204946
    [1768/2500] 处理: 26471
    [1769/2500] 处理: 93032

✅ 元数据已保存
   总样本数: 1769
   训练集: 1415 (80%)
   验证集: 176 (10%)
   测试集: 178 (10%)
   帧设置: 输入前20帧 → 预测第25帧（跳过4帧）
   分辨率: 512x512

=== 数据集类别分布 ===

训练集 (1415 个样本):
  move_object: 1415 个样本

验证集 (176 个样本):
  move_object: 176 个样本

测试集 (178 个样本):
  move_object: 178 个样本
  处理批次 15, 样本 50 个
    [1770/2500] 处理: 98134
    [1771/2500] 处理: 189184
    [1772/2500] 处理: 179559
    [1773/2500] 处理: 195797
    [1774/2500] 处理: 129473
    [1775/2500] 处理: 134255
    [1776/2500] 处理: 120672
    [1777/2500] 处理: 22083
    ⚠️  无法提取帧: 22083
    [1777/2500] 处理: 150919
    [1778/2500] 处理: 77609
    [1779/2500] 处理: 97225
    [1780/2500] 处理: 176220
    [1781/2500] 处理: 210452
    [1782/2500] 处理: 153621
    [1783/2500] 处理: 167437
    [1784/2500] 处理: 106987
    [1785/2500] 处理: 117196
    [1786/2500] 处理: 4062
    [1787/2500] 处理: 71145
    ⚠️  无法提取帧: 71145
    [1787/2500] 处理: 26299
    [1788/2500] 处理: 37286
    [1789/2500] 处理: 59550
    [1790/2500] 处理: 28902
    [1791/2500] 处理: 106935
    [1792/2500] 处理: 150205
    [1793/2500] 处理: 216154
    [1794/2500] 处理: 114556
    [1795/2500] 处理: 205508
    [1796/2500] 处理: 94129
    [1797/2500] 处理: 14238
    [1798/2500] 处理: 46369
    [1799/2500] 处理: 18134
    [1800/2500] 处理: 182772
    [1801/2500] 处理: 62824
    [1802/2500] 处理: 8429
    [1803/2500] 处理: 106564
    [1804/2500] 处理: 178591
    [1805/2500] 处理: 133131
    [1806/2500] 处理: 138845
    ⚠️  无法提取帧: 138845
    [1806/2500] 处理: 182712
    [1807/2500] 处理: 63669
    [1808/2500] 处理: 120698
    ⚠️  无法提取帧: 120698
    [1808/2500] 处理: 180438
    [1809/2500] 处理: 185791
    [1810/2500] 处理: 102033
    [1811/2500] 处理: 211210
    [1812/2500] 处理: 179787
    [1813/2500] 处理: 86253
    [1814/2500] 处理: 219244
    [1815/2500] 处理: 147613

✅ 元数据已保存
   总样本数: 1815
   训练集: 1452 (80%)
   验证集: 181 (10%)
   测试集: 182 (10%)
   帧设置: 输入前20帧 → 预测第25帧（跳过4帧）
   分辨率: 512x512

=== 数据集类别分布 ===

训练集 (1452 个样本):
  move_object: 1452 个样本

验证集 (181 个样本):
  move_object: 181 个样本

测试集 (182 个样本):
  move_object: 182 个样本
  处理批次 16, 样本 50 个
    [1816/2500] 处理: 83966
    [1817/2500] 处理: 204613
    [1818/2500] 处理: 183615
    ⚠️  无法提取帧: 183615
    [1818/2500] 处理: 122356
    [1819/2500] 处理: 124859
    [1820/2500] 处理: 148134
    [1821/2500] 处理: 169446
    [1822/2500] 处理: 60914
    [1823/2500] 处理: 115634
    [1824/2500] 处理: 204383
    ⚠️  无法提取帧: 204383
    [1824/2500] 处理: 105690
    [1825/2500] 处理: 114104
    [1826/2500] 处理: 146917
    [1827/2500] 处理: 92562
    [1828/2500] 处理: 141961
    [1829/2500] 处理: 133367
    [1830/2500] 处理: 37321
    [1831/2500] 处理: 40703
    ⚠️  无法提取帧: 40703
    [1831/2500] 处理: 94883
    [1832/2500] 处理: 168046
    [1833/2500] 处理: 92941
    [1834/2500] 处理: 26472
    [1835/2500] 处理: 97441
    [1836/2500] 处理: 109143
    [1837/2500] 处理: 122432
    [1838/2500] 处理: 167720
    [1839/2500] 处理: 205784
    [1840/2500] 处理: 65741
    [1841/2500] 处理: 187766
    [1842/2500] 处理: 139715
    [1843/2500] 处理: 179968
    [1844/2500] 处理: 93736
    [1845/2500] 处理: 45045
    [1846/2500] 处理: 102760
    [1847/2500] 处理: 212537
    [1848/2500] 处理: 182403
    [1849/2500] 处理: 195996
    [1850/2500] 处理: 40644
    ⚠️  无法提取帧: 40644
    [1850/2500] 处理: 74232
    [1851/2500] 处理: 29320
    [1852/2500] 处理: 217515
    [1853/2500] 处理: 35259
    [1854/2500] 处理: 150603
    [1855/2500] 处理: 198849
    [1856/2500] 处理: 47118
    [1857/2500] 处理: 176690
    [1858/2500] 处理: 379
    [1859/2500] 处理: 66046
    ⚠️  无法提取帧: 66046
    [1859/2500] 处理: 212960
    [1860/2500] 处理: 199440

✅ 元数据已保存
   总样本数: 1860
   训练集: 1488 (80%)
   验证集: 186 (10%)
   测试集: 186 (10%)
   帧设置: 输入前20帧 → 预测第25帧（跳过4帧）
   分辨率: 512x512

=== 数据集类别分布 ===

训练集 (1488 个样本):
  move_object: 1488 个样本

验证集 (186 个样本):
  move_object: 186 个样本

测试集 (186 个样本):
  move_object: 186 个样本
  处理批次 17, 样本 50 个
    [1861/2500] 处理: 26678
    ⚠️  无法提取帧: 26678
    [1861/2500] 处理: 32892
    [1862/2500] 处理: 133269
    [1863/2500] 处理: 187582
    [1864/2500] 处理: 105595
    [1865/2500] 处理: 58685
    [1866/2500] 处理: 98388
    [1867/2500] 处理: 144755
    [1868/2500] 处理: 162281
    [1869/2500] 处理: 52840
    [1870/2500] 处理: 211378
    [1871/2500] 处理: 158436
    [1872/2500] 处理: 44776
    [1873/2500] 处理: 173733
    [1874/2500] 处理: 93314
    [1875/2500] 处理: 163552
    ⚠️  无法提取帧: 163552
    [1875/2500] 处理: 157073
    [1876/2500] 处理: 215129
    [1877/2500] 处理: 183399
    [1878/2500] 处理: 154291
    [1879/2500] 处理: 142366
    ⚠️  无法提取帧: 142366
    [1879/2500] 处理: 24977
    [1880/2500] 处理: 76568
    ⚠️  无法提取帧: 76568
    [1880/2500] 处理: 96656
    [1881/2500] 处理: 121028
    [1882/2500] 处理: 179771
    [1883/2500] 处理: 189150
    [1884/2500] 处理: 45377
    [1885/2500] 处理: 141842
    [1886/2500] 处理: 65071
    [1887/2500] 处理: 106698
    [1888/2500] 处理: 125527
    ⚠️  无法提取帧: 125527
    [1888/2500] 处理: 202374
    [1889/2500] 处理: 206166
    ⚠️  无法提取帧: 206166
    [1889/2500] 处理: 68023
    [1890/2500] 处理: 88426
    [1891/2500] 处理: 203980
    [1892/2500] 处理: 43965
    [1893/2500] 处理: 157806
    [1894/2500] 处理: 62653
    [1895/2500] 处理: 41360
    [1896/2500] 处理: 170905
    [1897/2500] 处理: 36863
    [1898/2500] 处理: 101346
    [1899/2500] 处理: 63972
    [1900/2500] 处理: 202297
    [1901/2500] 处理: 177526
    [1902/2500] 处理: 89325
    [1903/2500] 处理: 12143
    [1904/2500] 处理: 126033

✅ 元数据已保存
   总样本数: 1904
   训练集: 1523 (80%)
   验证集: 190 (10%)
   测试集: 191 (10%)
   帧设置: 输入前20帧 → 预测第25帧（跳过4帧）
   分辨率: 512x512

=== 数据集类别分布 ===

训练集 (1523 个样本):
  move_object: 1523 个样本

验证集 (190 个样本):
  move_object: 190 个样本

测试集 (191 个样本):
  move_object: 191 个样本
  处理批次 18, 样本 50 个
    [1905/2500] 处理: 174157
    [1906/2500] 处理: 190257
    ⚠️  无法提取帧: 190257
    [1906/2500] 处理: 83651
    [1907/2500] 处理: 203387
    [1908/2500] 处理: 48610
    [1909/2500] 处理: 13365
    [1910/2500] 处理: 72661
    [1911/2500] 处理: 98175
    [1912/2500] 处理: 131200
    [1913/2500] 处理: 16440
    [1914/2500] 处理: 113269
    [1915/2500] 处理: 194111
    [1916/2500] 处理: 202610
    [1917/2500] 处理: 53131
    [1918/2500] 处理: 213585
    [1919/2500] 处理: 196318
    [1920/2500] 处理: 177906
    [1921/2500] 处理: 67689
    [1922/2500] 处理: 112456
    [1923/2500] 处理: 13302
    [1924/2500] 处理: 194597
    [1925/2500] 处理: 147385
    [1926/2500] 处理: 15909
    [1927/2500] 处理: 20815
    [1928/2500] 处理: 165476
    [1929/2500] 处理: 151670
    [1930/2500] 处理: 72379
    [1931/2500] 处理: 4532
    [1932/2500] 处理: 191544
    [1933/2500] 处理: 98081
    [1934/2500] 处理: 103670
    [1935/2500] 处理: 172332
    [1936/2500] 处理: 170809
    [1937/2500] 处理: 42875
    [1938/2500] 处理: 67623
    [1939/2500] 处理: 135291
    [1940/2500] 处理: 104130
    [1941/2500] 处理: 41433
    [1942/2500] 处理: 37613
    [1943/2500] 处理: 47154
    [1944/2500] 处理: 220499
    [1945/2500] 处理: 165756
    [1946/2500] 处理: 143797
    [1947/2500] 处理: 103257
    [1948/2500] 处理: 209160
    [1949/2500] 处理: 30967
    [1950/2500] 处理: 106484
    [1951/2500] 处理: 189629
    [1952/2500] 处理: 81112
    ⚠️  无法提取帧: 81112
    [1952/2500] 处理: 161651

✅ 元数据已保存
   总样本数: 1952
   训练集: 1561 (80%)
   验证集: 195 (10%)
   测试集: 196 (10%)
   帧设置: 输入前20帧 → 预测第25帧（跳过4帧）
   分辨率: 512x512

=== 数据集类别分布 ===

训练集 (1561 个样本):
  move_object: 1561 个样本

验证集 (195 个样本):
  move_object: 195 个样本

测试集 (196 个样本):
  move_object: 196 个样本
  处理批次 19, 样本 50 个
    [1953/2500] 处理: 194481
    [1954/2500] 处理: 89615
    [1955/2500] 处理: 97344
    [1956/2500] 处理: 111403
    [1957/2500] 处理: 5377
    [1958/2500] 处理: 13835
    [1959/2500] 处理: 168032
    [1960/2500] 处理: 23002
    [1961/2500] 处理: 44060
    [1962/2500] 处理: 101258
    [1963/2500] 处理: 206014
    [1964/2500] 处理: 95068
    [1965/2500] 处理: 81271
    [1966/2500] 处理: 30719
    [1967/2500] 处理: 41266
    [1968/2500] 处理: 158178
    ⚠️  无法提取帧: 158178
    [1968/2500] 处理: 195897
    [1969/2500] 处理: 71381
    [1970/2500] 处理: 128667
    [1971/2500] 处理: 186124
    [1972/2500] 处理: 73464
    ⚠️  无法提取帧: 73464
    [1972/2500] 处理: 215340
    [1973/2500] 处理: 103322
    [1974/2500] 处理: 84017
    [1975/2500] 处理: 57610
    [1976/2500] 处理: 100328
    [1977/2500] 处理: 104421
    [1978/2500] 处理: 11441
    [1979/2500] 处理: 70165
    [1980/2500] 处理: 207507
    [1981/2500] 处理: 90827
    [1982/2500] 处理: 42412
    ⚠️  无法提取帧: 42412
    [1982/2500] 处理: 117862
    ⚠️  无法提取帧: 117862
    [1982/2500] 处理: 198735
    [1983/2500] 处理: 199521
    [1984/2500] 处理: 170054
    [1985/2500] 处理: 197385
    ⚠️  无法提取帧: 197385
    [1985/2500] 处理: 91579
    [1986/2500] 处理: 21669
    [1987/2500] 处理: 83449
    [1988/2500] 处理: 67937
    [1989/2500] 处理: 91039
    [1990/2500] 处理: 114701
    [1991/2500] 处理: 2624
    [1992/2500] 处理: 72284
    [1993/2500] 处理: 162103
    [1994/2500] 处理: 119078
    ⚠️  无法提取帧: 119078
    [1994/2500] 处理: 81909
    [1995/2500] 处理: 217291
    [1996/2500] 处理: 172541
    ⚠️  无法提取帧: 172541

✅ 元数据已保存
   总样本数: 1995
   训练集: 1596 (80%)
   验证集: 199 (10%)
   测试集: 200 (10%)
   帧设置: 输入前20帧 → 预测第25帧（跳过4帧）
   分辨率: 512x512

=== 数据集类别分布 ===

训练集 (1596 个样本):
  move_object: 1596 个样本

验证集 (199 个样本):
  move_object: 199 个样本

测试集 (200 个样本):
  move_object: 200 个样本
  处理批次 20, 样本 50 个
    [1996/2500] 处理: 150494
    [1997/2500] 处理: 210819
    [1998/2500] 处理: 94849
    ⚠️  无法提取帧: 94849
    [1998/2500] 处理: 154306
    ⚠️  无法提取帧: 154306
    [1998/2500] 处理: 219443
    [1999/2500] 处理: 47414
    ⚠️  无法提取帧: 47414
    [1999/2500] 处理: 120025
    [2000/2500] 处理: 49738
    [2001/2500] 处理: 120002
    [2002/2500] 处理: 41522
    [2003/2500] 处理: 20999
    [2004/2500] 处理: 162966
    [2005/2500] 处理: 82693
    [2006/2500] 处理: 2505
    [2007/2500] 处理: 190945
    [2008/2500] 处理: 190889
    [2009/2500] 处理: 150185
    [2010/2500] 处理: 70920
    [2011/2500] 处理: 128902
    [2012/2500] 处理: 73316
    [2013/2500] 处理: 45378
    [2014/2500] 处理: 48150
    ⚠️  无法提取帧: 48150
    [2014/2500] 处理: 185532
    ⚠️  无法提取帧: 185532
    [2014/2500] 处理: 148102
    [2015/2500] 处理: 132272
    ⚠️  无法提取帧: 132272
    [2015/2500] 处理: 214209
    [2016/2500] 处理: 96200
    [2017/2500] 处理: 219600
    [2018/2500] 处理: 51541
    [2019/2500] 处理: 31580
    [2020/2500] 处理: 75127
    [2021/2500] 处理: 143687
    [2022/2500] 处理: 33629
    [2023/2500] 处理: 75164
    [2024/2500] 处理: 29998
    [2025/2500] 处理: 30693
    [2026/2500] 处理: 90200
    [2027/2500] 处理: 98152
    ⚠️  无法提取帧: 98152
    [2027/2500] 处理: 51551
    [2028/2500] 处理: 69116
    [2029/2500] 处理: 103451
    [2030/2500] 处理: 165510
    [2031/2500] 处理: 21374
    [2032/2500] 处理: 44468
    [2033/2500] 处理: 172671
    [2034/2500] 处理: 185149
    [2035/2500] 处理: 162673
    ⚠️  无法提取帧: 162673
    [2035/2500] 处理: 41688
    [2036/2500] 处理: 61444
    [2037/2500] 处理: 110257

✅ 元数据已保存
   总样本数: 2037
   训练集: 1629 (80%)
   验证集: 203 (10%)
   测试集: 205 (10%)
   帧设置: 输入前20帧 → 预测第25帧（跳过4帧）
   分辨率: 512x512

=== 数据集类别分布 ===

训练集 (1629 个样本):
  move_object: 1629 个样本

验证集 (203 个样本):
  move_object: 203 个样本

测试集 (205 个样本):
  move_object: 205 个样本
  处理批次 21, 样本 50 个
    [2038/2500] 处理: 135207
    [2039/2500] 处理: 127941
    [2040/2500] 处理: 139594
    [2041/2500] 处理: 169973
    [2042/2500] 处理: 43006
    [2043/2500] 处理: 12813
    [2044/2500] 处理: 122939
    [2045/2500] 处理: 21954
    [2046/2500] 处理: 53580
    [2047/2500] 处理: 194031
    [2048/2500] 处理: 116169
    [2049/2500] 处理: 134140
    [2050/2500] 处理: 35416
    ⚠️  无法提取帧: 35416
    [2050/2500] 处理: 13956
    [2051/2500] 处理: 170917
    ⚠️  无法提取帧: 170917
    [2051/2500] 处理: 120078
    [2052/2500] 处理: 118947
    [2053/2500] 处理: 109446
    [2054/2500] 处理: 94361
    [2055/2500] 处理: 209887
    [2056/2500] 处理: 39781
    [2057/2500] 处理: 6969
    [2058/2500] 处理: 146124
    [2059/2500] 处理: 111945
    [2060/2500] 处理: 164492
    [2061/2500] 处理: 203694
    [2062/2500] 处理: 35919
    [2063/2500] 处理: 49437
    [2064/2500] 处理: 52078
    [2065/2500] 处理: 131129
    [2066/2500] 处理: 129426
    [2067/2500] 处理: 7406
    [2068/2500] 处理: 107247
    [2069/2500] 处理: 130908
    [2070/2500] 处理: 105936
    [2071/2500] 处理: 130032
    [2072/2500] 处理: 100161
    [2073/2500] 处理: 2747
    [2074/2500] 处理: 182415
    [2075/2500] 处理: 44887
    [2076/2500] 处理: 50570
    [2077/2500] 处理: 205649
    [2078/2500] 处理: 35931
    [2079/2500] 处理: 103580
    [2080/2500] 处理: 215597
    [2081/2500] 处理: 192876
    [2082/2500] 处理: 6474
    [2083/2500] 处理: 22879
    [2084/2500] 处理: 161978
    [2085/2500] 处理: 219059

✅ 元数据已保存
   总样本数: 2085
   训练集: 1668 (80%)
   验证集: 208 (10%)
   测试集: 209 (10%)
   帧设置: 输入前20帧 → 预测第25帧（跳过4帧）
   分辨率: 512x512

=== 数据集类别分布 ===

训练集 (1668 个样本):
  move_object: 1668 个样本

验证集 (208 个样本):
  move_object: 208 个样本

测试集 (209 个样本):
  move_object: 209 个样本
  处理批次 22, 样本 50 个
    [2086/2500] 处理: 161475
    [2087/2500] 处理: 102110
    [2088/2500] 处理: 75228
    [2089/2500] 处理: 143632
    ⚠️  无法提取帧: 143632
    [2089/2500] 处理: 1214
    ⚠️  无法提取帧: 1214
    [2089/2500] 处理: 77392
    [2090/2500] 处理: 12502
    [2091/2500] 处理: 59161
    [2092/2500] 处理: 15276
    [2093/2500] 处理: 165362
    ⚠️  无法提取帧: 165362
    [2093/2500] 处理: 210417
    [2094/2500] 处理: 26096
    [2095/2500] 处理: 198784
    [2096/2500] 处理: 11240
    [2097/2500] 处理: 57582
    ⚠️  无法提取帧: 57582
    [2097/2500] 处理: 92033
    [2098/2500] 处理: 169873
    [2099/2500] 处理: 15569
    [2100/2500] 处理: 92065
    ⚠️  无法提取帧: 92065
    [2100/2500] 处理: 41612
    [2101/2500] 处理: 116332
    [2102/2500] 处理: 79578
    [2103/2500] 处理: 110328
    [2104/2500] 处理: 80802
    [2105/2500] 处理: 8675
    [2106/2500] 处理: 6305
    [2107/2500] 处理: 21529
    [2108/2500] 处理: 53352
    [2109/2500] 处理: 192506
    [2110/2500] 处理: 112938
    [2111/2500] 处理: 122664
    [2112/2500] 处理: 97049
    ⚠️  无法提取帧: 97049
    [2112/2500] 处理: 209278
    ⚠️  无法提取帧: 209278
    [2112/2500] 处理: 159696
    [2113/2500] 处理: 58036
    [2114/2500] 处理: 163649
    [2115/2500] 处理: 63250
    [2116/2500] 处理: 2188
    [2117/2500] 处理: 174099
    ⚠️  无法提取帧: 174099
    [2117/2500] 处理: 163
    [2118/2500] 处理: 28523
    [2119/2500] 处理: 89780
    [2120/2500] 处理: 30956
    [2121/2500] 处理: 182192
    [2122/2500] 处理: 81022
    [2123/2500] 处理: 219502
    [2124/2500] 处理: 151302
    [2125/2500] 处理: 200119
    [2126/2500] 处理: 214309
    [2127/2500] 处理: 16193

✅ 元数据已保存
   总样本数: 2127
   训练集: 1701 (80%)
   验证集: 212 (10%)
   测试集: 214 (10%)
   帧设置: 输入前20帧 → 预测第25帧（跳过4帧）
   分辨率: 512x512

=== 数据集类别分布 ===

训练集 (1701 个样本):
  move_object: 1701 个样本

验证集 (212 个样本):
  move_object: 212 个样本

测试集 (214 个样本):
  move_object: 214 个样本
  处理批次 23, 样本 50 个
    [2128/2500] 处理: 145757
    ⚠️  无法提取帧: 145757
    [2128/2500] 处理: 51641
    [2129/2500] 处理: 71297
    [2130/2500] 处理: 165395
    [2131/2500] 处理: 220491
    [2132/2500] 处理: 181139
    [2133/2500] 处理: 140199
    ⚠️  无法提取帧: 140199
    [2133/2500] 处理: 93832
    [2134/2500] 处理: 104506
    [2135/2500] 处理: 115591
    [2136/2500] 处理: 70246
    [2137/2500] 处理: 203239
    [2138/2500] 处理: 187199
    [2139/2500] 处理: 158209
    [2140/2500] 处理: 173625
    [2141/2500] 处理: 46972
    [2142/2500] 处理: 3234
    [2143/2500] 处理: 87721
    [2144/2500] 处理: 153481
    [2145/2500] 处理: 153928
    [2146/2500] 处理: 128504
    [2147/2500] 处理: 155561
    [2148/2500] 处理: 119273
    [2149/2500] 处理: 171464
    [2150/2500] 处理: 59536
    ⚠️  无法提取帧: 59536
    [2150/2500] 处理: 62278
    ⚠️  无法提取帧: 62278
    [2150/2500] 处理: 163197
    [2151/2500] 处理: 89633
    [2152/2500] 处理: 124173
    [2153/2500] 处理: 54822
    [2154/2500] 处理: 86097
    [2155/2500] 处理: 75645
    [2156/2500] 处理: 83554
    [2157/2500] 处理: 11250
    [2158/2500] 处理: 75161
    ⚠️  无法提取帧: 75161
    [2158/2500] 处理: 108140
    [2159/2500] 处理: 219658
    [2160/2500] 处理: 9835
    [2161/2500] 处理: 98518
    [2162/2500] 处理: 148289
    [2163/2500] 处理: 138847
    [2164/2500] 处理: 139314
    [2165/2500] 处理: 121834
    [2166/2500] 处理: 82386
    [2167/2500] 处理: 168828
    [2168/2500] 处理: 52
    ⚠️  无法提取帧: 52
    [2168/2500] 处理: 83403
    [2169/2500] 处理: 128997
    [2170/2500] 处理: 22347
    [2171/2500] 处理: 17525

✅ 元数据已保存
   总样本数: 2171
   训练集: 1736 (80%)
   验证集: 217 (10%)
   测试集: 218 (10%)
   帧设置: 输入前20帧 → 预测第25帧（跳过4帧）
   分辨率: 512x512

=== 数据集类别分布 ===

训练集 (1736 个样本):
  move_object: 1736 个样本

验证集 (217 个样本):
  move_object: 217 个样本

测试集 (218 个样本):
  move_object: 218 个样本
  处理批次 24, 样本 50 个
    [2172/2500] 处理: 194927
    [2173/2500] 处理: 191178
    ⚠️  无法提取帧: 191178
    [2173/2500] 处理: 215350
    [2174/2500] 处理: 6683
    [2175/2500] 处理: 4105
    ⚠️  无法提取帧: 4105
    [2175/2500] 处理: 165492
    [2176/2500] 处理: 205611
    [2177/2500] 处理: 181211
    ⚠️  无法提取帧: 181211
    [2177/2500] 处理: 6550
    [2178/2500] 处理: 11704
    ⚠️  无法提取帧: 11704
    [2178/2500] 处理: 5258
    ⚠️  无法提取帧: 5258
    [2178/2500] 处理: 47270
    [2179/2500] 处理: 74797
    [2180/2500] 处理: 15084
    [2181/2500] 处理: 87935
    [2182/2500] 处理: 49028
    [2183/2500] 处理: 106104
    [2184/2500] 处理: 15601
    [2185/2500] 处理: 127679
    [2186/2500] 处理: 141964
    ⚠️  无法提取帧: 141964
    [2186/2500] 处理: 109692
    [2187/2500] 处理: 163106
    ⚠️  无法提取帧: 163106
    [2187/2500] 处理: 202236
    [2188/2500] 处理: 185717
    [2189/2500] 处理: 122905
    [2190/2500] 处理: 202385
    [2191/2500] 处理: 186211
    [2192/2500] 处理: 90577
    [2193/2500] 处理: 171110
    [2194/2500] 处理: 44253
    [2195/2500] 处理: 2486
    [2196/2500] 处理: 199058
    [2197/2500] 处理: 213154
    [2198/2500] 处理: 149283
    [2199/2500] 处理: 155514
    [2200/2500] 处理: 42115
    [2201/2500] 处理: 162538
    ⚠️  无法提取帧: 162538
    [2201/2500] 处理: 208280
    [2202/2500] 处理: 135337
    ⚠️  无法提取帧: 135337
    [2202/2500] 处理: 17543
    [2203/2500] 处理: 88821
    [2204/2500] 处理: 196178
    [2205/2500] 处理: 46428
    [2206/2500] 处理: 163562
    [2207/2500] 处理: 87610
    [2208/2500] 处理: 171784
    [2209/2500] 处理: 217780
    [2210/2500] 处理: 72867
    [2211/2500] 处理: 148395
    ⚠️  无法提取帧: 148395
    [2211/2500] 处理: 111559

✅ 元数据已保存
   总样本数: 2211
   训练集: 1768 (80%)
   验证集: 221 (10%)
   测试集: 222 (10%)
   帧设置: 输入前20帧 → 预测第25帧（跳过4帧）
   分辨率: 512x512

=== 数据集类别分布 ===

训练集 (1768 个样本):
  move_object: 1768 个样本

验证集 (221 个样本):
  move_object: 221 个样本

测试集 (222 个样本):
  move_object: 222 个样本
  处理批次 25, 样本 50 个
    [2212/2500] 处理: 129192
    [2213/2500] 处理: 71223
    [2214/2500] 处理: 172804
    [2215/2500] 处理: 58765
    [2216/2500] 处理: 42248
    [2217/2500] 处理: 9962
    [2218/2500] 处理: 178378
    [2219/2500] 处理: 67679
    [2220/2500] 处理: 107696
    [2221/2500] 处理: 57510
    [2222/2500] 处理: 151389
    [2223/2500] 处理: 174435
    [2224/2500] 处理: 98181
    [2225/2500] 处理: 23029
    [2226/2500] 处理: 97014
    [2227/2500] 处理: 157186
    [2228/2500] 处理: 182720
    [2229/2500] 处理: 91556
    [2230/2500] 处理: 117039
    ⚠️  无法提取帧: 117039
    [2230/2500] 处理: 92919
    [2231/2500] 处理: 26681
    [2232/2500] 处理: 44288
    [2233/2500] 处理: 83897
    [2234/2500] 处理: 39475
    ⚠️  无法提取帧: 39475
    [2234/2500] 处理: 111020
    [2235/2500] 处理: 215106
    [2236/2500] 处理: 14353
    [2237/2500] 处理: 160964
    ⚠️  无法提取帧: 160964
    [2237/2500] 处理: 122255
    [2238/2500] 处理: 129532
    [2239/2500] 处理: 197030
    [2240/2500] 处理: 28243
    [2241/2500] 处理: 25386
    [2242/2500] 处理: 128301
    [2243/2500] 处理: 146767
    ⚠️  无法提取帧: 146767
    [2243/2500] 处理: 150064
    [2244/2500] 处理: 109448
    [2245/2500] 处理: 35233
    [2246/2500] 处理: 62244
    [2247/2500] 处理: 218255
    [2248/2500] 处理: 46600
    [2249/2500] 处理: 129289
    [2250/2500] 处理: 80075
    [2251/2500] 处理: 94377
    [2252/2500] 处理: 160090
    [2253/2500] 处理: 111822
    [2254/2500] 处理: 67279
    [2255/2500] 处理: 26979
    [2256/2500] 处理: 61920
    [2257/2500] 处理: 68254

✅ 元数据已保存
   总样本数: 2257
   训练集: 1805 (80%)
   验证集: 225 (10%)
   测试集: 227 (10%)
   帧设置: 输入前20帧 → 预测第25帧（跳过4帧）
   分辨率: 512x512

=== 数据集类别分布 ===

训练集 (1805 个样本):
  move_object: 1805 个样本

验证集 (225 个样本):
  move_object: 225 个样本

测试集 (227 个样本):
  move_object: 227 个样本
  处理批次 26, 样本 50 个
    [2258/2500] 处理: 176708
    ⚠️  无法提取帧: 176708
    [2258/2500] 处理: 7149
    [2259/2500] 处理: 139751
    [2260/2500] 处理: 120510
    [2261/2500] 处理: 83893
    [2262/2500] 处理: 9237
    [2263/2500] 处理: 82372
    [2264/2500] 处理: 135867
    [2265/2500] 处理: 207755
    [2266/2500] 处理: 164846
    [2267/2500] 处理: 203855
    [2268/2500] 处理: 61719
    [2269/2500] 处理: 174083
    [2270/2500] 处理: 134243
    [2271/2500] 处理: 74281
    [2272/2500] 处理: 181480
    [2273/2500] 处理: 65187
    [2274/2500] 处理: 208288
    ⚠️  无法提取帧: 208288
    [2274/2500] 处理: 72671
    [2275/2500] 处理: 166371
    [2276/2500] 处理: 6641
    [2277/2500] 处理: 172028
    [2278/2500] 处理: 196690
    [2279/2500] 处理: 16304
    [2280/2500] 处理: 170569
    [2281/2500] 处理: 61008
    [2282/2500] 处理: 121257
    [2283/2500] 处理: 77451
    [2284/2500] 处理: 165264
    [2285/2500] 处理: 108913
    [2286/2500] 处理: 25437
    [2287/2500] 处理: 159129
    [2288/2500] 处理: 200110
    [2289/2500] 处理: 102249
    ⚠️  无法提取帧: 102249
    [2289/2500] 处理: 187920
    [2290/2500] 处理: 147879
    [2291/2500] 处理: 106532
    [2292/2500] 处理: 99675
    [2293/2500] 处理: 47135
    [2294/2500] 处理: 57334
    [2295/2500] 处理: 164873
    [2296/2500] 处理: 53169
    [2297/2500] 处理: 113142
    [2298/2500] 处理: 142882
    [2299/2500] 处理: 214976
    [2300/2500] 处理: 153881
    [2301/2500] 处理: 67001
    [2302/2500] 处理: 14916
    [2303/2500] 处理: 6530
    [2304/2500] 处理: 90902

✅ 元数据已保存
   总样本数: 2304
   训练集: 1843 (80%)
   验证集: 230 (10%)
   测试集: 231 (10%)
   帧设置: 输入前20帧 → 预测第25帧（跳过4帧）
   分辨率: 512x512

=== 数据集类别分布 ===

训练集 (1843 个样本):
  move_object: 1843 个样本

验证集 (230 个样本):
  move_object: 230 个样本

测试集 (231 个样本):
  move_object: 231 个样本
  处理批次 27, 样本 50 个
    [2305/2500] 处理: 20095
    [2306/2500] 处理: 168077
    [2307/2500] 处理: 165163
    [2308/2500] 处理: 48347
    [2309/2500] 处理: 132081
    [2310/2500] 处理: 183948
    [2311/2500] 处理: 210104
    [2312/2500] 处理: 218523
    [2313/2500] 处理: 89897
    [2314/2500] 处理: 80346
    [2315/2500] 处理: 36667
    [2316/2500] 处理: 125378
    [2317/2500] 处理: 101428
    [2318/2500] 处理: 18443
    [2319/2500] 处理: 92834
    [2320/2500] 处理: 158522
    [2321/2500] 处理: 24790
    [2322/2500] 处理: 191082
    [2323/2500] 处理: 111012
    [2324/2500] 处理: 14713
    [2325/2500] 处理: 134440
    [2326/2500] 处理: 184274
    ⚠️  无法提取帧: 184274
    [2326/2500] 处理: 149927
    [2327/2500] 处理: 65957
    [2328/2500] 处理: 31011
    [2329/2500] 处理: 9057
    [2330/2500] 处理: 47063
    [2331/2500] 处理: 209394
    [2332/2500] 处理: 111526
    [2333/2500] 处理: 186079
    [2334/2500] 处理: 97158
    [2335/2500] 处理: 58015
    [2336/2500] 处理: 52650
    [2337/2500] 处理: 61886
    [2338/2500] 处理: 136391
    [2339/2500] 处理: 193413
    [2340/2500] 处理: 40275
    [2341/2500] 处理: 8893
    [2342/2500] 处理: 135619
    [2343/2500] 处理: 153332
    [2344/2500] 处理: 160921
    ⚠️  无法提取帧: 160921
    [2344/2500] 处理: 23084
    ⚠️  无法提取帧: 23084
    [2344/2500] 处理: 155899
    [2345/2500] 处理: 67301
    [2346/2500] 处理: 20008
    [2347/2500] 处理: 20775
    [2348/2500] 处理: 66397
    [2349/2500] 处理: 74991
    [2350/2500] 处理: 149266
    [2351/2500] 处理: 1934

✅ 元数据已保存
   总样本数: 2351
   训练集: 1880 (80%)
   验证集: 235 (10%)
   测试集: 236 (10%)
   帧设置: 输入前20帧 → 预测第25帧（跳过4帧）
   分辨率: 512x512

=== 数据集类别分布 ===

训练集 (1880 个样本):
  move_object: 1880 个样本

验证集 (235 个样本):
  move_object: 235 个样本

测试集 (236 个样本):
  move_object: 236 个样本
  处理批次 28, 样本 50 个
    [2352/2500] 处理: 9842
    [2353/2500] 处理: 82839
    [2354/2500] 处理: 194546
    [2355/2500] 处理: 149959
    [2356/2500] 处理: 176437
    [2357/2500] 处理: 54177
    [2358/2500] 处理: 170648
    ⚠️  无法提取帧: 170648
    [2358/2500] 处理: 163053
    [2359/2500] 处理: 133587
    [2360/2500] 处理: 105304
    [2361/2500] 处理: 20349
    ⚠️  无法提取帧: 20349
    [2361/2500] 处理: 65859
    [2362/2500] 处理: 8865
    [2363/2500] 处理: 112188
    [2364/2500] 处理: 78001
    [2365/2500] 处理: 22734
    [2366/2500] 处理: 166746
    [2367/2500] 处理: 25235
    [2368/2500] 处理: 65927
    [2369/2500] 处理: 214994
    [2370/2500] 处理: 67700
    [2371/2500] 处理: 22239
    [2372/2500] 处理: 214972
    [2373/2500] 处理: 118898
    [2374/2500] 处理: 219063
    [2375/2500] 处理: 9136
    [2376/2500] 处理: 29508
    [2377/2500] 处理: 22597
    [2378/2500] 处理: 57097
    [2379/2500] 处理: 7676
    [2380/2500] 处理: 203441
    [2381/2500] 处理: 106737
    [2382/2500] 处理: 132949
    ⚠️  无法提取帧: 132949
    [2382/2500] 处理: 11159
    [2383/2500] 处理: 74147
    [2384/2500] 处理: 84021
    [2385/2500] 处理: 83931
    [2386/2500] 处理: 5497
    [2387/2500] 处理: 3166
    [2388/2500] 处理: 194482
    [2389/2500] 处理: 14405
    [2390/2500] 处理: 63749
    ⚠️  无法提取帧: 63749
    [2390/2500] 处理: 170893
    [2391/2500] 处理: 179532
    [2392/2500] 处理: 214853
    [2393/2500] 处理: 22497
    [2394/2500] 处理: 172243
    [2395/2500] 处理: 83485
    [2396/2500] 处理: 211469
    [2397/2500] 处理: 177149

✅ 元数据已保存
   总样本数: 2397
   训练集: 1917 (80%)
   验证集: 239 (10%)
   测试集: 241 (10%)
   帧设置: 输入前20帧 → 预测第25帧（跳过4帧）
   分辨率: 512x512

=== 数据集类别分布 ===

训练集 (1917 个样本):
  move_object: 1917 个样本

验证集 (239 个样本):
  move_object: 239 个样本

测试集 (241 个样本):
  move_object: 241 个样本
  处理批次 29, 样本 50 个
    [2398/2500] 处理: 1975
    [2399/2500] 处理: 111385
    [2400/2500] 处理: 110462
    [2401/2500] 处理: 165014
    [2402/2500] 处理: 100235
    [2403/2500] 处理: 71482
    [2404/2500] 处理: 137316
    [2405/2500] 处理: 134761
    [2406/2500] 处理: 52677
    [2407/2500] 处理: 25916
    [2408/2500] 处理: 156476
    [2409/2500] 处理: 155785
    [2410/2500] 处理: 176291
    ⚠️  无法提取帧: 176291
    [2410/2500] 处理: 41818
    [2411/2500] 处理: 167655
    [2412/2500] 处理: 191262
    [2413/2500] 处理: 168195
    [2414/2500] 处理: 10118
    [2415/2500] 处理: 118087
    [2416/2500] 处理: 198185
    [2417/2500] 处理: 51008
    [2418/2500] 处理: 170107
    [2419/2500] 处理: 144946
    [2420/2500] 处理: 85259
    [2421/2500] 处理: 192638
    ⚠️  无法提取帧: 192638
    [2421/2500] 处理: 82732
    [2422/2500] 处理: 100039
    [2423/2500] 处理: 62515
    [2424/2500] 处理: 185395
    ⚠️  无法提取帧: 185395
    [2424/2500] 处理: 139176
    [2425/2500] 处理: 19005
    [2426/2500] 处理: 116648
    [2427/2500] 处理: 120115
    ⚠️  无法提取帧: 120115
    [2427/2500] 处理: 210397
    [2428/2500] 处理: 193540
    [2429/2500] 处理: 147129
    ⚠️  无法提取帧: 147129
    [2429/2500] 处理: 175952
    [2430/2500] 处理: 92916
    [2431/2500] 处理: 102629
    [2432/2500] 处理: 174598
    [2433/2500] 处理: 37553
    [2434/2500] 处理: 145562
    [2435/2500] 处理: 149866
    [2436/2500] 处理: 151127
    [2437/2500] 处理: 137331
    [2438/2500] 处理: 65061
    [2439/2500] 处理: 134037
    [2440/2500] 处理: 48353
    [2441/2500] 处理: 66521
    [2442/2500] 处理: 85821

✅ 元数据已保存
   总样本数: 2442
   训练集: 1953 (80%)
   验证集: 244 (10%)
   测试集: 245 (10%)
   帧设置: 输入前20帧 → 预测第25帧（跳过4帧）
   分辨率: 512x512

=== 数据集类别分布 ===

训练集 (1953 个样本):
  move_object: 1953 个样本

验证集 (244 个样本):
  move_object: 244 个样本

测试集 (245 个样本):
  move_object: 245 个样本
  处理批次 30, 样本 50 个
    [2443/2500] 处理: 178298
    [2444/2500] 处理: 135050
    [2445/2500] 处理: 101101
    [2446/2500] 处理: 121212
    [2447/2500] 处理: 25547
    [2448/2500] 处理: 10110
    [2449/2500] 处理: 148769
    [2450/2500] 处理: 111122
    [2451/2500] 处理: 203481
    [2452/2500] 处理: 177513
    [2453/2500] 处理: 20947
    [2454/2500] 处理: 19049
    [2455/2500] 处理: 163920
    [2456/2500] 处理: 5357
    ⚠️  无法提取帧: 5357
    [2456/2500] 处理: 646
    [2457/2500] 处理: 68477
    [2458/2500] 处理: 189298
    [2459/2500] 处理: 218
    ⚠️  无法提取帧: 218
    [2459/2500] 处理: 56387
    [2460/2500] 处理: 14389
    [2461/2500] 处理: 60526
    [2462/2500] 处理: 151262
    [2463/2500] 处理: 88237
    ⚠️  无法提取帧: 88237
    [2463/2500] 处理: 14580
    [2464/2500] 处理: 20952
    [2465/2500] 处理: 36728
    [2466/2500] 处理: 163724
    [2467/2500] 处理: 49877
    ⚠️  无法提取帧: 49877
    [2467/2500] 处理: 168259
    [2468/2500] 处理: 204720
    [2469/2500] 处理: 75374
    [2470/2500] 处理: 165160
    [2471/2500] 处理: 23566
    [2472/2500] 处理: 808
    ⚠️  无法提取帧: 808
    [2472/2500] 处理: 216500
    [2473/2500] 处理: 59978
    [2474/2500] 处理: 98926
    [2475/2500] 处理: 140758
    ⚠️  无法提取帧: 140758
    [2475/2500] 处理: 88489
    [2476/2500] 处理: 32624
    [2477/2500] 处理: 63008
    [2478/2500] 处理: 54233
    [2479/2500] 处理: 190702
    [2480/2500] 处理: 122696
    [2481/2500] 处理: 159454
    [2482/2500] 处理: 68139
    [2483/2500] 处理: 141747
    [2484/2500] 处理: 88653
    [2485/2500] 处理: 167163
    [2486/2500] 处理: 80846

✅ 元数据已保存
   总样本数: 2486
   训练集: 1988 (80%)
   验证集: 248 (10%)
   测试集: 250 (10%)
   帧设置: 输入前20帧 → 预测第25帧（跳过4帧）
   分辨率: 512x512

=== 数据集类别分布 ===

训练集 (1988 个样本):
  move_object: 1988 个样本

验证集 (248 个样本):
  move_object: 248 个样本

测试集 (250 个样本):
  move_object: 250 个样本
  处理批次 31, 样本 50 个
    [2487/2500] 处理: 144064
    [2488/2500] 处理: 105301
    [2489/2500] 处理: 119443
    [2490/2500] 处理: 55898
    [2491/2500] 处理: 69994
    [2492/2500] 处理: 2714
    ⚠️  无法提取帧: 2714
    [2492/2500] 处理: 80607
    ⚠️  无法提取帧: 80607
    [2492/2500] 处理: 69815
    [2493/2500] 处理: 143869
    [2494/2500] 处理: 41458
    [2495/2500] 处理: 195492
    ⚠️  无法提取帧: 195492
    [2495/2500] 处理: 17926
    ⚠️  无法提取帧: 17926
    [2495/2500] 处理: 135524
    [2496/2500] 处理: 113146
    [2497/2500] 处理: 123484
    [2498/2500] 处理: 183533
    [2499/2500] 处理: 59444
    [2500/2500] 处理: 45835

✅ 元数据已保存
   总样本数: 2500
   训练集: 2000 (80%)
   验证集: 250 (10%)
   测试集: 250 (10%)
   帧设置: 输入前20帧 → 预测第25帧（跳过4帧）
   分辨率: 512x512

=== 数据集类别分布 ===

训练集 (2000 个样本):
  move_object: 2000 个样本

验证集 (250 个样本):
  move_object: 250 个样本

测试集 (250 个样本):
  move_object: 250 个样本
✅ move_object: 成功处理 2500 个视频

处理类别: drop_object
当前已有 0 个样本，目标 2500 个
  处理批次 1, 样本 50 个
    [1/2500] 处理: 207637
    ⚠️  无法提取帧: 207637
    [1/2500] 处理: 64353
    [2/2500] 处理: 183480
    [3/2500] 处理: 145269
    [4/2500] 处理: 184209
    [5/2500] 处理: 6163
    ⚠️  无法提取帧: 6163
    [5/2500] 处理: 192928
    [6/2500] 处理: 195709
    [7/2500] 处理: 201666
    [8/2500] 处理: 18871
    [9/2500] 处理: 202846
    [10/2500] 处理: 131025
    [11/2500] 处理: 153836
    [12/2500] 处理: 204276
    ⚠️  无法提取帧: 204276
    [12/2500] 处理: 208318
    [13/2500] 处理: 70787
    [14/2500] 处理: 73062
    [15/2500] 处理: 107957
    [16/2500] 处理: 70458
    ⚠️  无法提取帧: 70458
    [16/2500] 处理: 151246
    [17/2500] 处理: 184001
    [18/2500] 处理: 144458
    [19/2500] 处理: 206794
    [20/2500] 处理: 103384
    ⚠️  无法提取帧: 103384
    [20/2500] 处理: 116959
    ⚠️  无法提取帧: 116959
    [20/2500] 处理: 142738
    ⚠️  无法提取帧: 142738
    [20/2500] 处理: 208108
    [21/2500] 处理: 186523
    [22/2500] 处理: 203714
    [23/2500] 处理: 27478
    [24/2500] 处理: 27123
    [25/2500] 处理: 79790
    [26/2500] 处理: 79111
    ⚠️  无法提取帧: 79111
    [26/2500] 处理: 163533
    [27/2500] 处理: 219786
    [28/2500] 处理: 92440
    [29/2500] 处理: 37348
    [30/2500] 处理: 219014
    [31/2500] 处理: 7426
    ⚠️  无法提取帧: 7426
    [31/2500] 处理: 186606
    [32/2500] 处理: 203475
    [33/2500] 处理: 51414
    [34/2500] 处理: 129599
    [35/2500] 处理: 139380
    [36/2500] 处理: 103933
    [37/2500] 处理: 38780
    [38/2500] 处理: 158604
    [39/2500] 处理: 210704
    [40/2500] 处理: 187677
    [41/2500] 处理: 201610

✅ 元数据已保存
   总样本数: 2541
   训练集: 2032 (80%)
   验证集: 254 (10%)
   测试集: 255 (10%)
   帧设置: 输入前20帧 → 预测第25帧（跳过4帧）
   分辨率: 512x512

=== 数据集类别分布 ===

训练集 (2032 个样本):
  move_object: 1998 个样本
  drop_object: 34 个样本

验证集 (254 个样本):
  move_object: 249 个样本
  drop_object: 5 个样本

测试集 (255 个样本):
  move_object: 253 个样本
  drop_object: 2 个样本
  处理批次 2, 样本 50 个
    [42/2500] 处理: 101667
    [43/2500] 处理: 139948
    ⚠️  无法提取帧: 139948
    [43/2500] 处理: 21348
    [44/2500] 处理: 193043
    [45/2500] 处理: 76490
    [46/2500] 处理: 67527
    [47/2500] 处理: 70868
    [48/2500] 处理: 189747
    [49/2500] 处理: 37385
    [50/2500] 处理: 143550
    [51/2500] 处理: 44573
    ⚠️  无法提取帧: 44573
    [51/2500] 处理: 139029
    [52/2500] 处理: 152240
    ⚠️  无法提取帧: 152240
    [52/2500] 处理: 9059
    ⚠️  无法提取帧: 9059
    [52/2500] 处理: 26717
    [53/2500] 处理: 203146
    [54/2500] 处理: 150552
    [55/2500] 处理: 81684
    [56/2500] 处理: 12691
    [57/2500] 处理: 171556
    [58/2500] 处理: 46909
    [59/2500] 处理: 124700
    [60/2500] 处理: 45092
    [61/2500] 处理: 105798
    [62/2500] 处理: 17240
    [63/2500] 处理: 45226
    [64/2500] 处理: 104206
    [65/2500] 处理: 52634
    [66/2500] 处理: 116072
    [67/2500] 处理: 81508
    [68/2500] 处理: 90332
    [69/2500] 处理: 97571
    ⚠️  无法提取帧: 97571
    [69/2500] 处理: 191215
    ⚠️  无法提取帧: 191215
    [69/2500] 处理: 70209
    [70/2500] 处理: 207354
    [71/2500] 处理: 2565
    ⚠️  无法提取帧: 2565
    [71/2500] 处理: 33559
    [72/2500] 处理: 47555
    [73/2500] 处理: 83175
    [74/2500] 处理: 67978
    [75/2500] 处理: 153965
    [76/2500] 处理: 144358
    [77/2500] 处理: 180171
    [78/2500] 处理: 137798
    [79/2500] 处理: 198339
    [80/2500] 处理: 167556
    [81/2500] 处理: 131876
    ⚠️  无法提取帧: 131876
    [81/2500] 处理: 167583
    [82/2500] 处理: 65059
    ⚠️  无法提取帧: 65059
    [82/2500] 处理: 61680

✅ 元数据已保存
   总样本数: 2582
   训练集: 2065 (80%)
   验证集: 258 (10%)
   测试集: 259 (10%)
   帧设置: 输入前20帧 → 预测第25帧（跳过4帧）
   分辨率: 512x512

=== 数据集类别分布 ===

训练集 (2065 个样本):
  move_object: 1995 个样本
  drop_object: 70 个样本

验证集 (258 个样本):
  move_object: 254 个样本
  drop_object: 4 个样本

测试集 (259 个样本):
  move_object: 251 个样本
  drop_object: 8 个样本
  处理批次 3, 样本 50 个
    [83/2500] 处理: 135101
    [84/2500] 处理: 47397
    [85/2500] 处理: 44304
    [86/2500] 处理: 28361
    ⚠️  无法提取帧: 28361
    [86/2500] 处理: 117381
    [87/2500] 处理: 142461
    [88/2500] 处理: 84880
    [89/2500] 处理: 219859
    [90/2500] 处理: 137809
    [91/2500] 处理: 62200
    [92/2500] 处理: 129348
    [93/2500] 处理: 201205
    [94/2500] 处理: 129495
    [95/2500] 处理: 26554
    [96/2500] 处理: 77909
    [97/2500] 处理: 151542
    [98/2500] 处理: 154316
    [99/2500] 处理: 2372
    [100/2500] 处理: 214837
    [101/2500] 处理: 42569
    [102/2500] 处理: 163731
    [103/2500] 处理: 86422
    ⚠️  无法提取帧: 86422
    [103/2500] 处理: 15395
    [104/2500] 处理: 143766
    [105/2500] 处理: 22387
    [106/2500] 处理: 496
    [107/2500] 处理: 216025
    [108/2500] 处理: 208719
    [109/2500] 处理: 73536
    [110/2500] 处理: 458
    ⚠️  无法提取帧: 458
    [110/2500] 处理: 198314
    [111/2500] 处理: 114566
    [112/2500] 处理: 78866
    [113/2500] 处理: 59848
    [114/2500] 处理: 60398
    [115/2500] 处理: 17703
    ⚠️  无法提取帧: 17703
    [115/2500] 处理: 141679
    [116/2500] 处理: 131347
    [117/2500] 处理: 115051
    [118/2500] 处理: 83280
    [119/2500] 处理: 216475
    [120/2500] 处理: 182767
    [121/2500] 处理: 52606
    [122/2500] 处理: 144752
    [123/2500] 处理: 73126
    [124/2500] 处理: 22607
    [125/2500] 处理: 195212
    [126/2500] 处理: 8831
    [127/2500] 处理: 24342
    [128/2500] 处理: 121925

✅ 元数据已保存
   总样本数: 2628
   训练集: 2102 (80%)
   验证集: 262 (10%)
   测试集: 264 (10%)
   帧设置: 输入前20帧 → 预测第25帧（跳过4帧）
   分辨率: 512x512

=== 数据集类别分布 ===

训练集 (2102 个样本):
  move_object: 2003 个样本
  drop_object: 99 个样本

验证集 (262 个样本):
  drop_object: 16 个样本
  move_object: 246 个样本

测试集 (264 个样本):
  move_object: 251 个样本
  drop_object: 13 个样本
  处理批次 4, 样本 50 个
    [129/2500] 处理: 182492
    [130/2500] 处理: 198333
    [131/2500] 处理: 129695
    [132/2500] 处理: 124145
    [133/2500] 处理: 137351
    ⚠️  无法提取帧: 137351
    [133/2500] 处理: 204908
    [134/2500] 处理: 186781
    [135/2500] 处理: 163060
    [136/2500] 处理: 22495
    [137/2500] 处理: 119529
    [138/2500] 处理: 185384
    [139/2500] 处理: 92254
    [140/2500] 处理: 116155
    [141/2500] 处理: 22902
    [142/2500] 处理: 9629
    [143/2500] 处理: 85529
    [144/2500] 处理: 145459
    ⚠️  无法提取帧: 145459
    [144/2500] 处理: 219812
    [145/2500] 处理: 12905
    [146/2500] 处理: 35075
    ⚠️  无法提取帧: 35075
    [146/2500] 处理: 210406
    [147/2500] 处理: 218328
    [148/2500] 处理: 171893
    [149/2500] 处理: 64622
    [150/2500] 处理: 101425
    [151/2500] 处理: 102587
    ⚠️  无法提取帧: 102587
    [151/2500] 处理: 188405
    [152/2500] 处理: 9305
    [153/2500] 处理: 20094
    [154/2500] 处理: 49725
    [155/2500] 处理: 40264
    [156/2500] 处理: 75567
    [157/2500] 处理: 42700
    [158/2500] 处理: 198211
    [159/2500] 处理: 71237
    [160/2500] 处理: 95163
    [161/2500] 处理: 97229
    [162/2500] 处理: 216646
    [163/2500] 处理: 94306
    [164/2500] 处理: 138760
    ⚠️  无法提取帧: 138760
    [164/2500] 处理: 84025
    [165/2500] 处理: 80301
    [166/2500] 处理: 125942
    [167/2500] 处理: 207052
    [168/2500] 处理: 9002
    [169/2500] 处理: 194950
    ⚠️  无法提取帧: 194950
    [169/2500] 处理: 80789
    [170/2500] 处理: 203231
    ⚠️  无法提取帧: 203231
    [170/2500] 处理: 123979
    ⚠️  无法提取帧: 123979
    [170/2500] 处理: 154328

✅ 元数据已保存
   总样本数: 2670
   训练集: 2136 (80%)
   验证集: 267 (10%)
   测试集: 267 (10%)
   帧设置: 输入前20帧 → 预测第25帧（跳过4帧）
   分辨率: 512x512

=== 数据集类别分布 ===

训练集 (2136 个样本):
  move_object: 2006 个样本
  drop_object: 130 个样本

验证集 (267 个样本):
  drop_object: 17 个样本
  move_object: 250 个样本

测试集 (267 个样本):
  drop_object: 23 个样本
  move_object: 244 个样本
  处理批次 5, 样本 50 个
    [171/2500] 处理: 92180
    [172/2500] 处理: 189453
    [173/2500] 处理: 128349
    ⚠️  无法提取帧: 128349
    [173/2500] 处理: 200460
    [174/2500] 处理: 145644
    [175/2500] 处理: 147960
    [176/2500] 处理: 91542
    [177/2500] 处理: 143015
    [178/2500] 处理: 119813
    [179/2500] 处理: 8933
    [180/2500] 处理: 152220
    ⚠️  无法提取帧: 152220
    [180/2500] 处理: 117976
    ⚠️  无法提取帧: 117976
    [180/2500] 处理: 117716
    ⚠️  无法提取帧: 117716
    [180/2500] 处理: 198346
    [181/2500] 处理: 10489
    [182/2500] 处理: 217208
    ⚠️  无法提取帧: 217208
    [182/2500] 处理: 152493
    [183/2500] 处理: 128209
    [184/2500] 处理: 86569
    [185/2500] 处理: 91678
    ⚠️  无法提取帧: 91678
    [185/2500] 处理: 24537
    ⚠️  无法提取帧: 24537
    [185/2500] 处理: 145548
    [186/2500] 处理: 56684
    [187/2500] 处理: 79525
    [188/2500] 处理: 215071
    [189/2500] 处理: 42591
    ⚠️  无法提取帧: 42591
    [189/2500] 处理: 116254
    ⚠️  无法提取帧: 116254
    [189/2500] 处理: 193411
    [190/2500] 处理: 63036
    ⚠️  无法提取帧: 63036
    [190/2500] 处理: 133445
    [191/2500] 处理: 168172
    [192/2500] 处理: 215243
    [193/2500] 处理: 54344
    [194/2500] 处理: 114168
    [195/2500] 处理: 184731
    [196/2500] 处理: 58484
    ⚠️  无法提取帧: 58484
    [196/2500] 处理: 174446
    [197/2500] 处理: 144435
    [198/2500] 处理: 50419
    [199/2500] 处理: 133436
    [200/2500] 处理: 63301
    ⚠️  无法提取帧: 63301
    [200/2500] 处理: 149257
    [201/2500] 处理: 40097
    [202/2500] 处理: 200708
    [203/2500] 处理: 74307
    [204/2500] 处理: 206748
    [205/2500] 处理: 160970
    [206/2500] 处理: 120955
    [207/2500] 处理: 185513
    [208/2500] 处理: 132271

✅ 元数据已保存
   总样本数: 2708
   训练集: 2166 (80%)
   验证集: 270 (10%)
   测试集: 272 (10%)
   帧设置: 输入前20帧 → 预测第25帧（跳过4帧）
   分辨率: 512x512

=== 数据集类别分布 ===

训练集 (2166 个样本):
  move_object: 2001 个样本
  drop_object: 165 个样本

验证集 (270 个样本):
  drop_object: 19 个样本
  move_object: 251 个样本

测试集 (272 个样本):
  move_object: 248 个样本
  drop_object: 24 个样本
  处理批次 6, 样本 50 个
    [209/2500] 处理: 215519
    [210/2500] 处理: 184420
    [211/2500] 处理: 138784
    [212/2500] 处理: 3859
    ⚠️  无法提取帧: 3859
    [212/2500] 处理: 215394
    [213/2500] 处理: 183273
    ⚠️  无法提取帧: 183273
    [213/2500] 处理: 64761
    [214/2500] 处理: 47401
    ⚠️  无法提取帧: 47401
    [214/2500] 处理: 30327
    [215/2500] 处理: 35320
    [216/2500] 处理: 85738
    ⚠️  无法提取帧: 85738
    [216/2500] 处理: 125303
    [217/2500] 处理: 201997
    [218/2500] 处理: 156720
    [219/2500] 处理: 196161
    [220/2500] 处理: 199000
    [221/2500] 处理: 207332
    [222/2500] 处理: 135579
    [223/2500] 处理: 6344
    ⚠️  无法提取帧: 6344
    [223/2500] 处理: 45822
    [224/2500] 处理: 2861
    [225/2500] 处理: 90411
    ⚠️  无法提取帧: 90411
    [225/2500] 处理: 88493
    [226/2500] 处理: 110788
    [227/2500] 处理: 85270
    [228/2500] 处理: 155515
    [229/2500] 处理: 209455
    ⚠️  无法提取帧: 209455
    [229/2500] 处理: 128619
    [230/2500] 处理: 172483
    ⚠️  无法提取帧: 172483
    [230/2500] 处理: 57903
    [231/2500] 处理: 175083
    [232/2500] 处理: 217481
    [233/2500] 处理: 11723
    [234/2500] 处理: 58987
    [235/2500] 处理: 27045
    [236/2500] 处理: 143731
    [237/2500] 处理: 175902
    ⚠️  无法提取帧: 175902
    [237/2500] 处理: 102988
    [238/2500] 处理: 125070
    [239/2500] 处理: 55109
    [240/2500] 处理: 137091
    [241/2500] 处理: 26025
    [242/2500] 处理: 90373
    [243/2500] 处理: 167258
    [244/2500] 处理: 194943
    [245/2500] 处理: 14347
    [246/2500] 处理: 189721
    ⚠️  无法提取帧: 189721
    [246/2500] 处理: 220621
    [247/2500] 处理: 215497
    [248/2500] 处理: 10506
    ⚠️  无法提取帧: 10506

✅ 元数据已保存
   总样本数: 2747
   训练集: 2197 (80%)
   验证集: 274 (10%)
   测试集: 276 (10%)
   帧设置: 输入前20帧 → 预测第25帧（跳过4帧）
   分辨率: 512x512

=== 数据集类别分布 ===

训练集 (2197 个样本):
  drop_object: 201 个样本
  move_object: 1996 个样本

验证集 (274 个样本):
  move_object: 253 个样本
  drop_object: 21 个样本

测试集 (276 个样本):
  move_object: 251 个样本
  drop_object: 25 个样本
  处理批次 7, 样本 50 个
    [248/2500] 处理: 104754
    [249/2500] 处理: 184937
    [250/2500] 处理: 32154
    [251/2500] 处理: 52201
    [252/2500] 处理: 109145
    ⚠️  无法提取帧: 109145
    [252/2500] 处理: 21740
    ⚠️  无法提取帧: 21740
    [252/2500] 处理: 3094
    [253/2500] 处理: 102205
    [254/2500] 处理: 131327
    [255/2500] 处理: 50672
    [256/2500] 处理: 2227
    [257/2500] 处理: 115616
    [258/2500] 处理: 218049
    [259/2500] 处理: 9003
    [260/2500] 处理: 132124
    [261/2500] 处理: 41408
    [262/2500] 处理: 191401
    [263/2500] 处理: 113008
    [264/2500] 处理: 66379
    ⚠️  无法提取帧: 66379
    [264/2500] 处理: 167284
    [265/2500] 处理: 72696
    [266/2500] 处理: 44048
    [267/2500] 处理: 140371
    [268/2500] 处理: 79118
    [269/2500] 处理: 156385
    [270/2500] 处理: 27161
    [271/2500] 处理: 104307
    [272/2500] 处理: 37880
    [273/2500] 处理: 19154
    [274/2500] 处理: 195939
    [275/2500] 处理: 1296
    [276/2500] 处理: 74479
    ⚠️  无法提取帧: 74479
    [276/2500] 处理: 82927
    [277/2500] 处理: 101294
    [278/2500] 处理: 155061
    [279/2500] 处理: 48530
    [280/2500] 处理: 191868
    ⚠️  无法提取帧: 191868
    [280/2500] 处理: 171022
    [281/2500] 处理: 76549
    [282/2500] 处理: 23828
    [283/2500] 处理: 26921
    ⚠️  无法提取帧: 26921
    [283/2500] 处理: 201558
    [284/2500] 处理: 132995
    ⚠️  无法提取帧: 132995
    [284/2500] 处理: 181377
    ⚠️  无法提取帧: 181377
    [284/2500] 处理: 178166
    [285/2500] 处理: 160461
    [286/2500] 处理: 94573
    ⚠️  无法提取帧: 94573
    [286/2500] 处理: 98011
    [287/2500] 处理: 45200
    [288/2500] 处理: 137869

✅ 元数据已保存
   总样本数: 2788
   训练集: 2230 (80%)
   验证集: 278 (10%)
   测试集: 280 (10%)
   帧设置: 输入前20帧 → 预测第25帧（跳过4帧）
   分辨率: 512x512

=== 数据集类别分布 ===

训练集 (2230 个样本):
  move_object: 1988 个样本
  drop_object: 242 个样本

验证集 (278 个样本):
  move_object: 262 个样本
  drop_object: 16 个样本

测试集 (280 个样本):
  move_object: 250 个样本
  drop_object: 30 个样本
  处理批次 8, 样本 50 个
    [289/2500] 处理: 219696
    ⚠️  无法提取帧: 219696
    [289/2500] 处理: 117368
    ⚠️  无法提取帧: 117368
    [289/2500] 处理: 41529
    [290/2500] 处理: 83830
    [291/2500] 处理: 69026
    [292/2500] 处理: 112832
    [293/2500] 处理: 206918
    [294/2500] 处理: 186934
    [295/2500] 处理: 65457
    [296/2500] 处理: 109002
    ⚠️  无法提取帧: 109002
    [296/2500] 处理: 117390
    [297/2500] 处理: 190426
    [298/2500] 处理: 112466
    [299/2500] 处理: 61226
    [300/2500] 处理: 179635
    [301/2500] 处理: 192220
    [302/2500] 处理: 107019
    [303/2500] 处理: 102697
    ⚠️  无法提取帧: 102697
    [303/2500] 处理: 108625
    [304/2500] 处理: 50182
    [305/2500] 处理: 106472
    [306/2500] 处理: 56247
    [307/2500] 处理: 127471
    ⚠️  无法提取帧: 127471
    [307/2500] 处理: 17154
    [308/2500] 处理: 27914
    [309/2500] 处理: 44602
    [310/2500] 处理: 65639
    [311/2500] 处理: 70539
    [312/2500] 处理: 156274
    [313/2500] 处理: 184618
    [314/2500] 处理: 185310
    [315/2500] 处理: 84536
    [316/2500] 处理: 162089
    [317/2500] 处理: 193009
    ⚠️  无法提取帧: 193009
    [317/2500] 处理: 82740
    [318/2500] 处理: 172590
    [319/2500] 处理: 178182
    [320/2500] 处理: 63170
    ⚠️  无法提取帧: 63170
    [320/2500] 处理: 218169
    [321/2500] 处理: 57129
    [322/2500] 处理: 95779
    ⚠️  无法提取帧: 95779
    [322/2500] 处理: 36045
    ⚠️  无法提取帧: 36045
    [322/2500] 处理: 65458
    [323/2500] 处理: 30493
    [324/2500] 处理: 124032
    [325/2500] 处理: 51416
    ⚠️  无法提取帧: 51416
    [325/2500] 处理: 140728
    [326/2500] 处理: 206102
    [327/2500] 处理: 79152
    [328/2500] 处理: 751

✅ 元数据已保存
   总样本数: 2828
   训练集: 2262 (80%)
   验证集: 282 (10%)
   测试集: 284 (10%)
   帧设置: 输入前20帧 → 预测第25帧（跳过4帧）
   分辨率: 512x512

=== 数据集类别分布 ===

训练集 (2262 个样本):
  move_object: 1996 个样本
  drop_object: 266 个样本

验证集 (282 个样本):
  move_object: 249 个样本
  drop_object: 33 个样本

测试集 (284 个样本):
  move_object: 255 个样本
  drop_object: 29 个样本
  处理批次 9, 样本 50 个
    [329/2500] 处理: 1752
    [330/2500] 处理: 209269
    [331/2500] 处理: 63896
    [332/2500] 处理: 5836
    [333/2500] 处理: 193917
    [334/2500] 处理: 24817
    ⚠️  无法提取帧: 24817
    [334/2500] 处理: 172269
    [335/2500] 处理: 35801
    ⚠️  无法提取帧: 35801
    [335/2500] 处理: 57078
    [336/2500] 处理: 140181
    ⚠️  无法提取帧: 140181
    [336/2500] 处理: 59907
    [337/2500] 处理: 88105
    [338/2500] 处理: 131110
    [339/2500] 处理: 51876
    [340/2500] 处理: 217588
    [341/2500] 处理: 169934
    [342/2500] 处理: 73915
    [343/2500] 处理: 62780
    [344/2500] 处理: 89968
    ⚠️  无法提取帧: 89968
    [344/2500] 处理: 75961
    [345/2500] 处理: 48659
    [346/2500] 处理: 33721
    ⚠️  无法提取帧: 33721
    [346/2500] 处理: 87756
    ⚠️  无法提取帧: 87756
    [346/2500] 处理: 33414
    [347/2500] 处理: 10797
    [348/2500] 处理: 92729
    [349/2500] 处理: 175607
    [350/2500] 处理: 57478
    [351/2500] 处理: 111245
    [352/2500] 处理: 203854
    [353/2500] 处理: 163170
    [354/2500] 处理: 84669
    ⚠️  无法提取帧: 84669
    [354/2500] 处理: 217605
    [355/2500] 处理: 201030
    [356/2500] 处理: 82760
    ⚠️  无法提取帧: 82760
    [356/2500] 处理: 65102
    [357/2500] 处理: 195292
    [358/2500] 处理: 97887
    [359/2500] 处理: 90057
    [360/2500] 处理: 118938
    [361/2500] 处理: 173661
    [362/2500] 处理: 168166
    [363/2500] 处理: 181835
    [364/2500] 处理: 26379
    [365/2500] 处理: 6894
    [366/2500] 处理: 101305
    [367/2500] 处理: 33374
    [368/2500] 处理: 76518
    [369/2500] 处理: 212304
    ⚠️  无法提取帧: 212304
    [369/2500] 处理: 108091
    ⚠️  无法提取帧: 108091

✅ 元数据已保存
   总样本数: 2868
   训练集: 2294 (80%)
   验证集: 286 (10%)
   测试集: 288 (10%)
   帧设置: 输入前20帧 → 预测第25帧（跳过4帧）
   分辨率: 512x512

=== 数据集类别分布 ===

训练集 (2294 个样本):
  move_object: 2024 个样本
  drop_object: 270 个样本

验证集 (286 个样本):
  drop_object: 44 个样本
  move_object: 242 个样本

测试集 (288 个样本):
  move_object: 234 个样本
  drop_object: 54 个样本
  处理批次 10, 样本 50 个
    [369/2500] 处理: 150561
    [370/2500] 处理: 14643
    [371/2500] 处理: 91785
    [372/2500] 处理: 177791
    [373/2500] 处理: 125663
    [374/2500] 处理: 40155
    [375/2500] 处理: 206044
    [376/2500] 处理: 158
    [377/2500] 处理: 26541
    [378/2500] 处理: 142472
    [379/2500] 处理: 186515
    [380/2500] 处理: 28785
    [381/2500] 处理: 64734
    [382/2500] 处理: 128021
    [383/2500] 处理: 141313
    [384/2500] 处理: 29732
    [385/2500] 处理: 188786
    [386/2500] 处理: 172382
    [387/2500] 处理: 139883
    ⚠️  无法提取帧: 139883
    [387/2500] 处理: 142371
    [388/2500] 处理: 103652
    ⚠️  无法提取帧: 103652
    [388/2500] 处理: 153380
    ⚠️  无法提取帧: 153380
    [388/2500] 处理: 55293
    [389/2500] 处理: 37175
    [390/2500] 处理: 204376
    [391/2500] 处理: 122287
    [392/2500] 处理: 155181
    [393/2500] 处理: 196636
    [394/2500] 处理: 208738
    [395/2500] 处理: 146826
    [396/2500] 处理: 166409
    [397/2500] 处理: 59728
    [398/2500] 处理: 29109
    [399/2500] 处理: 196600
    [400/2500] 处理: 51785
    ⚠️  无法提取帧: 51785
    [400/2500] 处理: 32146
    [401/2500] 处理: 165829
    [402/2500] 处理: 199447
    [403/2500] 处理: 113050
    [404/2500] 处理: 119335
    [405/2500] 处理: 32739
    [406/2500] 处理: 61647
    [407/2500] 处理: 33039
    [408/2500] 处理: 9487
    ⚠️  无法提取帧: 9487
    [408/2500] 处理: 200294
    [409/2500] 处理: 1259
    [410/2500] 处理: 37395
    [411/2500] 处理: 79369
    [412/2500] 处理: 35869
    [413/2500] 处理: 75185

✅ 元数据已保存
   总样本数: 2913
   训练集: 2330 (80%)
   验证集: 291 (10%)
   测试集: 292 (10%)
   帧设置: 输入前20帧 → 预测第25帧（跳过4帧）
   分辨率: 512x512

=== 数据集类别分布 ===

训练集 (2330 个样本):
  move_object: 1995 个样本
  drop_object: 335 个样本

验证集 (291 个样本):
  move_object: 252 个样本
  drop_object: 39 个样本

测试集 (292 个样本):
  move_object: 253 个样本
  drop_object: 39 个样本
  处理批次 11, 样本 50 个
    [414/2500] 处理: 202160
    ⚠️  无法提取帧: 202160
    [414/2500] 处理: 103407
    [415/2500] 处理: 147747
    ⚠️  无法提取帧: 147747
    [415/2500] 处理: 2979
    ⚠️  无法提取帧: 2979
    [415/2500] 处理: 52718
    [416/2500] 处理: 104426
    [417/2500] 处理: 155234
    [418/2500] 处理: 43941
    [419/2500] 处理: 79172
    [420/2500] 处理: 108281
    [421/2500] 处理: 140401
    [422/2500] 处理: 76178
    [423/2500] 处理: 156839
    ⚠️  无法提取帧: 156839
    [423/2500] 处理: 26336
    [424/2500] 处理: 167801
    [425/2500] 处理: 139609
    [426/2500] 处理: 88710
    [427/2500] 处理: 88221
    [428/2500] 处理: 107836
    [429/2500] 处理: 92420
    ⚠️  无法提取帧: 92420
    [429/2500] 处理: 112880
    [430/2500] 处理: 113710
    [431/2500] 处理: 156117
    ⚠️  无法提取帧: 156117
    [431/2500] 处理: 187058
    [432/2500] 处理: 132063
    [433/2500] 处理: 14298
    ⚠️  无法提取帧: 14298
    [433/2500] 处理: 198400
    [434/2500] 处理: 116724
    [435/2500] 处理: 21616
    [436/2500] 处理: 165244
    [437/2500] 处理: 148035
    ⚠️  无法提取帧: 148035
    [437/2500] 处理: 72620
    [438/2500] 处理: 133640
    [439/2500] 处理: 56983
    [440/2500] 处理: 149464
    [441/2500] 处理: 73541
    ⚠️  无法提取帧: 73541
    [441/2500] 处理: 122915
    [442/2500] 处理: 80696
    [443/2500] 处理: 97998
    [444/2500] 处理: 157302
    [445/2500] 处理: 71609
    [446/2500] 处理: 172221
    [447/2500] 处理: 68548
    [448/2500] 处理: 139476
    [449/2500] 处理: 61270
    [450/2500] 处理: 115626
    [451/2500] 处理: 124519
    [452/2500] 处理: 167995
    [453/2500] 处理: 134982
    [454/2500] 处理: 182181

✅ 元数据已保存
   总样本数: 2954
   训练集: 2363 (80%)
   验证集: 295 (10%)
   测试集: 296 (10%)
   帧设置: 输入前20帧 → 预测第25帧（跳过4帧）
   分辨率: 512x512

=== 数据集类别分布 ===

训练集 (2363 个样本):
  move_object: 1998 个样本
  drop_object: 365 个样本

验证集 (295 个样本):
  move_object: 252 个样本
  drop_object: 43 个样本

测试集 (296 个样本):
  move_object: 250 个样本
  drop_object: 46 个样本
  处理批次 12, 样本 50 个
    [455/2500] 处理: 163453
    [456/2500] 处理: 59705
    [457/2500] 处理: 107437
    [458/2500] 处理: 92114
    [459/2500] 处理: 30175
    [460/2500] 处理: 198858
    [461/2500] 处理: 173847
    ⚠️  无法提取帧: 173847
    [461/2500] 处理: 140806
    [462/2500] 处理: 58287
    [463/2500] 处理: 135504
    [464/2500] 处理: 63019
    [465/2500] 处理: 119875
    ⚠️  无法提取帧: 119875
    [465/2500] 处理: 193973
    [466/2500] 处理: 42281
    [467/2500] 处理: 205706
    [468/2500] 处理: 91762
    [469/2500] 处理: 170337
    ⚠️  无法提取帧: 170337
    [469/2500] 处理: 2079
    [470/2500] 处理: 13753
    [471/2500] 处理: 90699
    [472/2500] 处理: 176242
    ⚠️  无法提取帧: 176242
    [472/2500] 处理: 147955
    ⚠️  无法提取帧: 147955
    [472/2500] 处理: 6294
    [473/2500] 处理: 55240
    [474/2500] 处理: 49294
    ⚠️  无法提取帧: 49294
    [474/2500] 处理: 32412
    [475/2500] 处理: 48933
    ⚠️  无法提取帧: 48933
    [475/2500] 处理: 189735
    [476/2500] 处理: 144903
    [477/2500] 处理: 125630
    [478/2500] 处理: 95443
    [479/2500] 处理: 194131
    [480/2500] 处理: 6719
    [481/2500] 处理: 27344
    [482/2500] 处理: 100478
    [483/2500] 处理: 71050
    [484/2500] 处理: 35834
    [485/2500] 处理: 179617
    [486/2500] 处理: 202274
    [487/2500] 处理: 62309
    [488/2500] 处理: 113512
    ⚠️  无法提取帧: 113512
    [488/2500] 处理: 145841
    [489/2500] 处理: 164747
    [490/2500] 处理: 162518
    [491/2500] 处理: 99156
    [492/2500] 处理: 90241
    [493/2500] 处理: 86211
    [494/2500] 处理: 186835
    [495/2500] 处理: 113570
    [496/2500] 处理: 38669
    ⚠️  无法提取帧: 38669

✅ 元数据已保存
   总样本数: 2995
   训练集: 2396 (80%)
   验证集: 299 (10%)
   测试集: 300 (10%)
   帧设置: 输入前20帧 → 预测第25帧（跳过4帧）
   分辨率: 512x512

=== 数据集类别分布 ===

训练集 (2396 个样本):
  move_object: 2019 个样本
  drop_object: 377 个样本

验证集 (299 个样本):
  move_object: 244 个样本
  drop_object: 55 个样本

测试集 (300 个样本):
  move_object: 237 个样本
  drop_object: 63 个样本
  处理批次 13, 样本 50 个
    [496/2500] 处理: 171821
    [497/2500] 处理: 142229
    [498/2500] 处理: 194993
    [499/2500] 处理: 43984
    [500/2500] 处理: 44643
    [501/2500] 处理: 211480
    ⚠️  无法提取帧: 211480
    [501/2500] 处理: 126478
    [502/2500] 处理: 83661
    [503/2500] 处理: 126210
    ⚠️  无法提取帧: 126210
    [503/2500] 处理: 140456
    [504/2500] 处理: 63322
    [505/2500] 处理: 102757
    [506/2500] 处理: 85239
    [507/2500] 处理: 180745
    [508/2500] 处理: 103289
    [509/2500] 处理: 128499
    [510/2500] 处理: 160429
    [511/2500] 处理: 217443
    [512/2500] 处理: 157204
    [513/2500] 处理: 181014
    [514/2500] 处理: 10835
    [515/2500] 处理: 25167
    [516/2500] 处理: 95693
    [517/2500] 处理: 178218
    [518/2500] 处理: 196931
    [519/2500] 处理: 72159
    ⚠️  无法提取帧: 72159
    [519/2500] 处理: 183268
    [520/2500] 处理: 30894
    [521/2500] 处理: 168133
    [522/2500] 处理: 168629
    [523/2500] 处理: 64621
    [524/2500] 处理: 95456
    [525/2500] 处理: 113072
    [526/2500] 处理: 24247
    ⚠️  无法提取帧: 24247
    [526/2500] 处理: 102046
    ⚠️  无法提取帧: 102046
    [526/2500] 处理: 136218
    [527/2500] 处理: 215235
    [528/2500] 处理: 216292
    [529/2500] 处理: 122997
    [530/2500] 处理: 178428
    [531/2500] 处理: 61533
    [532/2500] 处理: 72686
    [533/2500] 处理: 124713
    [534/2500] 处理: 40214
    [535/2500] 处理: 82019
    [536/2500] 处理: 163902
    ⚠️  无法提取帧: 163902
    [536/2500] 处理: 130240
    ⚠️  无法提取帧: 130240
    [536/2500] 处理: 212670
    ⚠️  无法提取帧: 212670
    [536/2500] 处理: 12297
    [537/2500] 处理: 100016

✅ 元数据已保存
   总样本数: 3037
   训练集: 2429 (80%)
   验证集: 303 (10%)
   测试集: 305 (10%)
   帧设置: 输入前20帧 → 预测第25帧（跳过4帧）
   分辨率: 512x512

=== 数据集类别分布 ===

训练集 (2429 个样本):
  move_object: 1989 个样本
  drop_object: 440 个样本

验证集 (303 个样本):
  move_object: 253 个样本
  drop_object: 50 个样本

测试集 (305 个样本):
  move_object: 258 个样本
  drop_object: 47 个样本
  处理批次 14, 样本 50 个
    [538/2500] 处理: 6475
    [539/2500] 处理: 117721
    [540/2500] 处理: 139292
    [541/2500] 处理: 165027
    [542/2500] 处理: 189541
    [543/2500] 处理: 173765
    ⚠️  无法提取帧: 173765
    [543/2500] 处理: 91961
    [544/2500] 处理: 115481
    [545/2500] 处理: 54947
    ⚠️  无法提取帧: 54947
    [545/2500] 处理: 15398
    ⚠️  无法提取帧: 15398
    [545/2500] 处理: 125007
    [546/2500] 处理: 80726
    [547/2500] 处理: 92416
    [548/2500] 处理: 134274
    [549/2500] 处理: 216834
    [550/2500] 处理: 208186
    [551/2500] 处理: 168128
    [552/2500] 处理: 210164
    [553/2500] 处理: 185445
    ⚠️  无法提取帧: 185445
    [553/2500] 处理: 113250
    [554/2500] 处理: 42500
    [555/2500] 处理: 115157
    [556/2500] 处理: 155228
    [557/2500] 处理: 190417
    ⚠️  无法提取帧: 190417
    [557/2500] 处理: 199679
    [558/2500] 处理: 170152
    [559/2500] 处理: 42983
    [560/2500] 处理: 135647
    [561/2500] 处理: 134510
    ⚠️  无法提取帧: 134510
    [561/2500] 处理: 209274
    [562/2500] 处理: 1669
    ⚠️  无法提取帧: 1669
    [562/2500] 处理: 149466
    [563/2500] 处理: 215183
    [564/2500] 处理: 4751
    [565/2500] 处理: 201903
    [566/2500] 处理: 157196
    [567/2500] 处理: 95680
    [568/2500] 处理: 113820
    [569/2500] 处理: 118661
    [570/2500] 处理: 175418
    [571/2500] 处理: 172068
    [572/2500] 处理: 53316
    [573/2500] 处理: 146585
    [574/2500] 处理: 190207
    [575/2500] 处理: 166298
    [576/2500] 处理: 22679
    [577/2500] 处理: 139028
    [578/2500] 处理: 57024
    [579/2500] 处理: 171997
    [580/2500] 处理: 40647

✅ 元数据已保存
   总样本数: 3080
   训练集: 2464 (80%)
   验证集: 308 (10%)
   测试集: 308 (10%)
   帧设置: 输入前20帧 → 预测第25帧（跳过4帧）
   分辨率: 512x512

=== 数据集类别分布 ===

训练集 (2464 个样本):
  move_object: 2009 个样本
  drop_object: 455 个样本

验证集 (308 个样本):
  move_object: 254 个样本
  drop_object: 54 个样本

测试集 (308 个样本):
  move_object: 237 个样本
  drop_object: 71 个样本
  处理批次 15, 样本 50 个
    [581/2500] 处理: 146251
    [582/2500] 处理: 42041
    [583/2500] 处理: 94115
    [584/2500] 处理: 209267
    [585/2500] 处理: 203104
    [586/2500] 处理: 43240
    [587/2500] 处理: 175052
    [588/2500] 处理: 208702
    [589/2500] 处理: 67489
    [590/2500] 处理: 5193
    [591/2500] 处理: 62302
    [592/2500] 处理: 24021
    [593/2500] 处理: 5925
    [594/2500] 处理: 76513
    [595/2500] 处理: 175852
    [596/2500] 处理: 34911
    [597/2500] 处理: 132142
    [598/2500] 处理: 204973
    [599/2500] 处理: 165443
    ⚠️  无法提取帧: 165443
    [599/2500] 处理: 119068
    [600/2500] 处理: 104171
    ⚠️  无法提取帧: 104171
    [600/2500] 处理: 185158
    [601/2500] 处理: 8492
    [602/2500] 处理: 80972
    [603/2500] 处理: 48760
    [604/2500] 处理: 181391
    [605/2500] 处理: 142815
    [606/2500] 处理: 213665
    [607/2500] 处理: 141548
    [608/2500] 处理: 101583
    [609/2500] 处理: 127944
    [610/2500] 处理: 88510
    [611/2500] 处理: 114029
    [612/2500] 处理: 16891
    [613/2500] 处理: 185996
    [614/2500] 处理: 127521
    [615/2500] 处理: 74992
    [616/2500] 处理: 86426
    [617/2500] 处理: 83421
    [618/2500] 处理: 16557
    [619/2500] 处理: 219839
    [620/2500] 处理: 140071
    [621/2500] 处理: 85200
    [622/2500] 处理: 210865
    [623/2500] 处理: 177233
    [624/2500] 处理: 76135
    [625/2500] 处理: 98522
    [626/2500] 处理: 135032
    [627/2500] 处理: 199545
    ⚠️  无法提取帧: 199545
    [627/2500] 处理: 5634

✅ 元数据已保存
   总样本数: 3127
   训练集: 2501 (80%)
   验证集: 312 (10%)
   测试集: 314 (10%)
   帧设置: 输入前20帧 → 预测第25帧（跳过4帧）
   分辨率: 512x512

=== 数据集类别分布 ===

训练集 (2501 个样本):
  move_object: 1993 个样本
  drop_object: 508 个样本

验证集 (312 个样本):
  move_object: 254 个样本
  drop_object: 58 个样本

测试集 (314 个样本):
  move_object: 253 个样本
  drop_object: 61 个样本
  处理批次 16, 样本 50 个
    [628/2500] 处理: 16050
    [629/2500] 处理: 213370
    ⚠️  无法提取帧: 213370
    [629/2500] 处理: 91288
    ⚠️  无法提取帧: 91288
    [629/2500] 处理: 99
    [630/2500] 处理: 217754
    [631/2500] 处理: 102956
    [632/2500] 处理: 67368
    [633/2500] 处理: 32568
    [634/2500] 处理: 16454
    ⚠️  无法提取帧: 16454
    [634/2500] 处理: 151182
    [635/2500] 处理: 33488
    [636/2500] 处理: 179737
    ⚠️  无法提取帧: 179737
    [636/2500] 处理: 218765
    [637/2500] 处理: 82081
    [638/2500] 处理: 166022
    [639/2500] 处理: 1103
    [640/2500] 处理: 3071
    [641/2500] 处理: 167086
    [642/2500] 处理: 172910
    [643/2500] 处理: 37112
    [644/2500] 处理: 56638
    [645/2500] 处理: 88960
    [646/2500] 处理: 129468
    [647/2500] 处理: 111147
    [648/2500] 处理: 71490
    [649/2500] 处理: 173724
    [650/2500] 处理: 193224
    [651/2500] 处理: 148456
    [652/2500] 处理: 211230
    [653/2500] 处理: 80059
    [654/2500] 处理: 24883
    [655/2500] 处理: 76197
    [656/2500] 处理: 204106
    [657/2500] 处理: 25185
    [658/2500] 处理: 186026
    [659/2500] 处理: 8027
    [660/2500] 处理: 182112
    [661/2500] 处理: 37610
    [662/2500] 处理: 173122
    [663/2500] 处理: 200483
    [664/2500] 处理: 154326
    [665/2500] 处理: 56834
    ⚠️  无法提取帧: 56834
    [665/2500] 处理: 32723
    ⚠️  无法提取帧: 32723
    [665/2500] 处理: 49905
    ⚠️  无法提取帧: 49905
    [665/2500] 处理: 164241
    [666/2500] 处理: 47008
    [667/2500] 处理: 173412
    [668/2500] 处理: 79307
    [669/2500] 处理: 112065
    [670/2500] 处理: 65825

✅ 元数据已保存
   总样本数: 3170
   训练集: 2536 (80%)
   验证集: 317 (10%)
   测试集: 317 (10%)
   帧设置: 输入前20帧 → 预测第25帧（跳过4帧）
   分辨率: 512x512

=== 数据集类别分布 ===

训练集 (2536 个样本):
  move_object: 2006 个样本
  drop_object: 530 个样本

验证集 (317 个样本):
  move_object: 250 个样本
  drop_object: 67 个样本

测试集 (317 个样本):
  move_object: 244 个样本
  drop_object: 73 个样本
  处理批次 17, 样本 50 个
    [671/2500] 处理: 138480
    [672/2500] 处理: 106465
    [673/2500] 处理: 89499
    [674/2500] 处理: 173226
    [675/2500] 处理: 180830
    [676/2500] 处理: 203845
    [677/2500] 处理: 156670
    [678/2500] 处理: 211631
    [679/2500] 处理: 6815
    [680/2500] 处理: 78758
    [681/2500] 处理: 119889
    [682/2500] 处理: 200605
    [683/2500] 处理: 76489
    [684/2500] 处理: 60616
    ⚠️  无法提取帧: 60616
    [684/2500] 处理: 215534
    [685/2500] 处理: 114786
    [686/2500] 处理: 120477
    [687/2500] 处理: 183855
    [688/2500] 处理: 71725
    [689/2500] 处理: 34762
    [690/2500] 处理: 146756
    [691/2500] 处理: 126337
    [692/2500] 处理: 153994
    ⚠️  无法提取帧: 153994
    [692/2500] 处理: 111683
    [693/2500] 处理: 78339
    ⚠️  无法提取帧: 78339
    [693/2500] 处理: 123633
    [694/2500] 处理: 61530
    [695/2500] 处理: 192709
    [696/2500] 处理: 56734
    [697/2500] 处理: 78705
    [698/2500] 处理: 111797
    [699/2500] 处理: 36452
    [700/2500] 处理: 182858
    [701/2500] 处理: 171869
    [702/2500] 处理: 33095
    [703/2500] 处理: 208243
    [704/2500] 处理: 90404
    [705/2500] 处理: 209775
    ⚠️  无法提取帧: 209775
    [705/2500] 处理: 76267
    [706/2500] 处理: 158494
    [707/2500] 处理: 88374
    [708/2500] 处理: 13643
    [709/2500] 处理: 91112
    [710/2500] 处理: 54790
    [711/2500] 处理: 181397
    [712/2500] 处理: 92100
    [713/2500] 处理: 148208
    [714/2500] 处理: 17047
    [715/2500] 处理: 153032
    [716/2500] 处理: 168969

✅ 元数据已保存
   总样本数: 3216
   训练集: 2572 (80%)
   验证集: 321 (10%)
   测试集: 323 (10%)
   帧设置: 输入前20帧 → 预测第25帧（跳过4帧）
   分辨率: 512x512

=== 数据集类别分布 ===

训练集 (2572 个样本):
  move_object: 1992 个样本
  drop_object: 580 个样本

验证集 (321 个样本):
  move_object: 251 个样本
  drop_object: 70 个样本

测试集 (323 个样本):
  move_object: 257 个样本
  drop_object: 66 个样本
  处理批次 18, 样本 50 个
    [717/2500] 处理: 26954
    [718/2500] 处理: 11064
    [719/2500] 处理: 54856
    [720/2500] 处理: 216783
    [721/2500] 处理: 127380
    [722/2500] 处理: 47549
    [723/2500] 处理: 103992
    ⚠️  无法提取帧: 103992
    [723/2500] 处理: 110457
    ⚠️  无法提取帧: 110457
    [723/2500] 处理: 210278
    [724/2500] 处理: 92911
    ⚠️  无法提取帧: 92911
    [724/2500] 处理: 209855
    ⚠️  无法提取帧: 209855
    [724/2500] 处理: 155220
    [725/2500] 处理: 124059
    [726/2500] 处理: 181339
    [727/2500] 处理: 42533
    [728/2500] 处理: 77856
    [729/2500] 处理: 64408
    [730/2500] 处理: 184650
    [731/2500] 处理: 145210
    [732/2500] 处理: 198193
    [733/2500] 处理: 28339
    [734/2500] 处理: 139523
    [735/2500] 处理: 153116
    [736/2500] 处理: 189090
    ⚠️  无法提取帧: 189090
    [736/2500] 处理: 151339
    [737/2500] 处理: 207431
    [738/2500] 处理: 27298
    [739/2500] 处理: 81045
    [740/2500] 处理: 187283
    [741/2500] 处理: 127259
    [742/2500] 处理: 63934
    [743/2500] 处理: 127676
    ⚠️  无法提取帧: 127676
    [743/2500] 处理: 45998
    [744/2500] 处理: 21626
    [745/2500] 处理: 130575
    [746/2500] 处理: 204189
    [747/2500] 处理: 148492
    [748/2500] 处理: 142436
    ⚠️  无法提取帧: 142436
    [748/2500] 处理: 45648
    ⚠️  无法提取帧: 45648
    [748/2500] 处理: 15318
    [749/2500] 处理: 199264
    [750/2500] 处理: 48797
    [751/2500] 处理: 94399
    [752/2500] 处理: 194402
    [753/2500] 处理: 36860
    [754/2500] 处理: 47230
    ⚠️  无法提取帧: 47230
    [754/2500] 处理: 117007
    [755/2500] 处理: 158240
    [756/2500] 处理: 1859
    [757/2500] 处理: 105520
    ⚠️  无法提取帧: 105520

✅ 元数据已保存
   总样本数: 3256
   训练集: 2604 (80%)
   验证集: 325 (10%)
   测试集: 327 (10%)
   帧设置: 输入前20帧 → 预测第25帧（跳过4帧）
   分辨率: 512x512

=== 数据集类别分布 ===

训练集 (2604 个样本):
  move_object: 1995 个样本
  drop_object: 609 个样本

验证集 (325 个样本):
  move_object: 255 个样本
  drop_object: 70 个样本

测试集 (327 个样本):
  move_object: 250 个样本
  drop_object: 77 个样本
  处理批次 19, 样本 50 个
    [757/2500] 处理: 21600
    ⚠️  无法提取帧: 21600
    [757/2500] 处理: 98105
    [758/2500] 处理: 179505
    [759/2500] 处理: 135865
    [760/2500] 处理: 111248
    ⚠️  无法提取帧: 111248
    [760/2500] 处理: 47664
    [761/2500] 处理: 113488
    [762/2500] 处理: 208798
    [763/2500] 处理: 105076
    [764/2500] 处理: 27360
    [765/2500] 处理: 177428
    [766/2500] 处理: 85123
    ⚠️  无法提取帧: 85123
    [766/2500] 处理: 161509
    [767/2500] 处理: 25793
    [768/2500] 处理: 64202
    [769/2500] 处理: 220190
    ⚠️  无法提取帧: 220190
    [769/2500] 处理: 92677
    [770/2500] 处理: 204031
    [771/2500] 处理: 14429
    [772/2500] 处理: 186427
    [773/2500] 处理: 43777
    [774/2500] 处理: 200487
    [775/2500] 处理: 160258
    [776/2500] 处理: 59199
    ⚠️  无法提取帧: 59199
    [776/2500] 处理: 4289
    [777/2500] 处理: 160227
    [778/2500] 处理: 118099
    [779/2500] 处理: 144858
    [780/2500] 处理: 6241
    ⚠️  无法提取帧: 6241
    [780/2500] 处理: 154475
    [781/2500] 处理: 60440
    [782/2500] 处理: 43080
    [783/2500] 处理: 8922
    [784/2500] 处理: 93259
    [785/2500] 处理: 202109
    [786/2500] 处理: 13097
    [787/2500] 处理: 1884
    [788/2500] 处理: 108690
    [789/2500] 处理: 41131
    [790/2500] 处理: 59958
    [791/2500] 处理: 130775
    [792/2500] 处理: 11567
    [793/2500] 处理: 13034
    [794/2500] 处理: 165324
    ⚠️  无法提取帧: 165324
    [794/2500] 处理: 130646
    [795/2500] 处理: 148037
    [796/2500] 处理: 152171
    [797/2500] 处理: 142724
    [798/2500] 处理: 137280
    [799/2500] 处理: 179555

✅ 元数据已保存
   总样本数: 3299
   训练集: 2639 (80%)
   验证集: 329 (10%)
   测试集: 331 (10%)
   帧设置: 输入前20帧 → 预测第25帧（跳过4帧）
   分辨率: 512x512

=== 数据集类别分布 ===

训练集 (2639 个样本):
  drop_object: 632 个样本
  move_object: 2007 个样本

验证集 (329 个样本):
  move_object: 243 个样本
  drop_object: 86 个样本

测试集 (331 个样本):
  move_object: 250 个样本
  drop_object: 81 个样本
  处理批次 20, 样本 50 个
    [800/2500] 处理: 151523
    [801/2500] 处理: 128200
    [802/2500] 处理: 104924
    [803/2500] 处理: 20941
    ⚠️  无法提取帧: 20941
    [803/2500] 处理: 3312
    ⚠️  无法提取帧: 3312
    [803/2500] 处理: 51294
    [804/2500] 处理: 161528
    [805/2500] 处理: 205427
    [806/2500] 处理: 134270
    [807/2500] 处理: 86728
    [808/2500] 处理: 86522
    [809/2500] 处理: 160107
    [810/2500] 处理: 119200
    ⚠️  无法提取帧: 119200
    [810/2500] 处理: 86044
    [811/2500] 处理: 86496
    [812/2500] 处理: 72838
    [813/2500] 处理: 218583
    [814/2500] 处理: 93287
    [815/2500] 处理: 54390
    [816/2500] 处理: 149836
    [817/2500] 处理: 111937
    [818/2500] 处理: 87571
    [819/2500] 处理: 110971
    [820/2500] 处理: 196505
    [821/2500] 处理: 113517
    [822/2500] 处理: 10062
    [823/2500] 处理: 91514
    [824/2500] 处理: 50689
    [825/2500] 处理: 158265
    [826/2500] 处理: 127044
    [827/2500] 处理: 2577
    [828/2500] 处理: 6232
    ⚠️  无法提取帧: 6232
    [828/2500] 处理: 143568
    [829/2500] 处理: 186625
    [830/2500] 处理: 132277
    ⚠️  无法提取帧: 132277
    [830/2500] 处理: 109651
    ⚠️  无法提取帧: 109651
    [830/2500] 处理: 76054
    [831/2500] 处理: 47064
    [832/2500] 处理: 11879
    [833/2500] 处理: 177483
    [834/2500] 处理: 147025
    ⚠️  无法提取帧: 147025
    [834/2500] 处理: 93682
    [835/2500] 处理: 167205
    [836/2500] 处理: 115642
    [837/2500] 处理: 208902
    [838/2500] 处理: 209600
    [839/2500] 处理: 455
    [840/2500] 处理: 132188
    [841/2500] 处理: 169666
    [842/2500] 处理: 22636

✅ 元数据已保存
   总样本数: 3342
   训练集: 2673 (80%)
   验证集: 334 (10%)
   测试集: 335 (10%)
   帧设置: 输入前20帧 → 预测第25帧（跳过4帧）
   分辨率: 512x512

=== 数据集类别分布 ===

训练集 (2673 个样本):
  drop_object: 674 个样本
  move_object: 1999 个样本

验证集 (334 个样本):
  move_object: 251 个样本
  drop_object: 83 个样本

测试集 (335 个样本):
  move_object: 250 个样本
  drop_object: 85 个样本
  处理批次 21, 样本 50 个
    [843/2500] 处理: 207028
    [844/2500] 处理: 137545
    [845/2500] 处理: 13048
    [846/2500] 处理: 68514
    [847/2500] 处理: 193880
    [848/2500] 处理: 160438
    [849/2500] 处理: 800
    [850/2500] 处理: 158391
    [851/2500] 处理: 120734
    [852/2500] 处理: 193385
    [853/2500] 处理: 47318
    [854/2500] 处理: 71696
    [855/2500] 处理: 194458
    [856/2500] 处理: 3825
    [857/2500] 处理: 114224
    [858/2500] 处理: 100639
    [859/2500] 处理: 21700
    [860/2500] 处理: 117132
    [861/2500] 处理: 78335
    [862/2500] 处理: 19364
    [863/2500] 处理: 8176
    ⚠️  无法提取帧: 8176
    [863/2500] 处理: 61758
    [864/2500] 处理: 155244
    [865/2500] 处理: 172375
    [866/2500] 处理: 22363
    [867/2500] 处理: 24725
    [868/2500] 处理: 160228
    [869/2500] 处理: 142169
    [870/2500] 处理: 12645
    [871/2500] 处理: 61455
    [872/2500] 处理: 190100
    [873/2500] 处理: 16155
    [874/2500] 处理: 23295
    [875/2500] 处理: 113639
    [876/2500] 处理: 31928
    [877/2500] 处理: 138210
    ⚠️  无法提取帧: 138210
    [877/2500] 处理: 47480
    [878/2500] 处理: 200306
    [879/2500] 处理: 41866
    [880/2500] 处理: 115620
    [881/2500] 处理: 40778
    [882/2500] 处理: 48481
    [883/2500] 处理: 148254
    [884/2500] 处理: 88447
    [885/2500] 处理: 94562
    [886/2500] 处理: 187158
    ⚠️  无法提取帧: 187158
    [886/2500] 处理: 92162
    [887/2500] 处理: 189857
    [888/2500] 处理: 203758
    [889/2500] 处理: 171168
    ⚠️  无法提取帧: 171168

✅ 元数据已保存
   总样本数: 3388
   训练集: 2710 (80%)
   验证集: 338 (10%)
   测试集: 340 (10%)
   帧设置: 输入前20帧 → 预测第25帧（跳过4帧）
   分辨率: 512x512

=== 数据集类别分布 ===

训练集 (2710 个样本):
  move_object: 1998 个样本
  drop_object: 712 个样本
