nohup: ignoring input
✅ 目录结构创建完成 - 分辨率: 256x256
开始数据处理...
📹 帧设置: 输入前20帧 → 预测第25帧（跳过中间4帧）
📏 分辨率: 256x256
✅ 加载了 train 集的 168913 个样本

=== 样本分类结果 ===
move_object: 38500 个样本
  - Pushing [something] from right to left
  - Pushing [something] so that it slightly moves
  - Moving [something] across a surface until it falls down
drop_object: 8765 个样本
  - Dropping [something] in front of [something]
  - Dropping [something] behind [something]
  - Dropping [something] onto [something]
cover_object: 7795 个样本
  - Covering [something] with [something]
  - Covering [something] with [something]
  - Covering [something] with [something]
已加载 0 个现有样本

处理类别: move_object
当前已有 0 个样本，目标 2500 个
  处理批次 1, 样本 50 个
    [1/2500] 处理: 81005
    [2/2500] 处理: 54326
    [3/2500] 处理: 139262
    [4/2500] 处理: 142542
    [5/2500] 处理: 35145
    [6/2500] 处理: 201540
    [7/2500] 处理: 173038
    [8/2500] 处理: 21946
    [9/2500] 处理: 94828
    [10/2500] 处理: 79148
    [11/2500] 处理: 214355
    [12/2500] 处理: 54946
    [13/2500] 处理: 4721
    ⚠️  无法提取帧: 4721
    [13/2500] 处理: 71101
    [14/2500] 处理: 210997
    [15/2500] 处理: 84682
    [16/2500] 处理: 25843
    [17/2500] 处理: 189141
    [18/2500] 处理: 23860
    [19/2500] 处理: 113783
    [20/2500] 处理: 218497
    [21/2500] 处理: 137316
    [22/2500] 处理: 6705
    [23/2500] 处理: 173304
    [24/2500] 处理: 26957
    [25/2500] 处理: 186431
    [26/2500] 处理: 36166
    [27/2500] 处理: 61085
    [28/2500] 处理: 135767
    [29/2500] 处理: 40620
    [30/2500] 处理: 4960
    [31/2500] 处理: 49151
    [32/2500] 处理: 131864
    [33/2500] 处理: 31978
    ⚠️  无法提取帧: 31978
    [33/2500] 处理: 219159
    [34/2500] 处理: 20378
    [35/2500] 处理: 80913
    [36/2500] 处理: 99022
    [37/2500] 处理: 174901
    [38/2500] 处理: 110598
    [39/2500] 处理: 27863
    [40/2500] 处理: 163922
    [41/2500] 处理: 78721
    [42/2500] 处理: 101406
    ⚠️  无法提取帧: 101406
    [42/2500] 处理: 177188
    [43/2500] 处理: 33126
    [44/2500] 处理: 22606
    ⚠️  无法提取帧: 22606
    [44/2500] 处理: 135712
    [45/2500] 处理: 170254
    [46/2500] 处理: 211495

✅ 元数据已保存
   总样本数: 46
   训练集: 36 (80%)
   验证集: 4 (10%)
   测试集: 6 (10%)
   帧设置: 输入前20帧 → 预测第25帧（跳过4帧）
   分辨率: 256x256

=== 数据集类别分布 ===

训练集 (36 个样本):
  move_object: 36 个样本

验证集 (4 个样本):
  move_object: 4 个样本

测试集 (6 个样本):
  move_object: 6 个样本
  处理批次 2, 样本 50 个
    [47/2500] 处理: 205692
    [48/2500] 处理: 59967
    [49/2500] 处理: 132717
    [50/2500] 处理: 148655
    [51/2500] 处理: 68379
    [52/2500] 处理: 93597
    [53/2500] 处理: 27005
    [54/2500] 处理: 190170
    [55/2500] 处理: 93208
    [56/2500] 处理: 9926
    [57/2500] 处理: 136446
    [58/2500] 处理: 44248
    [59/2500] 处理: 126611
    [60/2500] 处理: 172120
    [61/2500] 处理: 3335
    [62/2500] 处理: 173625
    [63/2500] 处理: 188923
    [64/2500] 处理: 73947
    [65/2500] 处理: 120621
    [66/2500] 处理: 150836
    [67/2500] 处理: 74131
    [68/2500] 处理: 95563
    [69/2500] 处理: 155299
    [70/2500] 处理: 100737
    [71/2500] 处理: 113245
    [72/2500] 处理: 102653
    [73/2500] 处理: 99222
    [74/2500] 处理: 187323
    [75/2500] 处理: 73005
    [76/2500] 处理: 127772
    [77/2500] 处理: 168138
    [78/2500] 处理: 154492
    [79/2500] 处理: 170883
    [80/2500] 处理: 128600
    [81/2500] 处理: 75769
    [82/2500] 处理: 208586
    [83/2500] 处理: 109869
    [84/2500] 处理: 154880
    [85/2500] 处理: 171100
    [86/2500] 处理: 65629
    [87/2500] 处理: 217631
    [88/2500] 处理: 121576
    [89/2500] 处理: 217849
    [90/2500] 处理: 140899
    [91/2500] 处理: 127277
    ⚠️  无法提取帧: 127277
    [91/2500] 处理: 192327
    [92/2500] 处理: 63490
    [93/2500] 处理: 86563
    [94/2500] 处理: 61498
    [95/2500] 处理: 125204

✅ 元数据已保存
   总样本数: 95
   训练集: 76 (80%)
   验证集: 9 (10%)
   测试集: 10 (10%)
   帧设置: 输入前20帧 → 预测第25帧（跳过4帧）
   分辨率: 256x256

=== 数据集类别分布 ===

训练集 (76 个样本):
  move_object: 76 个样本

验证集 (9 个样本):
  move_object: 9 个样本

测试集 (10 个样本):
  move_object: 10 个样本
  处理批次 3, 样本 50 个
    [96/2500] 处理: 88194
    [97/2500] 处理: 15438
    [98/2500] 处理: 85739
    [99/2500] 处理: 109421
    [100/2500] 处理: 90322
    [101/2500] 处理: 73653
    [102/2500] 处理: 127460
    [103/2500] 处理: 169942
    [104/2500] 处理: 120757
    [105/2500] 处理: 139323
    [106/2500] 处理: 131905
    [107/2500] 处理: 97835
    [108/2500] 处理: 66220
    [109/2500] 处理: 100684
    [110/2500] 处理: 102647
    [111/2500] 处理: 180960
    [112/2500] 处理: 104449
    [113/2500] 处理: 61155
    [114/2500] 处理: 44628
    [115/2500] 处理: 206308
    [116/2500] 处理: 187097
    [117/2500] 处理: 154789
    [118/2500] 处理: 123686
    [119/2500] 处理: 25813
    [120/2500] 处理: 164556
    [121/2500] 处理: 154978
    [122/2500] 处理: 167507
    [123/2500] 处理: 32142
    [124/2500] 处理: 55931
    [125/2500] 处理: 124541
    [126/2500] 处理: 85549
    [127/2500] 处理: 133336
    [128/2500] 处理: 45834
    [129/2500] 处理: 190140
    ⚠️  无法提取帧: 190140
    [129/2500] 处理: 195313
    [130/2500] 处理: 97130
    [131/2500] 处理: 188951
    [132/2500] 处理: 87534
    [133/2500] 处理: 108708
    [134/2500] 处理: 33973
    [135/2500] 处理: 136080
    [136/2500] 处理: 185939
    ⚠️  无法提取帧: 185939
    [136/2500] 处理: 13111
    [137/2500] 处理: 96223
    [138/2500] 处理: 7928
    [139/2500] 处理: 22584
    [140/2500] 处理: 116718
    [141/2500] 处理: 131379
    [142/2500] 处理: 176934
    ⚠️  无法提取帧: 176934
    [142/2500] 处理: 210341

✅ 元数据已保存
   总样本数: 142
   训练集: 113 (80%)
   验证集: 14 (10%)
   测试集: 15 (10%)
   帧设置: 输入前20帧 → 预测第25帧（跳过4帧）
   分辨率: 256x256

=== 数据集类别分布 ===

训练集 (113 个样本):
  move_object: 113 个样本

验证集 (14 个样本):
  move_object: 14 个样本

测试集 (15 个样本):
  move_object: 15 个样本
  处理批次 4, 样本 50 个
    [143/2500] 处理: 71118
    [144/2500] 处理: 97538
    ⚠️  无法提取帧: 97538
    [144/2500] 处理: 7965
    [145/2500] 处理: 154399
    [146/2500] 处理: 183542
    [147/2500] 处理: 159997
    [148/2500] 处理: 56502
    [149/2500] 处理: 189360
    [150/2500] 处理: 180979
    ⚠️  无法提取帧: 180979
    [150/2500] 处理: 39782
    [151/2500] 处理: 149025
    ⚠️  无法提取帧: 149025
    [151/2500] 处理: 174119
    ⚠️  无法提取帧: 174119
    [151/2500] 处理: 190567
    [152/2500] 处理: 23743
    [153/2500] 处理: 22801
    [154/2500] 处理: 153422
    [155/2500] 处理: 89453
    [156/2500] 处理: 216973
    [157/2500] 处理: 133593
    [158/2500] 处理: 216286
    [159/2500] 处理: 13140
    [160/2500] 处理: 58481
    ⚠️  无法提取帧: 58481
    [160/2500] 处理: 41350
    [161/2500] 处理: 123925
    ⚠️  无法提取帧: 123925
    [161/2500] 处理: 32639
    [162/2500] 处理: 197511
    [163/2500] 处理: 126060
    [164/2500] 处理: 85538
    [165/2500] 处理: 67354
    [166/2500] 处理: 81979
    [167/2500] 处理: 107941
    [168/2500] 处理: 140344
    ⚠️  无法提取帧: 140344
    [168/2500] 处理: 86008
    [169/2500] 处理: 199747
    ⚠️  无法提取帧: 199747
    [169/2500] 处理: 198136
    [170/2500] 处理: 195034
    [171/2500] 处理: 191330
    [172/2500] 处理: 50016
    [173/2500] 处理: 32148
    [174/2500] 处理: 72927
    [175/2500] 处理: 91060
    [176/2500] 处理: 84976
    [177/2500] 处理: 220607
    [178/2500] 处理: 105122
    [179/2500] 处理: 26528
    [180/2500] 处理: 208237
    [181/2500] 处理: 195987
    [182/2500] 处理: 137953
    [183/2500] 处理: 29916
    [184/2500] 处理: 140129

✅ 元数据已保存
   总样本数: 184
   训练集: 147 (80%)
   验证集: 18 (10%)
   测试集: 19 (10%)
   帧设置: 输入前20帧 → 预测第25帧（跳过4帧）
   分辨率: 256x256

=== 数据集类别分布 ===

训练集 (147 个样本):
  move_object: 147 个样本

验证集 (18 个样本):
  move_object: 18 个样本

测试集 (19 个样本):
  move_object: 19 个样本
  处理批次 5, 样本 50 个
    [185/2500] 处理: 164832
    ⚠️  无法提取帧: 164832
    [185/2500] 处理: 109409
    [186/2500] 处理: 147143
    [187/2500] 处理: 191299
    [188/2500] 处理: 103087
    [189/2500] 处理: 27369
    [190/2500] 处理: 205558
    [191/2500] 处理: 13402
    ⚠️  无法提取帧: 13402
    [191/2500] 处理: 105535
    [192/2500] 处理: 67831
    [193/2500] 处理: 49746
    [194/2500] 处理: 210269
    ⚠️  无法提取帧: 210269
    [194/2500] 处理: 110543
    [195/2500] 处理: 27904
    [196/2500] 处理: 34161
    [197/2500] 处理: 70469
    [198/2500] 处理: 78234
    [199/2500] 处理: 74702
    [200/2500] 处理: 212888
    [201/2500] 处理: 42593
    [202/2500] 处理: 936
    [203/2500] 处理: 112976
    [204/2500] 处理: 146455
    [205/2500] 处理: 88920
    [206/2500] 处理: 176238
    [207/2500] 处理: 84722
    [208/2500] 处理: 88215
    [209/2500] 处理: 219126
    [210/2500] 处理: 62156
    [211/2500] 处理: 12698
    ⚠️  无法提取帧: 12698
    [211/2500] 处理: 114033
    [212/2500] 处理: 41056
    [213/2500] 处理: 155514
    [214/2500] 处理: 161641
    [215/2500] 处理: 125051
    [216/2500] 处理: 28381
    [217/2500] 处理: 2633
    [218/2500] 处理: 170625
    [219/2500] 处理: 120352
    [220/2500] 处理: 85177
    [221/2500] 处理: 179148
    [222/2500] 处理: 104211
    [223/2500] 处理: 27726
    [224/2500] 处理: 19112
    [225/2500] 处理: 164572
    ⚠️  无法提取帧: 164572
    [225/2500] 处理: 88040
    ⚠️  无法提取帧: 88040
    [225/2500] 处理: 211348
    [226/2500] 处理: 214694
    [227/2500] 处理: 149107
    [228/2500] 处理: 56838

✅ 元数据已保存
   总样本数: 228
   训练集: 182 (80%)
   验证集: 22 (10%)
   测试集: 24 (10%)
   帧设置: 输入前20帧 → 预测第25帧（跳过4帧）
   分辨率: 256x256

=== 数据集类别分布 ===

训练集 (182 个样本):
  move_object: 182 个样本

验证集 (22 个样本):
  move_object: 22 个样本

测试集 (24 个样本):
  move_object: 24 个样本
  处理批次 6, 样本 50 个
    [229/2500] 处理: 121609
    [230/2500] 处理: 76303
    [231/2500] 处理: 39413
    [232/2500] 处理: 175323
    [233/2500] 处理: 28214
    ⚠️  无法提取帧: 28214
    [233/2500] 处理: 102159
    [234/2500] 处理: 146545
    [235/2500] 处理: 214104
    [236/2500] 处理: 140657
    [237/2500] 处理: 41659
    [238/2500] 处理: 172381
    [239/2500] 处理: 165262
    [240/2500] 处理: 102176
    [241/2500] 处理: 17228
    [242/2500] 处理: 198163
    [243/2500] 处理: 190057
    [244/2500] 处理: 56663
    [245/2500] 处理: 8199
    [246/2500] 处理: 108328
    [247/2500] 处理: 155121
    [248/2500] 处理: 25235
    [249/2500] 处理: 151552
    ⚠️  无法提取帧: 151552
    [249/2500] 处理: 208578
    [250/2500] 处理: 162529
    [251/2500] 处理: 170928
    ⚠️  无法提取帧: 170928
    [251/2500] 处理: 216103
    [252/2500] 处理: 107083
    [253/2500] 处理: 36667
    [254/2500] 处理: 208767
    ⚠️  无法提取帧: 208767
    [254/2500] 处理: 216510
    [255/2500] 处理: 13152
    [256/2500] 处理: 179379
    [257/2500] 处理: 72056
    [258/2500] 处理: 45215
    [259/2500] 处理: 169157
    [260/2500] 处理: 41878
    [261/2500] 处理: 155626
    [262/2500] 处理: 145970
    [263/2500] 处理: 73693
    [264/2500] 处理: 124863
    ⚠️  无法提取帧: 124863
    [264/2500] 处理: 194184
    [265/2500] 处理: 185747
    [266/2500] 处理: 175237
    ⚠️  无法提取帧: 175237
    [266/2500] 处理: 147744
    [267/2500] 处理: 19574
    [268/2500] 处理: 64911
    [269/2500] 处理: 19491
    [270/2500] 处理: 114666
    [271/2500] 处理: 32346
    [272/2500] 处理: 163095

✅ 元数据已保存
   总样本数: 272
   训练集: 217 (80%)
   验证集: 27 (10%)
   测试集: 28 (10%)
   帧设置: 输入前20帧 → 预测第25帧（跳过4帧）
   分辨率: 256x256

=== 数据集类别分布 ===

训练集 (217 个样本):
  move_object: 217 个样本

验证集 (27 个样本):
  move_object: 27 个样本

测试集 (28 个样本):
  move_object: 28 个样本
  处理批次 7, 样本 50 个
    [273/2500] 处理: 173749
    [274/2500] 处理: 60157
    [275/2500] 处理: 111198
    [276/2500] 处理: 65379
    ⚠️  无法提取帧: 65379
    [276/2500] 处理: 108803
    ⚠️  无法提取帧: 108803
    [276/2500] 处理: 96473
    ⚠️  无法提取帧: 96473
    [276/2500] 处理: 115633
    [277/2500] 处理: 116086
    [278/2500] 处理: 160803
    ⚠️  无法提取帧: 160803
    [278/2500] 处理: 83047
    [279/2500] 处理: 51023
    ⚠️  无法提取帧: 51023
    [279/2500] 处理: 133743
    [280/2500] 处理: 117712
    [281/2500] 处理: 129132
    [282/2500] 处理: 90612
    [283/2500] 处理: 211263
    [284/2500] 处理: 28980
    [285/2500] 处理: 108223
    [286/2500] 处理: 1724
    [287/2500] 处理: 113423
    [288/2500] 处理: 52574
    ⚠️  无法提取帧: 52574
    [288/2500] 处理: 184655
    [289/2500] 处理: 122898
    [290/2500] 处理: 118962
    [291/2500] 处理: 131275
    ⚠️  无法提取帧: 131275
    [291/2500] 处理: 190300
    ⚠️  无法提取帧: 190300
    [291/2500] 处理: 45353
    [292/2500] 处理: 16583
    [293/2500] 处理: 8190
    [294/2500] 处理: 210800
    [295/2500] 处理: 39809
    [296/2500] 处理: 183533
    [297/2500] 处理: 154237
    [298/2500] 处理: 119486
    [299/2500] 处理: 63370
    ⚠️  无法提取帧: 63370
    [299/2500] 处理: 46380
    [300/2500] 处理: 211073
    [301/2500] 处理: 73580
    ⚠️  无法提取帧: 73580
    [301/2500] 处理: 52753
    [302/2500] 处理: 123405
    [303/2500] 处理: 196312
    [304/2500] 处理: 179189
    [305/2500] 处理: 152149
    ⚠️  无法提取帧: 152149
    [305/2500] 处理: 135695
    [306/2500] 处理: 103040
    [307/2500] 处理: 111922
    [308/2500] 处理: 13744
    [309/2500] 处理: 4207
    [310/2500] 处理: 63883
    [311/2500] 处理: 127543

✅ 元数据已保存
   总样本数: 311
   训练集: 248 (80%)
   验证集: 31 (10%)
   测试集: 32 (10%)
   帧设置: 输入前20帧 → 预测第25帧（跳过4帧）
   分辨率: 256x256

=== 数据集类别分布 ===

训练集 (248 个样本):
  move_object: 248 个样本

验证集 (31 个样本):
  move_object: 31 个样本

测试集 (32 个样本):
  move_object: 32 个样本
  处理批次 8, 样本 50 个
    [312/2500] 处理: 178359
    ⚠️  无法提取帧: 178359
    [312/2500] 处理: 87535
    [313/2500] 处理: 200244
    [314/2500] 处理: 79177
    ⚠️  无法提取帧: 79177
    [314/2500] 处理: 28481
    [315/2500] 处理: 30940
    ⚠️  无法提取帧: 30940
    [315/2500] 处理: 3294
    [316/2500] 处理: 106015
    [317/2500] 处理: 105888
    [318/2500] 处理: 170498
    [319/2500] 处理: 164436
    [320/2500] 处理: 209104
    [321/2500] 处理: 164253
    [322/2500] 处理: 50237
    [323/2500] 处理: 33570
    ⚠️  无法提取帧: 33570
    [323/2500] 处理: 200452
    [324/2500] 处理: 88376
    [325/2500] 处理: 56884
    [326/2500] 处理: 30503
    [327/2500] 处理: 197032
    [328/2500] 处理: 190702
    [329/2500] 处理: 157372
    [330/2500] 处理: 165736
    ⚠️  无法提取帧: 165736
    [330/2500] 处理: 177187
    [331/2500] 处理: 19131
    [332/2500] 处理: 47662
    [333/2500] 处理: 187289
    [334/2500] 处理: 150745
    [335/2500] 处理: 59460
    [336/2500] 处理: 93669
    [337/2500] 处理: 165030
    [338/2500] 处理: 109993
    ⚠️  无法提取帧: 109993
    [338/2500] 处理: 162470
    [339/2500] 处理: 65178
    [340/2500] 处理: 43834
    [341/2500] 处理: 152189
    [342/2500] 处理: 111149
    [343/2500] 处理: 154230
    [344/2500] 处理: 107651
    [345/2500] 处理: 38371
    ⚠️  无法提取帧: 38371
    [345/2500] 处理: 144043
    [346/2500] 处理: 176115
    [347/2500] 处理: 12877
    [348/2500] 处理: 145349
    [349/2500] 处理: 21769
    [350/2500] 处理: 132970
    [351/2500] 处理: 119659
    [352/2500] 处理: 66825
    [353/2500] 处理: 104685
    ⚠️  无法提取帧: 104685
    [353/2500] 处理: 110992

✅ 元数据已保存
   总样本数: 353
   训练集: 282 (80%)
   验证集: 35 (10%)
   测试集: 36 (10%)
   帧设置: 输入前20帧 → 预测第25帧（跳过4帧）
   分辨率: 256x256

=== 数据集类别分布 ===

训练集 (282 个样本):
  move_object: 282 个样本

验证集 (35 个样本):
  move_object: 35 个样本

测试集 (36 个样本):
  move_object: 36 个样本
  处理批次 9, 样本 50 个
    [354/2500] 处理: 103322
    [355/2500] 处理: 70313
    [356/2500] 处理: 98610
    [357/2500] 处理: 38406
    [358/2500] 处理: 162022
    [359/2500] 处理: 203719
    ⚠️  无法提取帧: 203719
    [359/2500] 处理: 84147
    ⚠️  无法提取帧: 84147
    [359/2500] 处理: 199719
    [360/2500] 处理: 116612
    [361/2500] 处理: 84274
    [362/2500] 处理: 170544
    [363/2500] 处理: 88335
    [364/2500] 处理: 164134
    [365/2500] 处理: 70339
    [366/2500] 处理: 72130
    [367/2500] 处理: 37462
    [368/2500] 处理: 158397
    [369/2500] 处理: 126983
    [370/2500] 处理: 96442
    [371/2500] 处理: 149826
    [372/2500] 处理: 118087
    [373/2500] 处理: 14979
    [374/2500] 处理: 22354
    [375/2500] 处理: 183872
    [376/2500] 处理: 124474
    [377/2500] 处理: 8014
    [378/2500] 处理: 42636
    [379/2500] 处理: 74318
    [380/2500] 处理: 174276
    ⚠️  无法提取帧: 174276
    [380/2500] 处理: 214438
    [381/2500] 处理: 41232
    [382/2500] 处理: 124689
    [383/2500] 处理: 89964
    [384/2500] 处理: 88160
    [385/2500] 处理: 188775
    ⚠️  无法提取帧: 188775
    [385/2500] 处理: 27735
    [386/2500] 处理: 97092
    [387/2500] 处理: 193585
    [388/2500] 处理: 65182
    [389/2500] 处理: 52819
    [390/2500] 处理: 173511
    [391/2500] 处理: 65957
    [392/2500] 处理: 21133
    [393/2500] 处理: 4496
    ⚠️  无法提取帧: 4496
    [393/2500] 处理: 202245
    [394/2500] 处理: 156216
    [395/2500] 处理: 219
    [396/2500] 处理: 127134
    [397/2500] 处理: 67684
    [398/2500] 处理: 75500

✅ 元数据已保存
   总样本数: 398
   训练集: 318 (80%)
   验证集: 39 (10%)
   测试集: 41 (10%)
   帧设置: 输入前20帧 → 预测第25帧（跳过4帧）
   分辨率: 256x256

=== 数据集类别分布 ===

训练集 (318 个样本):
  move_object: 318 个样本

验证集 (39 个样本):
  move_object: 39 个样本

测试集 (41 个样本):
  move_object: 41 个样本
  处理批次 10, 样本 50 个
    [399/2500] 处理: 105565
    [400/2500] 处理: 99932
    [401/2500] 处理: 138263
    [402/2500] 处理: 114922
    [403/2500] 处理: 4717
    [404/2500] 处理: 182953
    ⚠️  无法提取帧: 182953
    [404/2500] 处理: 2538
    [405/2500] 处理: 70286
    [406/2500] 处理: 108209
    [407/2500] 处理: 34080
    ⚠️  无法提取帧: 34080
    [407/2500] 处理: 162873
    [408/2500] 处理: 131703
    [409/2500] 处理: 8741
    [410/2500] 处理: 171686
    [411/2500] 处理: 59366
    [412/2500] 处理: 147422
    [413/2500] 处理: 111332
    [414/2500] 处理: 90225
    ⚠️  无法提取帧: 90225
    [414/2500] 处理: 194004
    [415/2500] 处理: 151531
    [416/2500] 处理: 78585
    [417/2500] 处理: 90601
    [418/2500] 处理: 66370
    [419/2500] 处理: 155028
    [420/2500] 处理: 14463
    [421/2500] 处理: 34473
    [422/2500] 处理: 43835
    [423/2500] 处理: 74500
    [424/2500] 处理: 139743
    [425/2500] 处理: 167787
    [426/2500] 处理: 45104
    [427/2500] 处理: 24481
    [428/2500] 处理: 112232
    [429/2500] 处理: 115886
    [430/2500] 处理: 99194
    [431/2500] 处理: 70222
    ⚠️  无法提取帧: 70222
    [431/2500] 处理: 125659
    ⚠️  无法提取帧: 125659
    [431/2500] 处理: 112296
    [432/2500] 处理: 177906
    [433/2500] 处理: 158621
    [434/2500] 处理: 165658
    [435/2500] 处理: 26670
    [436/2500] 处理: 166478
    ⚠️  无法提取帧: 166478
    [436/2500] 处理: 131841
    [437/2500] 处理: 133176
    [438/2500] 处理: 110082
    [439/2500] 处理: 129658
    [440/2500] 处理: 35368
    [441/2500] 处理: 174705
    [442/2500] 处理: 132180

✅ 元数据已保存
   总样本数: 442
   训练集: 353 (80%)
   验证集: 44 (10%)
   测试集: 45 (10%)
   帧设置: 输入前20帧 → 预测第25帧（跳过4帧）
   分辨率: 256x256

=== 数据集类别分布 ===

训练集 (353 个样本):
  move_object: 353 个样本

验证集 (44 个样本):
  move_object: 44 个样本

测试集 (45 个样本):
  move_object: 45 个样本
  处理批次 11, 样本 50 个
    [443/2500] 处理: 62950
    [444/2500] 处理: 188793
    [445/2500] 处理: 2490
    [446/2500] 处理: 202080
    [447/2500] 处理: 89265
    [448/2500] 处理: 75532
    [449/2500] 处理: 2001
    [450/2500] 处理: 124472
    [451/2500] 处理: 189206
    [452/2500] 处理: 117805
    [453/2500] 处理: 66838
    ⚠️  无法提取帧: 66838
    [453/2500] 处理: 86608
    [454/2500] 处理: 149195
    [455/2500] 处理: 169283
    [456/2500] 处理: 33780
    [457/2500] 处理: 53442
    [458/2500] 处理: 67416
    [459/2500] 处理: 20558
    [460/2500] 处理: 42258
    [461/2500] 处理: 115890
    ⚠️  无法提取帧: 115890
    [461/2500] 处理: 124903
    [462/2500] 处理: 74020
    [463/2500] 处理: 79651
    [464/2500] 处理: 88199
    [465/2500] 处理: 97793
    [466/2500] 处理: 30594
    [467/2500] 处理: 170432
    [468/2500] 处理: 60496
    [469/2500] 处理: 85963
    [470/2500] 处理: 67444
    [471/2500] 处理: 32465
    [472/2500] 处理: 109621
    [473/2500] 处理: 49330
    [474/2500] 处理: 114201
    [475/2500] 处理: 427
    [476/2500] 处理: 22977
    [477/2500] 处理: 210121
    [478/2500] 处理: 92296
    [479/2500] 处理: 72064
    [480/2500] 处理: 6659
    [481/2500] 处理: 39423
    [482/2500] 处理: 5684
    [483/2500] 处理: 154136
    [484/2500] 处理: 201699
    [485/2500] 处理: 108514
    [486/2500] 处理: 211278
    [487/2500] 处理: 82438
    [488/2500] 处理: 90376
    [489/2500] 处理: 66251
    [490/2500] 处理: 12081

✅ 元数据已保存
   总样本数: 490
   训练集: 392 (80%)
   验证集: 49 (10%)
   测试集: 49 (10%)
   帧设置: 输入前20帧 → 预测第25帧（跳过4帧）
   分辨率: 256x256

=== 数据集类别分布 ===

训练集 (392 个样本):
  move_object: 392 个样本

验证集 (49 个样本):
  move_object: 49 个样本

测试集 (49 个样本):
  move_object: 49 个样本
  处理批次 12, 样本 50 个
    [491/2500] 处理: 130685
    [492/2500] 处理: 133831
    [493/2500] 处理: 32274
    [494/2500] 处理: 34194
    ⚠️  无法提取帧: 34194
    [494/2500] 处理: 156077
    ⚠️  无法提取帧: 156077
    [494/2500] 处理: 110421
    ⚠️  无法提取帧: 110421
    [494/2500] 处理: 186937
    [495/2500] 处理: 55624
    ⚠️  无法提取帧: 55624
    [495/2500] 处理: 35919
    [496/2500] 处理: 203403
    [497/2500] 处理: 183154
    [498/2500] 处理: 63810
    [499/2500] 处理: 5886
    [500/2500] 处理: 169781
    [501/2500] 处理: 60422
    [502/2500] 处理: 203414
    [503/2500] 处理: 6932
    [504/2500] 处理: 3645
    [505/2500] 处理: 57567
    [506/2500] 处理: 72749
    [507/2500] 处理: 56417
    [508/2500] 处理: 78364
    [509/2500] 处理: 144090
    [510/2500] 处理: 191353
    [511/2500] 处理: 217954
    [512/2500] 处理: 99625
    [513/2500] 处理: 67042
    [514/2500] 处理: 167492
    ⚠️  无法提取帧: 167492
    [514/2500] 处理: 17541
    [515/2500] 处理: 146724
    [516/2500] 处理: 76258
    ⚠️  无法提取帧: 76258
    [516/2500] 处理: 39233
    [517/2500] 处理: 1434
    [518/2500] 处理: 37247
    [519/2500] 处理: 10816
    [520/2500] 处理: 98003
    [521/2500] 处理: 51047
    [522/2500] 处理: 171264
    ⚠️  无法提取帧: 171264
    [522/2500] 处理: 134037
    [523/2500] 处理: 153110
    [524/2500] 处理: 6159
    [525/2500] 处理: 58551
    [526/2500] 处理: 27418
    [527/2500] 处理: 171875
    [528/2500] 处理: 17420
    [529/2500] 处理: 182868
    [530/2500] 处理: 97262
    [531/2500] 处理: 154411
    [532/2500] 处理: 110733
    ⚠️  无法提取帧: 110733
    [532/2500] 处理: 144571

✅ 元数据已保存
   总样本数: 532
   训练集: 425 (80%)
   验证集: 53 (10%)
   测试集: 54 (10%)
   帧设置: 输入前20帧 → 预测第25帧（跳过4帧）
   分辨率: 256x256

=== 数据集类别分布 ===

训练集 (425 个样本):
  move_object: 425 个样本

验证集 (53 个样本):
  move_object: 53 个样本

测试集 (54 个样本):
  move_object: 54 个样本
  处理批次 13, 样本 50 个
    [533/2500] 处理: 174999
    [534/2500] 处理: 45869
    [535/2500] 处理: 119914
    [536/2500] 处理: 20383
    [537/2500] 处理: 13895
    ⚠️  无法提取帧: 13895
    [537/2500] 处理: 207163
    [538/2500] 处理: 109606
    ⚠️  无法提取帧: 109606
    [538/2500] 处理: 68025
    [539/2500] 处理: 137021
    [540/2500] 处理: 93063
    ⚠️  无法提取帧: 93063
    [540/2500] 处理: 110828
    ⚠️  无法提取帧: 110828
    [540/2500] 处理: 177035
    [541/2500] 处理: 34304
    [542/2500] 处理: 153926
    [543/2500] 处理: 134898
    [544/2500] 处理: 3643
    [545/2500] 处理: 191197
    [546/2500] 处理: 89514
    [547/2500] 处理: 8273
    [548/2500] 处理: 155864
    [549/2500] 处理: 19466
    [550/2500] 处理: 92777
    [551/2500] 处理: 12961
    [552/2500] 处理: 159598
    [553/2500] 处理: 144946
    [554/2500] 处理: 184659
    [555/2500] 处理: 151834
    [556/2500] 处理: 19461
    [557/2500] 处理: 182740
    [558/2500] 处理: 104503
    [559/2500] 处理: 37340
    [560/2500] 处理: 116883
    [561/2500] 处理: 17525
    [562/2500] 处理: 103648
    [563/2500] 处理: 85623
    ⚠️  无法提取帧: 85623
    [563/2500] 处理: 64387
    ⚠️  无法提取帧: 64387
    [563/2500] 处理: 99417
    [564/2500] 处理: 12146
    [565/2500] 处理: 12391
    [566/2500] 处理: 53937
    [567/2500] 处理: 131717
    [568/2500] 处理: 176437
    [569/2500] 处理: 61466
    [570/2500] 处理: 78815
    [571/2500] 处理: 129585
    [572/2500] 处理: 113392
    [573/2500] 处理: 203941
    [574/2500] 处理: 108546
    [575/2500] 处理: 172385
    [576/2500] 处理: 193520

✅ 元数据已保存
   总样本数: 576
   训练集: 460 (80%)
   验证集: 57 (10%)
   测试集: 59 (10%)
   帧设置: 输入前20帧 → 预测第25帧（跳过4帧）
   分辨率: 256x256

=== 数据集类别分布 ===

训练集 (460 个样本):
  move_object: 460 个样本

验证集 (57 个样本):
  move_object: 57 个样本

测试集 (59 个样本):
  move_object: 59 个样本
  处理批次 14, 样本 50 个
    [577/2500] 处理: 206711
    [578/2500] 处理: 28793
    [579/2500] 处理: 58744
    [580/2500] 处理: 174265
    [581/2500] 处理: 141048
    [582/2500] 处理: 43043
    [583/2500] 处理: 216888
    [584/2500] 处理: 48639
    [585/2500] 处理: 77364
    [586/2500] 处理: 21238
    [587/2500] 处理: 154962
    [588/2500] 处理: 34673
    ⚠️  无法提取帧: 34673
    [588/2500] 处理: 123917
    [589/2500] 处理: 10546
    [590/2500] 处理: 74380
    [591/2500] 处理: 59186
    [592/2500] 处理: 44452
    [593/2500] 处理: 131682
    [594/2500] 处理: 159558
    [595/2500] 处理: 93047
    [596/2500] 处理: 1689
    [597/2500] 处理: 192035
    [598/2500] 处理: 144599
    [599/2500] 处理: 80447
    [600/2500] 处理: 220091
    [601/2500] 处理: 84299
    [602/2500] 处理: 157859
    [603/2500] 处理: 42134
    [604/2500] 处理: 93390
    [605/2500] 处理: 73933
    [606/2500] 处理: 112021
    [607/2500] 处理: 196013
    [608/2500] 处理: 213253
    [609/2500] 处理: 116924
    [610/2500] 处理: 44473
    [611/2500] 处理: 22219
    [612/2500] 处理: 194400
    [613/2500] 处理: 83651
    [614/2500] 处理: 133656
    [615/2500] 处理: 125384
    [616/2500] 处理: 175863
    [617/2500] 处理: 159333
    [618/2500] 处理: 17000
    [619/2500] 处理: 129188
    [620/2500] 处理: 115326
    [621/2500] 处理: 178203
    [622/2500] 处理: 149716
    [623/2500] 处理: 49851
    [624/2500] 处理: 198005
    [625/2500] 处理: 122788
    ⚠️  无法提取帧: 122788

✅ 元数据已保存
   总样本数: 624
   训练集: 499 (80%)
   验证集: 62 (10%)
   测试集: 63 (10%)
   帧设置: 输入前20帧 → 预测第25帧（跳过4帧）
   分辨率: 256x256

=== 数据集类别分布 ===

训练集 (499 个样本):
  move_object: 499 个样本

验证集 (62 个样本):
  move_object: 62 个样本

测试集 (63 个样本):
  move_object: 63 个样本
  处理批次 15, 样本 50 个
    [625/2500] 处理: 163649
    [626/2500] 处理: 92669
    [627/2500] 处理: 100974
    [628/2500] 处理: 120220
    [629/2500] 处理: 44858
    [630/2500] 处理: 197799
    [631/2500] 处理: 161984
    [632/2500] 处理: 70879
    ⚠️  无法提取帧: 70879
    [632/2500] 处理: 7576
    [633/2500] 处理: 179708
    [634/2500] 处理: 29071
    [635/2500] 处理: 189218
    [636/2500] 处理: 47567
    [637/2500] 处理: 66544
    [638/2500] 处理: 172701
    [639/2500] 处理: 88591
    ⚠️  无法提取帧: 88591
    [639/2500] 处理: 70501
    [640/2500] 处理: 64800
    [641/2500] 处理: 117216
    [642/2500] 处理: 17834
    [643/2500] 处理: 183845
    [644/2500] 处理: 162905
    [645/2500] 处理: 108849
    [646/2500] 处理: 3430
    [647/2500] 处理: 14985
    [648/2500] 处理: 123724
    [649/2500] 处理: 199490
    [650/2500] 处理: 217803
    [651/2500] 处理: 9903
    [652/2500] 处理: 129689
    [653/2500] 处理: 177669
    [654/2500] 处理: 158233
    [655/2500] 处理: 8531
    [656/2500] 处理: 216255
    [657/2500] 处理: 134406
    [658/2500] 处理: 122573
    [659/2500] 处理: 90710
    [660/2500] 处理: 203822
    [661/2500] 处理: 115745
    ⚠️  无法提取帧: 115745
    [661/2500] 处理: 207134
    [662/2500] 处理: 80195
    [663/2500] 处理: 62753
    [664/2500] 处理: 153546
    [665/2500] 处理: 47409
    [666/2500] 处理: 161182
    [667/2500] 处理: 173698
    [668/2500] 处理: 103011
    [669/2500] 处理: 219539
    [670/2500] 处理: 162000
    [671/2500] 处理: 97884

✅ 元数据已保存
   总样本数: 671
   训练集: 536 (80%)
   验证集: 67 (10%)
   测试集: 68 (10%)
   帧设置: 输入前20帧 → 预测第25帧（跳过4帧）
   分辨率: 256x256

=== 数据集类别分布 ===

训练集 (536 个样本):
  move_object: 536 个样本

验证集 (67 个样本):
  move_object: 67 个样本

测试集 (68 个样本):
  move_object: 68 个样本
  处理批次 16, 样本 50 个
    [672/2500] 处理: 205786
    [673/2500] 处理: 15977
    [674/2500] 处理: 54737
    [675/2500] 处理: 8641
    [676/2500] 处理: 156567
    [677/2500] 处理: 177298
    [678/2500] 处理: 204803
    [679/2500] 处理: 182983
    [680/2500] 处理: 153061
    [681/2500] 处理: 37947
    [682/2500] 处理: 159429
    [683/2500] 处理: 691
    [684/2500] 处理: 71235
    [685/2500] 处理: 157150
    [686/2500] 处理: 69698
    ⚠️  无法提取帧: 69698
    [686/2500] 处理: 15280
    [687/2500] 处理: 25868
    [688/2500] 处理: 80928
    [689/2500] 处理: 182197
    ⚠️  无法提取帧: 182197
    [689/2500] 处理: 77172
    [690/2500] 处理: 206504
    [691/2500] 处理: 91886
    [692/2500] 处理: 45254
    [693/2500] 处理: 13660
    [694/2500] 处理: 199315
    [695/2500] 处理: 109487
    [696/2500] 处理: 71313
    [697/2500] 处理: 80346
    [698/2500] 处理: 14900
    [699/2500] 处理: 79212
    [700/2500] 处理: 190909
    [701/2500] 处理: 100994
    [702/2500] 处理: 195251
    [703/2500] 处理: 201894
    [704/2500] 处理: 172818
    [705/2500] 处理: 46919
    [706/2500] 处理: 192970
    [707/2500] 处理: 96606
    [708/2500] 处理: 203132
    [709/2500] 处理: 85728
    [710/2500] 处理: 213959
    [711/2500] 处理: 119358
    [712/2500] 处理: 84935
    [713/2500] 处理: 55136
    [714/2500] 处理: 11316
    ⚠️  无法提取帧: 11316
    [714/2500] 处理: 124295
    [715/2500] 处理: 198495
    [716/2500] 处理: 202484
    [717/2500] 处理: 76475
    [718/2500] 处理: 108563

✅ 元数据已保存
   总样本数: 718
   训练集: 574 (80%)
   验证集: 71 (10%)
   测试集: 73 (10%)
   帧设置: 输入前20帧 → 预测第25帧（跳过4帧）
   分辨率: 256x256

=== 数据集类别分布 ===

训练集 (574 个样本):
  move_object: 574 个样本

验证集 (71 个样本):
  move_object: 71 个样本

测试集 (73 个样本):
  move_object: 73 个样本
  处理批次 17, 样本 50 个
    [719/2500] 处理: 176793
    [720/2500] 处理: 197001
    ⚠️  无法提取帧: 197001
    [720/2500] 处理: 99919
    [721/2500] 处理: 217196
    ⚠️  无法提取帧: 217196
    [721/2500] 处理: 145656
    [722/2500] 处理: 122230
    [723/2500] 处理: 107378
    [724/2500] 处理: 117388
    ⚠️  无法提取帧: 117388
    [724/2500] 处理: 4691
    [725/2500] 处理: 141216
    [726/2500] 处理: 109997
    [727/2500] 处理: 127535
    [728/2500] 处理: 49634
    [729/2500] 处理: 194015
    [730/2500] 处理: 205212
    [731/2500] 处理: 220606
    [732/2500] 处理: 29391
    [733/2500] 处理: 81410
    [734/2500] 处理: 175140
    [735/2500] 处理: 103734
    [736/2500] 处理: 170770
    [737/2500] 处理: 44860
    [738/2500] 处理: 74587
    [739/2500] 处理: 180738
    [740/2500] 处理: 99066
    [741/2500] 处理: 15499
    [742/2500] 处理: 35558
    [743/2500] 处理: 87465
    [744/2500] 处理: 175450
    [745/2500] 处理: 31072
    ⚠️  无法提取帧: 31072
    [745/2500] 处理: 68543
    [746/2500] 处理: 180543
    [747/2500] 处理: 137597
    [748/2500] 处理: 186344
    ⚠️  无法提取帧: 186344
    [748/2500] 处理: 51255
    [749/2500] 处理: 11100
    [750/2500] 处理: 9764
    [751/2500] 处理: 74893
    [752/2500] 处理: 106453
    [753/2500] 处理: 47267
    [754/2500] 处理: 162241
    [755/2500] 处理: 27807
    [756/2500] 处理: 182215
    [757/2500] 处理: 25241
    [758/2500] 处理: 30678
    [759/2500] 处理: 70310
    ⚠️  无法提取帧: 70310
    [759/2500] 处理: 15875
    [760/2500] 处理: 161879
    [761/2500] 处理: 194333
    [762/2500] 处理: 37626

✅ 元数据已保存
   总样本数: 762
   训练集: 609 (80%)
   验证集: 76 (10%)
   测试集: 77 (10%)
   帧设置: 输入前20帧 → 预测第25帧（跳过4帧）
   分辨率: 256x256

=== 数据集类别分布 ===

训练集 (609 个样本):
  move_object: 609 个样本

验证集 (76 个样本):
  move_object: 76 个样本

测试集 (77 个样本):
  move_object: 77 个样本
  处理批次 18, 样本 50 个
    [763/2500] 处理: 190710
    [764/2500] 处理: 168337
    [765/2500] 处理: 214733
    [766/2500] 处理: 30851
    [767/2500] 处理: 165634
    [768/2500] 处理: 107483
    [769/2500] 处理: 209476
    ⚠️  无法提取帧: 209476
    [769/2500] 处理: 182841
    [770/2500] 处理: 175700
    [771/2500] 处理: 83378
    [772/2500] 处理: 49563
    [773/2500] 处理: 192560
    [774/2500] 处理: 831
    [775/2500] 处理: 127408
    [776/2500] 处理: 133447
    [777/2500] 处理: 103358
    [778/2500] 处理: 181930
    [779/2500] 处理: 38010
    [780/2500] 处理: 74777
    [781/2500] 处理: 166522
    [782/2500] 处理: 172302
    ⚠️  无法提取帧: 172302
    [782/2500] 处理: 75855
    [783/2500] 处理: 81257
    ⚠️  无法提取帧: 81257
    [783/2500] 处理: 24926
    [784/2500] 处理: 187148
    ⚠️  无法提取帧: 187148
    [784/2500] 处理: 205816
    [785/2500] 处理: 183792
    ⚠️  无法提取帧: 183792
    [785/2500] 处理: 220413
    [786/2500] 处理: 42670
    [787/2500] 处理: 51042
    [788/2500] 处理: 163889
    [789/2500] 处理: 214125
    [790/2500] 处理: 88389
    [791/2500] 处理: 139856
    ⚠️  无法提取帧: 139856
    [791/2500] 处理: 78131
    [792/2500] 处理: 137581
    [793/2500] 处理: 170474
    [794/2500] 处理: 97812
    ⚠️  无法提取帧: 97812
    [794/2500] 处理: 126267
    [795/2500] 处理: 58386
    [796/2500] 处理: 38440
    [797/2500] 处理: 37288
    [798/2500] 处理: 102110
    [799/2500] 处理: 141212
    [800/2500] 处理: 31303
    [801/2500] 处理: 94916
    [802/2500] 处理: 217339
    [803/2500] 处理: 73624
    [804/2500] 处理: 144653
    [805/2500] 处理: 136118

✅ 元数据已保存
   总样本数: 805
   训练集: 644 (80%)
   验证集: 80 (10%)
   测试集: 81 (10%)
   帧设置: 输入前20帧 → 预测第25帧（跳过4帧）
   分辨率: 256x256

=== 数据集类别分布 ===

训练集 (644 个样本):
  move_object: 644 个样本

验证集 (80 个样本):
  move_object: 80 个样本

测试集 (81 个样本):
  move_object: 81 个样本
  处理批次 19, 样本 50 个
    [806/2500] 处理: 15146
    ⚠️  无法提取帧: 15146
    [806/2500] 处理: 83536
    [807/2500] 处理: 67540
    [808/2500] 处理: 114263
    [809/2500] 处理: 158636
    ⚠️  无法提取帧: 158636
    [809/2500] 处理: 39245
    [810/2500] 处理: 192418
    [811/2500] 处理: 161339
    ⚠️  无法提取帧: 161339
    [811/2500] 处理: 206348
    [812/2500] 处理: 19468
    [813/2500] 处理: 149844
    [814/2500] 处理: 194676
    [815/2500] 处理: 68854
    [816/2500] 处理: 189428
    [817/2500] 处理: 18986
    [818/2500] 处理: 58196
    [819/2500] 处理: 46065
    ⚠️  无法提取帧: 46065
    [819/2500] 处理: 156674
    [820/2500] 处理: 214956
    [821/2500] 处理: 41555
    [822/2500] 处理: 86251
    ⚠️  无法提取帧: 86251
    [822/2500] 处理: 134194
    [823/2500] 处理: 87421
    [824/2500] 处理: 128341
    [825/2500] 处理: 71576
    [826/2500] 处理: 198076
    [827/2500] 处理: 184046
    [828/2500] 处理: 163815
    [829/2500] 处理: 30249
    [830/2500] 处理: 92338
    [831/2500] 处理: 189587
    [832/2500] 处理: 41460
    [833/2500] 处理: 11424
    [834/2500] 处理: 197778
    [835/2500] 处理: 181725
    [836/2500] 处理: 83752
    [837/2500] 处理: 85419
    [838/2500] 处理: 46403
    [839/2500] 处理: 59893
    [840/2500] 处理: 209124
    [841/2500] 处理: 128563
    [842/2500] 处理: 112248
    [843/2500] 处理: 215708
    [844/2500] 处理: 47366
    [845/2500] 处理: 136200
    [846/2500] 处理: 115296
    [847/2500] 处理: 189800
    [848/2500] 处理: 153543
    [849/2500] 处理: 49637
    [850/2500] 处理: 210860

✅ 元数据已保存
   总样本数: 850
   训练集: 680 (80%)
   验证集: 85 (10%)
   测试集: 85 (10%)
   帧设置: 输入前20帧 → 预测第25帧（跳过4帧）
   分辨率: 256x256

=== 数据集类别分布 ===

训练集 (680 个样本):
  move_object: 680 个样本

验证集 (85 个样本):
  move_object: 85 个样本

测试集 (85 个样本):
  move_object: 85 个样本
  处理批次 20, 样本 50 个
    [851/2500] 处理: 195924
    [852/2500] 处理: 13306
    [853/2500] 处理: 210905
    [854/2500] 处理: 150024
    [855/2500] 处理: 7842
    [856/2500] 处理: 203062
    [857/2500] 处理: 28589
    [858/2500] 处理: 53094
    [859/2500] 处理: 83837
    ⚠️  无法提取帧: 83837
    [859/2500] 处理: 70041
    [860/2500] 处理: 13188
    [861/2500] 处理: 109899
    [862/2500] 处理: 99288
    [863/2500] 处理: 83336
    [864/2500] 处理: 39185
    [865/2500] 处理: 208098
    [866/2500] 处理: 198814
    [867/2500] 处理: 58540
    [868/2500] 处理: 20916
    [869/2500] 处理: 15061
    [870/2500] 处理: 167183
    [871/2500] 处理: 197101
    [872/2500] 处理: 86847
    [873/2500] 处理: 220819
    [874/2500] 处理: 134401
    [875/2500] 处理: 105181
    [876/2500] 处理: 160961
    [877/2500] 处理: 66385
    [878/2500] 处理: 196455
    [879/2500] 处理: 124138
    [880/2500] 处理: 144064
    [881/2500] 处理: 87735
    [882/2500] 处理: 2064
    [883/2500] 处理: 172273
    ⚠️  无法提取帧: 172273
    [883/2500] 处理: 58209
    [884/2500] 处理: 217447
    [885/2500] 处理: 143274
    [886/2500] 处理: 13178
    [887/2500] 处理: 156845
    [888/2500] 处理: 54491
    [889/2500] 处理: 109963
    [890/2500] 处理: 192088
    [891/2500] 处理: 187622
    [892/2500] 处理: 146152
    ⚠️  无法提取帧: 146152
    [892/2500] 处理: 166888
    [893/2500] 处理: 9200
    [894/2500] 处理: 13691
    [895/2500] 处理: 102735
    [896/2500] 处理: 112257
    [897/2500] 处理: 47847

✅ 元数据已保存
   总样本数: 897
   训练集: 717 (80%)
   验证集: 89 (10%)
   测试集: 91 (10%)
   帧设置: 输入前20帧 → 预测第25帧（跳过4帧）
   分辨率: 256x256

=== 数据集类别分布 ===

训练集 (717 个样本):
  move_object: 717 个样本

验证集 (89 个样本):
  move_object: 89 个样本

测试集 (91 个样本):
  move_object: 91 个样本
  处理批次 21, 样本 50 个
    [898/2500] 处理: 155924
    [899/2500] 处理: 176599
    ⚠️  无法提取帧: 176599
    [899/2500] 处理: 133266
    [900/2500] 处理: 74830
    [901/2500] 处理: 3516
    [902/2500] 处理: 218678
    [903/2500] 处理: 3187
    [904/2500] 处理: 28438
    [905/2500] 处理: 169631
    [906/2500] 处理: 209275
    [907/2500] 处理: 55282
    [908/2500] 处理: 206872
    ⚠️  无法提取帧: 206872
    [908/2500] 处理: 172822
    [909/2500] 处理: 204046
    [910/2500] 处理: 63689
    [911/2500] 处理: 167352
    [912/2500] 处理: 178159
    [913/2500] 处理: 216494
    [914/2500] 处理: 69816
    [915/2500] 处理: 220175
    [916/2500] 处理: 160152
    [917/2500] 处理: 110535
    ⚠️  无法提取帧: 110535
    [917/2500] 处理: 109265
    [918/2500] 处理: 54840
    [919/2500] 处理: 156347
    ⚠️  无法提取帧: 156347
    [919/2500] 处理: 122896
    [920/2500] 处理: 119240
    [921/2500] 处理: 216954
    [922/2500] 处理: 169183
    [923/2500] 处理: 65461
    [924/2500] 处理: 105596
    [925/2500] 处理: 44966
    [926/2500] 处理: 70479
    [927/2500] 处理: 121564
    [928/2500] 处理: 156013
    [929/2500] 处理: 188971
    [930/2500] 处理: 18767
    [931/2500] 处理: 185620
    [932/2500] 处理: 21316
    [933/2500] 处理: 46582
    [934/2500] 处理: 141397
    ⚠️  无法提取帧: 141397
    [934/2500] 处理: 139186
    [935/2500] 处理: 79864
    [936/2500] 处理: 72205
    [937/2500] 处理: 139995
    [938/2500] 处理: 165528
    [939/2500] 处理: 172581
    [940/2500] 处理: 36990
    [941/2500] 处理: 9062
    [942/2500] 处理: 151062

✅ 元数据已保存
   总样本数: 942
   训练集: 753 (80%)
   验证集: 94 (10%)
   测试集: 95 (10%)
   帧设置: 输入前20帧 → 预测第25帧（跳过4帧）
   分辨率: 256x256

=== 数据集类别分布 ===

训练集 (753 个样本):
  move_object: 753 个样本

验证集 (94 个样本):
  move_object: 94 个样本

测试集 (95 个样本):
  move_object: 95 个样本
  处理批次 22, 样本 50 个
    [943/2500] 处理: 98539
    [944/2500] 处理: 147441
    [945/2500] 处理: 143405
    [946/2500] 处理: 64110
    [947/2500] 处理: 61266
    [948/2500] 处理: 74035
    [949/2500] 处理: 181768
    [950/2500] 处理: 144200
    [951/2500] 处理: 34637
    ⚠️  无法提取帧: 34637
    [951/2500] 处理: 46239
    ⚠️  无法提取帧: 46239
    [951/2500] 处理: 196604
    [952/2500] 处理: 58621
    [953/2500] 处理: 197948
    [954/2500] 处理: 83
    [955/2500] 处理: 45565
    [956/2500] 处理: 180929
    [957/2500] 处理: 156433
    [958/2500] 处理: 73454
    [959/2500] 处理: 24951
    [960/2500] 处理: 179925
    [961/2500] 处理: 197295
    [962/2500] 处理: 11298
    [963/2500] 处理: 123235
    ⚠️  无法提取帧: 123235
    [963/2500] 处理: 122163
    [964/2500] 处理: 58493
    ⚠️  无法提取帧: 58493
    [964/2500] 处理: 114063
    [965/2500] 处理: 215081
    [966/2500] 处理: 50701
    [967/2500] 处理: 10093
    [968/2500] 处理: 40785
    [969/2500] 处理: 135743
    [970/2500] 处理: 16103
    [971/2500] 处理: 39053
    [972/2500] 处理: 79884
    [973/2500] 处理: 39447
    [974/2500] 处理: 74184
    ⚠️  无法提取帧: 74184
    [974/2500] 处理: 12037
    ⚠️  无法提取帧: 12037
    [974/2500] 处理: 161658
    [975/2500] 处理: 87591
    [976/2500] 处理: 168512
    [977/2500] 处理: 158668
    [978/2500] 处理: 126524
    [979/2500] 处理: 39523
    [980/2500] 处理: 168912
    [981/2500] 处理: 105811
    [982/2500] 处理: 187543
    [983/2500] 处理: 74698
    [984/2500] 处理: 123394
    [985/2500] 处理: 115072
    [986/2500] 处理: 96141

✅ 元数据已保存
   总样本数: 986
   训练集: 788 (80%)
   验证集: 98 (10%)
   测试集: 100 (10%)
   帧设置: 输入前20帧 → 预测第25帧（跳过4帧）
   分辨率: 256x256

=== 数据集类别分布 ===

训练集 (788 个样本):
  move_object: 788 个样本

验证集 (98 个样本):
  move_object: 98 个样本

测试集 (100 个样本):
  move_object: 100 个样本
  处理批次 23, 样本 50 个
    [987/2500] 处理: 136790
    [988/2500] 处理: 118420
    [989/2500] 处理: 80576
    ⚠️  无法提取帧: 80576
    [989/2500] 处理: 174475
    [990/2500] 处理: 196072
    [991/2500] 处理: 58258
    [992/2500] 处理: 55299
    [993/2500] 处理: 12913
    [994/2500] 处理: 216479
    [995/2500] 处理: 147546
    [996/2500] 处理: 39856
    [997/2500] 处理: 70018
    [998/2500] 处理: 64589
    ⚠️  无法提取帧: 64589
    [998/2500] 处理: 216541
    [999/2500] 处理: 123283
    [1000/2500] 处理: 96106
    [1001/2500] 处理: 57610
    [1002/2500] 处理: 207617
    ⚠️  无法提取帧: 207617
    [1002/2500] 处理: 22150
    ⚠️  无法提取帧: 22150
    [1002/2500] 处理: 39769
    [1003/2500] 处理: 64156
    [1004/2500] 处理: 5280
    [1005/2500] 处理: 123756
    [1006/2500] 处理: 3922
    [1007/2500] 处理: 49738
    [1008/2500] 处理: 116570
    [1009/2500] 处理: 9778
    [1010/2500] 处理: 94612
    [1011/2500] 处理: 44344
    [1012/2500] 处理: 161437
    [1013/2500] 处理: 102760
    [1014/2500] 处理: 22319
    [1015/2500] 处理: 177986
    ⚠️  无法提取帧: 177986
    [1015/2500] 处理: 53792
    [1016/2500] 处理: 107890
    [1017/2500] 处理: 113723
    [1018/2500] 处理: 143183
    [1019/2500] 处理: 112297
    [1020/2500] 处理: 67679
    [1021/2500] 处理: 184085
    [1022/2500] 处理: 214969
    [1023/2500] 处理: 152309
    [1024/2500] 处理: 3235
    [1025/2500] 处理: 150365
    [1026/2500] 处理: 26472
    [1027/2500] 处理: 74482
    [1028/2500] 处理: 13788
    [1029/2500] 处理: 14849
    [1030/2500] 处理: 154471
    [1031/2500] 处理: 172889

✅ 元数据已保存
   总样本数: 1031
   训练集: 824 (80%)
   验证集: 103 (10%)
   测试集: 104 (10%)
   帧设置: 输入前20帧 → 预测第25帧（跳过4帧）
   分辨率: 256x256

=== 数据集类别分布 ===

训练集 (824 个样本):
  move_object: 824 个样本

验证集 (103 个样本):
  move_object: 103 个样本

测试集 (104 个样本):
  move_object: 104 个样本
  处理批次 24, 样本 50 个
    [1032/2500] 处理: 114286
    ⚠️  无法提取帧: 114286
    [1032/2500] 处理: 171319
    [1033/2500] 处理: 5611
    [1034/2500] 处理: 120642
    [1035/2500] 处理: 91223
    [1036/2500] 处理: 81847
    [1037/2500] 处理: 121112
    [1038/2500] 处理: 66180
    [1039/2500] 处理: 132900
    [1040/2500] 处理: 55824
    [1041/2500] 处理: 188675
    [1042/2500] 处理: 132689
    [1043/2500] 处理: 2432
    [1044/2500] 处理: 73594
    [1045/2500] 处理: 210965
    [1046/2500] 处理: 37966
    [1047/2500] 处理: 61585
    [1048/2500] 处理: 19974
    [1049/2500] 处理: 124223
    [1050/2500] 处理: 105101
    [1051/2500] 处理: 126289
    ⚠️  无法提取帧: 126289
    [1051/2500] 处理: 28354
    [1052/2500] 处理: 42792
    [1053/2500] 处理: 120467
    [1054/2500] 处理: 192081
    [1055/2500] 处理: 94107
    [1056/2500] 处理: 215190
    [1057/2500] 处理: 112060
    [1058/2500] 处理: 87082
    [1059/2500] 处理: 166420
    [1060/2500] 处理: 156992
    [1061/2500] 处理: 139567
    [1062/2500] 处理: 191893
    ⚠️  无法提取帧: 191893
    [1062/2500] 处理: 147627
    [1063/2500] 处理: 115342
    [1064/2500] 处理: 53975
    [1065/2500] 处理: 112897
    [1066/2500] 处理: 59446
    [1067/2500] 处理: 194254
    [1068/2500] 处理: 179929
    [1069/2500] 处理: 17010
    [1070/2500] 处理: 174412
    [1071/2500] 处理: 131852
    [1072/2500] 处理: 137237
    [1073/2500] 处理: 157664
    [1074/2500] 处理: 210897
    [1075/2500] 处理: 29241
    [1076/2500] 处理: 207864
    [1077/2500] 处理: 40103
    ⚠️  无法提取帧: 40103
    [1077/2500] 处理: 165978

✅ 元数据已保存
   总样本数: 1077
   训练集: 861 (80%)
   验证集: 107 (10%)
   测试集: 109 (10%)
   帧设置: 输入前20帧 → 预测第25帧（跳过4帧）
   分辨率: 256x256

=== 数据集类别分布 ===

训练集 (861 个样本):
  move_object: 861 个样本

验证集 (107 个样本):
  move_object: 107 个样本

测试集 (109 个样本):
  move_object: 109 个样本
  处理批次 25, 样本 50 个
    [1078/2500] 处理: 186998
    ⚠️  无法提取帧: 186998
    [1078/2500] 处理: 201685
    [1079/2500] 处理: 178781
    ⚠️  无法提取帧: 178781
    [1079/2500] 处理: 74661
    [1080/2500] 处理: 27920
    [1081/2500] 处理: 207560
    [1082/2500] 处理: 32699
    [1083/2500] 处理: 164505
    [1084/2500] 处理: 4512
    [1085/2500] 处理: 184284
    [1086/2500] 处理: 65716
    [1087/2500] 处理: 67397
    [1088/2500] 处理: 40116
    [1089/2500] 处理: 121829
    [1090/2500] 处理: 104325
    [1091/2500] 处理: 175070
    [1092/2500] 处理: 96000
    [1093/2500] 处理: 83356
    [1094/2500] 处理: 133390
    [1095/2500] 处理: 75272
    [1096/2500] 处理: 151996
    [1097/2500] 处理: 8580
    [1098/2500] 处理: 99547
    [1099/2500] 处理: 32874
    [1100/2500] 处理: 182880
    [1101/2500] 处理: 95171
    [1102/2500] 处理: 84656
    [1103/2500] 处理: 163063
    [1104/2500] 处理: 72779
    [1105/2500] 处理: 31936
    [1106/2500] 处理: 214997
    ⚠️  无法提取帧: 214997
    [1106/2500] 处理: 161649
    [1107/2500] 处理: 85146
    [1108/2500] 处理: 25812
    [1109/2500] 处理: 46027
    ⚠️  无法提取帧: 46027
    [1109/2500] 处理: 52656
    [1110/2500] 处理: 80275
    [1111/2500] 处理: 10439
    [1112/2500] 处理: 57537
    [1113/2500] 处理: 1203
    [1114/2500] 处理: 58479
    ⚠️  无法提取帧: 58479
    [1114/2500] 处理: 202940
    [1115/2500] 处理: 147917
    [1116/2500] 处理: 56640
    [1117/2500] 处理: 205308
    [1118/2500] 处理: 207755
    [1119/2500] 处理: 192151
    [1120/2500] 处理: 21218
    ⚠️  无法提取帧: 21218
    [1120/2500] 处理: 213947
    [1121/2500] 处理: 187647

✅ 元数据已保存
   总样本数: 1121
   训练集: 896 (80%)
   验证集: 112 (10%)
   测试集: 113 (10%)
   帧设置: 输入前20帧 → 预测第25帧（跳过4帧）
   分辨率: 256x256

=== 数据集类别分布 ===

训练集 (896 个样本):
  move_object: 896 个样本

验证集 (112 个样本):
  move_object: 112 个样本

测试集 (113 个样本):
  move_object: 113 个样本
  处理批次 26, 样本 50 个
    [1122/2500] 处理: 93255
    [1123/2500] 处理: 103664
    [1124/2500] 处理: 116862
    ⚠️  无法提取帧: 116862
    [1124/2500] 处理: 2896
    [1125/2500] 处理: 98120
    [1126/2500] 处理: 217560
    [1127/2500] 处理: 124970
    [1128/2500] 处理: 165258
    [1129/2500] 处理: 11421
    [1130/2500] 处理: 149328
    [1131/2500] 处理: 12968
    [1132/2500] 处理: 53868
    [1133/2500] 处理: 63198
    [1134/2500] 处理: 215664
    [1135/2500] 处理: 8362
    [1136/2500] 处理: 30591
    [1137/2500] 处理: 11449
    [1138/2500] 处理: 206821
    [1139/2500] 处理: 218074
    [1140/2500] 处理: 28217
    ⚠️  无法提取帧: 28217
    [1140/2500] 处理: 111730
    ⚠️  无法提取帧: 111730
    [1140/2500] 处理: 181517
    [1141/2500] 处理: 9481
    [1142/2500] 处理: 122792
    [1143/2500] 处理: 133408
    [1144/2500] 处理: 118565
    [1145/2500] 处理: 184551
    [1146/2500] 处理: 178473
    ⚠️  无法提取帧: 178473
    [1146/2500] 处理: 159185
    [1147/2500] 处理: 82319
    [1148/2500] 处理: 123127
    ⚠️  无法提取帧: 123127
    [1148/2500] 处理: 169686
    ⚠️  无法提取帧: 169686
    [1148/2500] 处理: 165988
    [1149/2500] 处理: 214487
    [1150/2500] 处理: 62153
    [1151/2500] 处理: 150600
    [1152/2500] 处理: 80455
    [1153/2500] 处理: 125820
    [1154/2500] 处理: 213806
    [1155/2500] 处理: 87860
    [1156/2500] 处理: 208283
    ⚠️  无法提取帧: 208283
    [1156/2500] 处理: 208044
    [1157/2500] 处理: 20538
    [1158/2500] 处理: 36493
    [1159/2500] 处理: 60376
    [1160/2500] 处理: 101285
    [1161/2500] 处理: 65985
    [1162/2500] 处理: 190396
    [1163/2500] 处理: 51898
    [1164/2500] 处理: 70767

✅ 元数据已保存
   总样本数: 1164
   训练集: 931 (80%)
   验证集: 116 (10%)
   测试集: 117 (10%)
   帧设置: 输入前20帧 → 预测第25帧（跳过4帧）
   分辨率: 256x256

=== 数据集类别分布 ===

训练集 (931 个样本):
  move_object: 931 个样本

验证集 (116 个样本):
  move_object: 116 个样本

测试集 (117 个样本):
  move_object: 117 个样本
  处理批次 27, 样本 50 个
    [1165/2500] 处理: 149544
    ⚠️  无法提取帧: 149544
    [1165/2500] 处理: 137309
    [1166/2500] 处理: 146871
    [1167/2500] 处理: 146927
    [1168/2500] 处理: 115018
    [1169/2500] 处理: 122542
    [1170/2500] 处理: 132261
    ⚠️  无法提取帧: 132261
    [1170/2500] 处理: 154935
    [1171/2500] 处理: 47509
    [1172/2500] 处理: 202923
    [1173/2500] 处理: 191863
    ⚠️  无法提取帧: 191863
    [1173/2500] 处理: 83283
    [1174/2500] 处理: 144145
    [1175/2500] 处理: 121379
    [1176/2500] 处理: 68818
    [1177/2500] 处理: 134950
    [1178/2500] 处理: 81203
    [1179/2500] 处理: 47754
    [1180/2500] 处理: 139
    [1181/2500] 处理: 319
    [1182/2500] 处理: 105712
    [1183/2500] 处理: 180847
    [1184/2500] 处理: 45843
    [1185/2500] 处理: 87506
    [1186/2500] 处理: 190437
    [1187/2500] 处理: 68890
    [1188/2500] 处理: 157793
    [1189/2500] 处理: 84659
    ⚠️  无法提取帧: 84659
    [1189/2500] 处理: 55094
    ⚠️  无法提取帧: 55094
    [1189/2500] 处理: 191891
    [1190/2500] 处理: 212467
    [1191/2500] 处理: 92804
    [1192/2500] 处理: 58643
    [1193/2500] 处理: 40029
    [1194/2500] 处理: 153940
    [1195/2500] 处理: 164023
    [1196/2500] 处理: 139866
    ⚠️  无法提取帧: 139866
    [1196/2500] 处理: 129000
    [1197/2500] 处理: 104139
    [1198/2500] 处理: 24544
    [1199/2500] 处理: 141677
    [1200/2500] 处理: 144667
    [1201/2500] 处理: 95844
    [1202/2500] 处理: 63618
    [1203/2500] 处理: 71425
    [1204/2500] 处理: 109703
    [1205/2500] 处理: 159044
    ⚠️  无法提取帧: 159044
    [1205/2500] 处理: 195147
    [1206/2500] 处理: 2823
    [1207/2500] 处理: 18763

✅ 元数据已保存
   总样本数: 1207
   训练集: 965 (80%)
   验证集: 120 (10%)
   测试集: 122 (10%)
   帧设置: 输入前20帧 → 预测第25帧（跳过4帧）
   分辨率: 256x256

=== 数据集类别分布 ===

训练集 (965 个样本):
  move_object: 965 个样本

验证集 (120 个样本):
  move_object: 120 个样本

测试集 (122 个样本):
  move_object: 122 个样本
  处理批次 28, 样本 50 个
    [1208/2500] 处理: 177860
    [1209/2500] 处理: 205107
    [1210/2500] 处理: 53893
    [1211/2500] 处理: 37299
    [1212/2500] 处理: 146751
    [1213/2500] 处理: 108953
    [1214/2500] 处理: 131103
    [1215/2500] 处理: 59161
    [1216/2500] 处理: 120125
    [1217/2500] 处理: 46543
    [1218/2500] 处理: 52668
    [1219/2500] 处理: 50597
    [1220/2500] 处理: 142667
    [1221/2500] 处理: 27137
    [1222/2500] 处理: 70202
    [1223/2500] 处理: 152206
    [1224/2500] 处理: 129552
    [1225/2500] 处理: 5163
    [1226/2500] 处理: 12452
    [1227/2500] 处理: 67060
    [1228/2500] 处理: 198040
    [1229/2500] 处理: 157525
    [1230/2500] 处理: 43318
    [1231/2500] 处理: 100732
    [1232/2500] 处理: 108179
    [1233/2500] 处理: 24790
    [1234/2500] 处理: 145075
    [1235/2500] 处理: 184667
    [1236/2500] 处理: 28978
    [1237/2500] 处理: 145578
    [1238/2500] 处理: 68816
    ⚠️  无法提取帧: 68816
    [1238/2500] 处理: 190924
    [1239/2500] 处理: 67134
    [1240/2500] 处理: 13515
    [1241/2500] 处理: 3654
    [1242/2500] 处理: 36922
    [1243/2500] 处理: 175668
    [1244/2500] 处理: 89726
    [1245/2500] 处理: 52907
    [1246/2500] 处理: 167894
    [1247/2500] 处理: 212632
    [1248/2500] 处理: 147582
    [1249/2500] 处理: 78565
    ⚠️  无法提取帧: 78565
    [1249/2500] 处理: 41827
    [1250/2500] 处理: 8237
    [1251/2500] 处理: 118922
    [1252/2500] 处理: 9804
    [1253/2500] 处理: 7989
    [1254/2500] 处理: 178318
    [1255/2500] 处理: 138158

✅ 元数据已保存
   总样本数: 1255
   训练集: 1004 (80%)
   验证集: 125 (10%)
   测试集: 126 (10%)
   帧设置: 输入前20帧 → 预测第25帧（跳过4帧）
   分辨率: 256x256

=== 数据集类别分布 ===

训练集 (1004 个样本):
  move_object: 1004 个样本

验证集 (125 个样本):
  move_object: 125 个样本

测试集 (126 个样本):
  move_object: 126 个样本
  处理批次 29, 样本 50 个
    [1256/2500] 处理: 113262
    [1257/2500] 处理: 142937
    [1258/2500] 处理: 126268
    [1259/2500] 处理: 8155
    [1260/2500] 处理: 207693
    [1261/2500] 处理: 69982
    [1262/2500] 处理: 123241
    [1263/2500] 处理: 70033
    [1264/2500] 处理: 201453
    [1265/2500] 处理: 75349
    [1266/2500] 处理: 168552
    [1267/2500] 处理: 97225
    [1268/2500] 处理: 84629
    [1269/2500] 处理: 153554
    [1270/2500] 处理: 19052
    [1271/2500] 处理: 139656
    [1272/2500] 处理: 34710
    [1273/2500] 处理: 164845
    [1274/2500] 处理: 210127
    [1275/2500] 处理: 26053
    ⚠️  无法提取帧: 26053
    [1275/2500] 处理: 82180
    [1276/2500] 处理: 10760
    ⚠️  无法提取帧: 10760
    [1276/2500] 处理: 195708
    [1277/2500] 处理: 125328
    [1278/2500] 处理: 107529
    [1279/2500] 处理: 181722
    [1280/2500] 处理: 90846
    [1281/2500] 处理: 180235
    [1282/2500] 处理: 132731
    ⚠️  无法提取帧: 132731
    [1282/2500] 处理: 185583
    [1283/2500] 处理: 22080
    [1284/2500] 处理: 156086
    [1285/2500] 处理: 69974
    ⚠️  无法提取帧: 69974
    [1285/2500] 处理: 29238
    [1286/2500] 处理: 146893
    [1287/2500] 处理: 191714
    ⚠️  无法提取帧: 191714
    [1287/2500] 处理: 161767
    [1288/2500] 处理: 36366
    [1289/2500] 处理: 3760
    [1290/2500] 处理: 23520
    [1291/2500] 处理: 81193
    [1292/2500] 处理: 95092
    [1293/2500] 处理: 201797
    [1294/2500] 处理: 219185
    [1295/2500] 处理: 16763
    [1296/2500] 处理: 191986
    [1297/2500] 处理: 178087
    [1298/2500] 处理: 146380
    [1299/2500] 处理: 42459
    [1300/2500] 处理: 28561

✅ 元数据已保存
   总样本数: 1300
   训练集: 1040 (80%)
   验证集: 130 (10%)
   测试集: 130 (10%)
   帧设置: 输入前20帧 → 预测第25帧（跳过4帧）
   分辨率: 256x256

=== 数据集类别分布 ===

训练集 (1040 个样本):
  move_object: 1040 个样本

验证集 (130 个样本):
  move_object: 130 个样本

测试集 (130 个样本):
  move_object: 130 个样本
  处理批次 30, 样本 50 个
    [1301/2500] 处理: 38307
    [1302/2500] 处理: 48556
    [1303/2500] 处理: 36173
    [1304/2500] 处理: 137836
    [1305/2500] 处理: 124492
    [1306/2500] 处理: 109751
    [1307/2500] 处理: 100944
    [1308/2500] 处理: 188908
    [1309/2500] 处理: 61444
    [1310/2500] 处理: 35966
    [1311/2500] 处理: 163262
    [1312/2500] 处理: 56228
    [1313/2500] 处理: 63473
    [1314/2500] 处理: 163067
    [1315/2500] 处理: 188973
    [1316/2500] 处理: 199823
    [1317/2500] 处理: 79067
    [1318/2500] 处理: 96455
    [1319/2500] 处理: 192579
    [1320/2500] 处理: 76468
    [1321/2500] 处理: 55116
    [1322/2500] 处理: 171523
    [1323/2500] 处理: 177489
    [1324/2500] 处理: 79429
    [1325/2500] 处理: 92147
    [1326/2500] 处理: 15039
    [1327/2500] 处理: 147789
    [1328/2500] 处理: 34874
    [1329/2500] 处理: 165068
    [1330/2500] 处理: 157521
    [1331/2500] 处理: 59540
    [1332/2500] 处理: 54626
    [1333/2500] 处理: 97638
    [1334/2500] 处理: 186834
    [1335/2500] 处理: 158471
    [1336/2500] 处理: 174268
    [1337/2500] 处理: 166113
    [1338/2500] 处理: 79749
    [1339/2500] 处理: 108774
    ⚠️  无法提取帧: 108774
    [1339/2500] 处理: 183391
    [1340/2500] 处理: 183574
    [1341/2500] 处理: 189865
    [1342/2500] 处理: 69997
    [1343/2500] 处理: 140359
    [1344/2500] 处理: 72979
    [1345/2500] 处理: 30883
    [1346/2500] 处理: 36371
    [1347/2500] 处理: 115711
    [1348/2500] 处理: 56564
    [1349/2500] 处理: 86075

✅ 元数据已保存
   总样本数: 1349
   训练集: 1079 (80%)
   验证集: 134 (10%)
   测试集: 136 (10%)
   帧设置: 输入前20帧 → 预测第25帧（跳过4帧）
   分辨率: 256x256

=== 数据集类别分布 ===

训练集 (1079 个样本):
  move_object: 1079 个样本

验证集 (134 个样本):
  move_object: 134 个样本

测试集 (136 个样本):
  move_object: 136 个样本
  处理批次 31, 样本 50 个
    [1350/2500] 处理: 15500
    [1351/2500] 处理: 54804
    [1352/2500] 处理: 30948
    [1353/2500] 处理: 83566
    [1354/2500] 处理: 42334
    [1355/2500] 处理: 147530
    ⚠️  无法提取帧: 147530
    [1355/2500] 处理: 64971
    [1356/2500] 处理: 145457
    [1357/2500] 处理: 162743
    [1358/2500] 处理: 98721
    [1359/2500] 处理: 95890
    [1360/2500] 处理: 53058
    [1361/2500] 处理: 109294
    [1362/2500] 处理: 20299
    [1363/2500] 处理: 200601
    [1364/2500] 处理: 144337
    ⚠️  无法提取帧: 144337
    [1364/2500] 处理: 23460
    [1365/2500] 处理: 140972
    [1366/2500] 处理: 117279
    [1367/2500] 处理: 102331
    ⚠️  无法提取帧: 102331
    [1367/2500] 处理: 165382
    [1368/2500] 处理: 215214
    [1369/2500] 处理: 214913
    [1370/2500] 处理: 31206
    [1371/2500] 处理: 27063
    [1372/2500] 处理: 177967
    [1373/2500] 处理: 86331
    [1374/2500] 处理: 194316
    [1375/2500] 处理: 144227
    [1376/2500] 处理: 14669
    ⚠️  无法提取帧: 14669
    [1376/2500] 处理: 125904
    [1377/2500] 处理: 60818
    [1378/2500] 处理: 26408
    [1379/2500] 处理: 217500
    [1380/2500] 处理: 46464
    [1381/2500] 处理: 40870
    ⚠️  无法提取帧: 40870
    [1381/2500] 处理: 68546
    [1382/2500] 处理: 163412
    [1383/2500] 处理: 161622
    [1384/2500] 处理: 98125
    [1385/2500] 处理: 28440
    [1386/2500] 处理: 207662
    [1387/2500] 处理: 35996
    [1388/2500] 处理: 102368
    [1389/2500] 处理: 134326
    ⚠️  无法提取帧: 134326
    [1389/2500] 处理: 201916
    [1390/2500] 处理: 164168
    [1391/2500] 处理: 170486
    [1392/2500] 处理: 16524
    [1393/2500] 处理: 65415

✅ 元数据已保存
   总样本数: 1393
   训练集: 1114 (80%)
   验证集: 139 (10%)
   测试集: 140 (10%)
   帧设置: 输入前20帧 → 预测第25帧（跳过4帧）
   分辨率: 256x256

=== 数据集类别分布 ===

训练集 (1114 个样本):
  move_object: 1114 个样本

验证集 (139 个样本):
  move_object: 139 个样本

测试集 (140 个样本):
  move_object: 140 个样本
  处理批次 32, 样本 50 个
    [1394/2500] 处理: 34464
    ⚠️  无法提取帧: 34464
    [1394/2500] 处理: 198148
    [1395/2500] 处理: 89966
    [1396/2500] 处理: 63722
    [1397/2500] 处理: 202606
    [1398/2500] 处理: 19586
    [1399/2500] 处理: 154828
    [1400/2500] 处理: 116
    [1401/2500] 处理: 123104
    [1402/2500] 处理: 88499
    [1403/2500] 处理: 40292
    [1404/2500] 处理: 117169
    [1405/2500] 处理: 24189
    [1406/2500] 处理: 93629
    [1407/2500] 处理: 199501
    [1408/2500] 处理: 177472
    [1409/2500] 处理: 136053
    [1410/2500] 处理: 44960
    [1411/2500] 处理: 195923
    [1412/2500] 处理: 159482
    [1413/2500] 处理: 207580
    [1414/2500] 处理: 172310
    [1415/2500] 处理: 152527
    [1416/2500] 处理: 198857
    [1417/2500] 处理: 184585
    ⚠️  无法提取帧: 184585
    [1417/2500] 处理: 146831
    [1418/2500] 处理: 45442
    [1419/2500] 处理: 105928
    [1420/2500] 处理: 113805
    [1421/2500] 处理: 129898
    [1422/2500] 处理: 87490
    [1423/2500] 处理: 85637
    [1424/2500] 处理: 99755
    [1425/2500] 处理: 184461
    ⚠️  无法提取帧: 184461
    [1425/2500] 处理: 21681
    [1426/2500] 处理: 157888
    [1427/2500] 处理: 54460
    [1428/2500] 处理: 9176
    ⚠️  无法提取帧: 9176
    [1428/2500] 处理: 115109
    [1429/2500] 处理: 48720
    [1430/2500] 处理: 152759
    [1431/2500] 处理: 669
    [1432/2500] 处理: 76030
    [1433/2500] 处理: 101630
    [1434/2500] 处理: 51814
    [1435/2500] 处理: 29301
    [1436/2500] 处理: 208597
    [1437/2500] 处理: 190224
    [1438/2500] 处理: 34274
    [1439/2500] 处理: 167276

✅ 元数据已保存
   总样本数: 1439
   训练集: 1151 (80%)
   验证集: 143 (10%)
   测试集: 145 (10%)
   帧设置: 输入前20帧 → 预测第25帧（跳过4帧）
   分辨率: 256x256

=== 数据集类别分布 ===

训练集 (1151 个样本):
  move_object: 1151 个样本

验证集 (143 个样本):
  move_object: 143 个样本

测试集 (145 个样本):
  move_object: 145 个样本
  处理批次 33, 样本 50 个
    [1440/2500] 处理: 15734
    [1441/2500] 处理: 32431
    [1442/2500] 处理: 15649
    [1443/2500] 处理: 60177
    [1444/2500] 处理: 80358
    [1445/2500] 处理: 120889
    [1446/2500] 处理: 219829
    [1447/2500] 处理: 88822
    [1448/2500] 处理: 178623
    [1449/2500] 处理: 85355
    [1450/2500] 处理: 169016
    [1451/2500] 处理: 98945
    [1452/2500] 处理: 137340
    [1453/2500] 处理: 122811
    [1454/2500] 处理: 33066
    [1455/2500] 处理: 98824
    [1456/2500] 处理: 84507
    [1457/2500] 处理: 100871
    [1458/2500] 处理: 30817
    [1459/2500] 处理: 7587
    [1460/2500] 处理: 18704
    [1461/2500] 处理: 107456
    ⚠️  无法提取帧: 107456
    [1461/2500] 处理: 82295
    [1462/2500] 处理: 54746
    [1463/2500] 处理: 87613
    [1464/2500] 处理: 136213
    [1465/2500] 处理: 199366
    [1466/2500] 处理: 83013
    [1467/2500] 处理: 181321
    [1468/2500] 处理: 208982
    [1469/2500] 处理: 202447
    [1470/2500] 处理: 39736
    [1471/2500] 处理: 13412
    ⚠️  无法提取帧: 13412
    [1471/2500] 处理: 170573
    [1472/2500] 处理: 123785
    [1473/2500] 处理: 190643
    [1474/2500] 处理: 49528
    ⚠️  无法提取帧: 49528
    [1474/2500] 处理: 35730
    [1475/2500] 处理: 81111
    [1476/2500] 处理: 30593
    ⚠️  无法提取帧: 30593
    [1476/2500] 处理: 190113
    [1477/2500] 处理: 149441
    [1478/2500] 处理: 124658
    [1479/2500] 处理: 126461
    [1480/2500] 处理: 211065
    ⚠️  无法提取帧: 211065
    [1480/2500] 处理: 26396
    [1481/2500] 处理: 122807
    ⚠️  无法提取帧: 122807
    [1481/2500] 处理: 212588
    [1482/2500] 处理: 48207
    [1483/2500] 处理: 131894

✅ 元数据已保存
   总样本数: 1483
   训练集: 1186 (80%)
   验证集: 148 (10%)
   测试集: 149 (10%)
   帧设置: 输入前20帧 → 预测第25帧（跳过4帧）
   分辨率: 256x256

=== 数据集类别分布 ===

训练集 (1186 个样本):
  move_object: 1186 个样本

验证集 (148 个样本):
  move_object: 148 个样本

测试集 (149 个样本):
  move_object: 149 个样本
  处理批次 34, 样本 50 个
    [1484/2500] 处理: 193619
    [1485/2500] 处理: 19505
    [1486/2500] 处理: 23946
    [1487/2500] 处理: 189600
    [1488/2500] 处理: 203694
    [1489/2500] 处理: 161096
    [1490/2500] 处理: 128423
    [1491/2500] 处理: 1341
    [1492/2500] 处理: 136461
    [1493/2500] 处理: 34639
    [1494/2500] 处理: 97365
    [1495/2500] 处理: 107627
    [1496/2500] 处理: 168030
    [1497/2500] 处理: 160668
    [1498/2500] 处理: 154614
    [1499/2500] 处理: 187073
    [1500/2500] 处理: 145883
    [1501/2500] 处理: 93556
    ⚠️  无法提取帧: 93556
    [1501/2500] 处理: 81321
    [1502/2500] 处理: 167884
    [1503/2500] 处理: 118940
    ⚠️  无法提取帧: 118940
    [1503/2500] 处理: 195199
    [1504/2500] 处理: 70860
    [1505/2500] 处理: 123856
    [1506/2500] 处理: 75926
    [1507/2500] 处理: 47260
    [1508/2500] 处理: 161843
    ⚠️  无法提取帧: 161843
    [1508/2500] 处理: 85206
    [1509/2500] 处理: 150536
    [1510/2500] 处理: 60704
    [1511/2500] 处理: 110764
    [1512/2500] 处理: 82341
    [1513/2500] 处理: 203540
    [1514/2500] 处理: 88331
    [1515/2500] 处理: 88685
    [1516/2500] 处理: 84814
    [1517/2500] 处理: 163363
    [1518/2500] 处理: 34041
    [1519/2500] 处理: 41433
    [1520/2500] 处理: 134229
    ⚠️  无法提取帧: 134229
    [1520/2500] 处理: 68438
    [1521/2500] 处理: 196081
    [1522/2500] 处理: 148259
    [1523/2500] 处理: 81989
    [1524/2500] 处理: 140550
    [1525/2500] 处理: 40603
    [1526/2500] 处理: 81341
    ⚠️  无法提取帧: 81341
    [1526/2500] 处理: 92897
    [1527/2500] 处理: 182889
    [1528/2500] 处理: 104753

✅ 元数据已保存
   总样本数: 1528
   训练集: 1222 (80%)
   验证集: 152 (10%)
   测试集: 154 (10%)
   帧设置: 输入前20帧 → 预测第25帧（跳过4帧）
   分辨率: 256x256

=== 数据集类别分布 ===

训练集 (1222 个样本):
  move_object: 1222 个样本

验证集 (152 个样本):
  move_object: 152 个样本

测试集 (154 个样本):
  move_object: 154 个样本
  处理批次 35, 样本 50 个
    [1529/2500] 处理: 22071
    [1530/2500] 处理: 137807
    [1531/2500] 处理: 140790
    [1532/2500] 处理: 98175
    [1533/2500] 处理: 89117
    [1534/2500] 处理: 120713
    [1535/2500] 处理: 47265
    ⚠️  无法提取帧: 47265
    [1535/2500] 处理: 19236
    [1536/2500] 处理: 1182
    [1537/2500] 处理: 80610
    [1538/2500] 处理: 206116
    [1539/2500] 处理: 194509
    [1540/2500] 处理: 98001
    [1541/2500] 处理: 86169
    [1542/2500] 处理: 104763
    [1543/2500] 处理: 149421
    [1544/2500] 处理: 30102
    [1545/2500] 处理: 73849
    [1546/2500] 处理: 34391
    [1547/2500] 处理: 50896
    [1548/2500] 处理: 185187
    [1549/2500] 处理: 108653
    [1550/2500] 处理: 120490
    [1551/2500] 处理: 26147
    ⚠️  无法提取帧: 26147
    [1551/2500] 处理: 53881
    [1552/2500] 处理: 95872
    [1553/2500] 处理: 115985
    [1554/2500] 处理: 163886
    [1555/2500] 处理: 158061
    [1556/2500] 处理: 97628
    [1557/2500] 处理: 140431
    [1558/2500] 处理: 189416
    ⚠️  无法提取帧: 189416
    [1558/2500] 处理: 68364
    [1559/2500] 处理: 96472
    [1560/2500] 处理: 20953
    [1561/2500] 处理: 193077
    [1562/2500] 处理: 145408
    [1563/2500] 处理: 131725
    [1564/2500] 处理: 41703
    [1565/2500] 处理: 67623
    [1566/2500] 处理: 84420
    [1567/2500] 处理: 49310
    [1568/2500] 处理: 73912
    [1569/2500] 处理: 145846
    [1570/2500] 处理: 195342
    [1571/2500] 处理: 13587
    [1572/2500] 处理: 83216
    ⚠️  无法提取帧: 83216
    [1572/2500] 处理: 114194
    [1573/2500] 处理: 185683
    [1574/2500] 处理: 146036
    ⚠️  无法提取帧: 146036

✅ 元数据已保存
   总样本数: 1573
   训练集: 1258 (80%)
   验证集: 157 (10%)
   测试集: 158 (10%)
   帧设置: 输入前20帧 → 预测第25帧（跳过4帧）
   分辨率: 256x256

=== 数据集类别分布 ===

训练集 (1258 个样本):
  move_object: 1258 个样本

验证集 (157 个样本):
  move_object: 157 个样本

测试集 (158 个样本):
  move_object: 158 个样本
  处理批次 36, 样本 50 个
    [1574/2500] 处理: 139695
    [1575/2500] 处理: 177424
    [1576/2500] 处理: 74357
    ⚠️  无法提取帧: 74357
    [1576/2500] 处理: 135305
    [1577/2500] 处理: 139075
    [1578/2500] 处理: 16208
    [1579/2500] 处理: 214607
    ⚠️  无法提取帧: 214607
    [1579/2500] 处理: 175819
    ⚠️  无法提取帧: 175819
    [1579/2500] 处理: 62238
    [1580/2500] 处理: 27950
    [1581/2500] 处理: 17375
    [1582/2500] 处理: 38727
    [1583/2500] 处理: 19213
    [1584/2500] 处理: 118796
    [1585/2500] 处理: 86598
    [1586/2500] 处理: 212515
    [1587/2500] 处理: 181262
    [1588/2500] 处理: 174026
    ⚠️  无法提取帧: 174026
    [1588/2500] 处理: 133802
    [1589/2500] 处理: 205498
    [1590/2500] 处理: 64904
    [1591/2500] 处理: 40442
    [1592/2500] 处理: 210399
    ⚠️  无法提取帧: 210399
    [1592/2500] 处理: 46818
    [1593/2500] 处理: 95112
    [1594/2500] 处理: 5404
    [1595/2500] 处理: 177220
    [1596/2500] 处理: 8395
    [1597/2500] 处理: 5358
    [1598/2500] 处理: 176537
    [1599/2500] 处理: 937
    [1600/2500] 处理: 5283
    ⚠️  无法提取帧: 5283
    [1600/2500] 处理: 117908
    [1601/2500] 处理: 195956
    [1602/2500] 处理: 154490
    [1603/2500] 处理: 21315
    [1604/2500] 处理: 21682
    [1605/2500] 处理: 185243
    [1606/2500] 处理: 40278
    ⚠️  无法提取帧: 40278
    [1606/2500] 处理: 8805
    [1607/2500] 处理: 126329
    [1608/2500] 处理: 196878
    [1609/2500] 处理: 52439
    [1610/2500] 处理: 69648
    [1611/2500] 处理: 79627
    [1612/2500] 处理: 40658
    [1613/2500] 处理: 105597
    [1614/2500] 处理: 55054
    [1615/2500] 处理: 189422
    [1616/2500] 处理: 132806
    ⚠️  无法提取帧: 132806

✅ 元数据已保存
   总样本数: 1615
   训练集: 1292 (80%)
   验证集: 161 (10%)
   测试集: 162 (10%)
   帧设置: 输入前20帧 → 预测第25帧（跳过4帧）
   分辨率: 256x256

=== 数据集类别分布 ===

训练集 (1292 个样本):
  move_object: 1292 个样本

验证集 (161 个样本):
  move_object: 161 个样本

测试集 (162 个样本):
  move_object: 162 个样本
  处理批次 37, 样本 50 个
    [1616/2500] 处理: 220488
    [1617/2500] 处理: 13958
    ⚠️  无法提取帧: 13958
    [1617/2500] 处理: 93028
    [1618/2500] 处理: 80066
    [1619/2500] 处理: 86747
    [1620/2500] 处理: 96144
    [1621/2500] 处理: 129273
    [1622/2500] 处理: 20815
    [1623/2500] 处理: 118770
    [1624/2500] 处理: 10728
    [1625/2500] 处理: 160833
    [1626/2500] 处理: 11821
    [1627/2500] 处理: 210764
    [1628/2500] 处理: 82376
    [1629/2500] 处理: 52503
    [1630/2500] 处理: 72664
    [1631/2500] 处理: 80966
    [1632/2500] 处理: 206532
    [1633/2500] 处理: 79848
    [1634/2500] 处理: 48637
    [1635/2500] 处理: 194125
    [1636/2500] 处理: 109382
    [1637/2500] 处理: 102895
    [1638/2500] 处理: 205540
    [1639/2500] 处理: 148510
    ⚠️  无法提取帧: 148510
    [1639/2500] 处理: 74153
    [1640/2500] 处理: 50420
    ⚠️  无法提取帧: 50420
    [1640/2500] 处理: 32828
    [1641/2500] 处理: 140472
    [1642/2500] 处理: 120627
    [1643/2500] 处理: 207923
    [1644/2500] 处理: 107817
    [1645/2500] 处理: 219831
    [1646/2500] 处理: 28549
    [1647/2500] 处理: 20491
    [1648/2500] 处理: 52140
    ⚠️  无法提取帧: 52140
    [1648/2500] 处理: 170313
    [1649/2500] 处理: 186626
    [1650/2500] 处理: 58852
    [1651/2500] 处理: 132009
    [1652/2500] 处理: 27877
    [1653/2500] 处理: 160664
    [1654/2500] 处理: 18686
    [1655/2500] 处理: 180770
    [1656/2500] 处理: 69872
    [1657/2500] 处理: 109291
    [1658/2500] 处理: 137492
    ⚠️  无法提取帧: 137492
    [1658/2500] 处理: 134054
    [1659/2500] 处理: 15098
    [1660/2500] 处理: 157248
    ⚠️  无法提取帧: 157248

✅ 元数据已保存
   总样本数: 1659
   训练集: 1327 (80%)
   验证集: 165 (10%)
   测试集: 167 (10%)
   帧设置: 输入前20帧 → 预测第25帧（跳过4帧）
   分辨率: 256x256

=== 数据集类别分布 ===

训练集 (1327 个样本):
  move_object: 1327 个样本

验证集 (165 个样本):
  move_object: 165 个样本

测试集 (167 个样本):
  move_object: 167 个样本
  处理批次 38, 样本 50 个
    [1660/2500] 处理: 106288
    [1661/2500] 处理: 148505
    [1662/2500] 处理: 39361
    [1663/2500] 处理: 7439
    [1664/2500] 处理: 132683
    [1665/2500] 处理: 126341
    [1666/2500] 处理: 39929
    [1667/2500] 处理: 92612
    [1668/2500] 处理: 122613
    [1669/2500] 处理: 217052
    [1670/2500] 处理: 163686
    [1671/2500] 处理: 149689
    [1672/2500] 处理: 121127
    [1673/2500] 处理: 33022
    [1674/2500] 处理: 72046
    [1675/2500] 处理: 160217
    [1676/2500] 处理: 135485
    [1677/2500] 处理: 185186
    [1678/2500] 处理: 120
    [1679/2500] 处理: 7345
    [1680/2500] 处理: 40283
    [1681/2500] 处理: 120073
    [1682/2500] 处理: 167842
    [1683/2500] 处理: 210653
    [1684/2500] 处理: 216867
    [1685/2500] 处理: 135156
    [1686/2500] 处理: 113947
    [1687/2500] 处理: 176767
    ⚠️  无法提取帧: 176767
    [1687/2500] 处理: 114979
    [1688/2500] 处理: 197851
    [1689/2500] 处理: 24424
    ⚠️  无法提取帧: 24424
    [1689/2500] 处理: 134482
    [1690/2500] 处理: 47679
    [1691/2500] 处理: 23448
    ⚠️  无法提取帧: 23448
    [1691/2500] 处理: 43486
    [1692/2500] 处理: 215814
    [1693/2500] 处理: 12543
    [1694/2500] 处理: 55111
    [1695/2500] 处理: 72281
    ⚠️  无法提取帧: 72281
    [1695/2500] 处理: 134027
    [1696/2500] 处理: 183670
    [1697/2500] 处理: 179857
    [1698/2500] 处理: 78647
    [1699/2500] 处理: 49258
    [1700/2500] 处理: 180810
    [1701/2500] 处理: 191097
    ⚠️  无法提取帧: 191097
    [1701/2500] 处理: 209818
    [1702/2500] 处理: 214409
    ⚠️  无法提取帧: 214409
    [1702/2500] 处理: 147558
    [1703/2500] 处理: 10542

✅ 元数据已保存
   总样本数: 1703
   训练集: 1362 (80%)
   验证集: 170 (10%)
   测试集: 171 (10%)
   帧设置: 输入前20帧 → 预测第25帧（跳过4帧）
   分辨率: 256x256

=== 数据集类别分布 ===

训练集 (1362 个样本):
  move_object: 1362 个样本

验证集 (170 个样本):
  move_object: 170 个样本

测试集 (171 个样本):
  move_object: 171 个样本
  处理批次 39, 样本 50 个
    [1704/2500] 处理: 215959
    [1705/2500] 处理: 50536
    [1706/2500] 处理: 207586
    [1707/2500] 处理: 15660
    [1708/2500] 处理: 87214
    [1709/2500] 处理: 115155
    [1710/2500] 处理: 214080
    [1711/2500] 处理: 20952
    [1712/2500] 处理: 114436
    [1713/2500] 处理: 39348
    [1714/2500] 处理: 115258
    [1715/2500] 处理: 212995
    [1716/2500] 处理: 205415
    [1717/2500] 处理: 91445
    [1718/2500] 处理: 212181
    [1719/2500] 处理: 160499
    [1720/2500] 处理: 29067
    ⚠️  无法提取帧: 29067
    [1720/2500] 处理: 123589
    [1721/2500] 处理: 163459
    [1722/2500] 处理: 138717
    [1723/2500] 处理: 205904